Starting server...Load arg=35000...Use n=35000 to load shuffling... Message queue '/A' removed from system. Message queue '/B' removed from system. OK
1653076349139198794::	Server Work::693us
1653076349139204591::	Server Sleep::3us
1653076349139253783::Server Total::697us
1653076349208857983::	Server Work::693us
1653076349208861539::	Server Sleep::3us
1653076349208870485::Server Total::696us
1653076349278457664::	Server Work::692us
1653076349278461294::	Server Sleep::3us
1653076349278466721::Server Total::695us
1653076349348103574::	Server Work::693us
1653076349348107148::	Server Sleep::3us
1653076349348112760::Server Total::696us
1653076349417749483::	Server Work::692us
1653076349417753817::	Server Sleep::3us
1653076349417760263::Server Total::696us
1653076349487376279::	Server Work::693us
1653076349487379817::	Server Sleep::3us
1653076349487385577::Server Total::696us
1653076349557051175::	Server Work::693us
1653076349557059509::	Server Sleep::3us
1653076349557064825::Server Total::696us
1653076349626667691::	Server Work::692us
1653076349626671173::	Server Sleep::3us
1653076349626676378::Server Total::696us
1653076349696311508::	Server Work::693us
1653076349696315138::	Server Sleep::3us
1653076349696320454::Server Total::696us
1653076349765932877::	Server Work::692us
1653076349765936304::	Server Sleep::3us
1653076349765942045::Server Total::696us
1653076349835554284::	Server Work::692us
1653076349835558136::	Server Sleep::3us
1653076349835563674::Server Total::695us
1653076349905154761::	Server Work::693us
1653076349905158280::	Server Sleep::3us
1653076349905163614::Server Total::696us
1653076349974810024::	Server Work::692us
1653076349974813691::	Server Sleep::3us
1653076349974819081::Server Total::696us
1653076350044416145::	Server Work::693us
1653076350044419627::	Server Sleep::3us
1653076350044425202::Server Total::696us
1653076350158535461::	Server Work::694us
1653076350159242877::	Server Sleep::453us
1653076350159267436::Server Total::1148us
1653076350298529781::	Server Work::694us
1653076350299236456::	Server Sleep::705us
1653076350299243346::Server Total::1399us
1653076350438530880::	Server Work::694us
1653076350439237980::	Server Sleep::705us
1653076350439245111::Server Total::1399us
1653076350578562094::	Server Work::694us
1653076350579267342::	Server Sleep::704us
1653076350579274418::Server Total::1400us
1653076350718546580::	Server Work::694us
1653076350719253198::	Server Sleep::705us
1653076350719260384::Server Total::1400us
1653076350858525008::	Server Work::694us
1653076350859228553::	Server Sleep::705us
1653076350859234387::Server Total::1399us
1653076350998533812::	Server Work::694us
1653076350999239227::	Server Sleep::705us
1653076350999245061::Server Total::1399us
1653076351161142726::	Server Work::701us
1653076351161170118::	Server Sleep::917us
1653076351161203216::Server Total::1619us
1653076351234354746::	Server Work::702us
1653076351234381917::	Server Sleep::29us
1653076351234405754::Server Total::732us
1653076351306330536::	Server Work::695us
1653076351306353372::	Server Sleep::23us
1653076351306375968::Server Total::719us
1653076351378092757::	Server Work::695us
1653076351378116853::	Server Sleep::21us
1653076351378130429::Server Total::717us
1653076351449893651::	Server Work::695us
1653076351449916692::	Server Sleep::22us
1653076351449927527::Server Total::718us
1653076351521716623::	Server Work::695us
1653076351521739830::	Server Sleep::23us
1653076351521747127::Server Total::717us
1653076351593530574::	Server Work::695us
1653076351593553892::	Server Sleep::22us
1653076351593563227::Server Total::718us
1653076351665323875::	Server Work::694us
1653076351665347248::	Server Sleep::22us
1653076351665355009::Server Total::718us
1653076351737150254::	Server Work::695us
1653076351737173313::	Server Sleep::22us
1653076351737179869::Server Total::717us
1653076351808959223::	Server Work::695us
1653076351808982726::	Server Sleep::23us
1653076351808991191::Server Total::718us
1653076351880750449::	Server Work::694us
1653076351880773508::	Server Sleep::22us
1653076351880780787::Server Total::717us
1653076351952553066::	Server Work::695us
1653076351952576180::	Server Sleep::22us
1653076351952659303::Server Total::719us
1653076352024432940::	Server Work::696us
1653076352024456036::	Server Sleep::22us
1653076352024465889::Server Total::717us
1653076352096243174::	Server Work::694us
1653076352096266788::	Server Sleep::22us
1653076352096276993::Server Total::718us
1653076352217865303::	Server Work::695us
1653076352217888584::	Server Sleep::521us
1653076352217899956::Server Total::1215us
1653076352289678389::	Server Work::695us
1653076352289702040::	Server Sleep::22us
1653076352289709041::Server Total::718us
1653076352361450951::	Server Work::694us
1653076352361473806::	Server Sleep::22us
1653076352361480159::Server Total::717us
1653076352433225772::	Server Work::695us
1653076352433249294::	Server Sleep::22us
1653076352433257036::Server Total::718us
1653076352505018337::	Server Work::694us
1653076352505041377::	Server Sleep::23us
1653076352505048508::Server Total::717us
1653076352576785602::	Server Work::695us
1653076352576808809::	Server Sleep::22us
1653076352576815736::Server Total::717us
1653076352648572129::	Server Work::694us
1653076352648594984::	Server Sleep::22us
1653076352648602022::Server Total::717us
1653076352720370954::	Server Work::695us
1653076352720394309::	Server Sleep::22us
1653076352720402088::Server Total::718us
1653076352792161314::	Server Work::694us
1653076352792184040::	Server Sleep::23us
1653076352792191059::Server Total::717us
1653076352863939618::	Server Work::695us
1653076352863962936::	Server Sleep::22us
1653076352863969641::Server Total::718us
1653076352935757946::	Server Work::695us
1653076352935781116::	Server Sleep::22us
1653076352935796155::Server Total::717us
1653076353007947883::	Server Work::695us
1653076353007976387::	Server Sleep::26us
1653076353007998743::Server Total::722us
1653076353080090799::	Server Work::694us
1653076353080116784::	Server Sleep::25us
1653076353080124415::Server Total::721us
1653076353201625251::	Server Work::695us
1653076353201652810::	Server Sleep::519us
1653076353201662978::Server Total::1214us
1653076353273748960::	Server Work::695us
1653076353273775149::	Server Sleep::26us
1653076353273781539::Server Total::721us
1653076353345867391::	Server Work::694us
1653076353345894042::	Server Sleep::26us
1653076353345901062::Server Total::721us
1653076353418015751::	Server Work::695us
1653076353418041959::	Server Sleep::25us
1653076353418049775::Server Total::721us
1653076353490150666::	Server Work::694us
1653076353490177207::	Server Sleep::25us
1653076353490183170::Server Total::721us
1653076353562282357::	Server Work::695us
1653076353562308732::	Server Sleep::26us
1653076353562315807::Server Total::720us
1653076353634425051::	Server Work::694us
1653076353634452629::	Server Sleep::26us
1653076353634459278::Server Total::721us
1653076353706556891::	Server Work::695us
1653076353706583302::	Server Sleep::25us
1653076353706589599::Server Total::721us
1653076353778692101::	Server Work::694us
1653076353778718679::	Server Sleep::26us
1653076353778725365::Server Total::721us
1653076353850851112::	Server Work::695us
1653076353850882783::	Server Sleep::26us
1653076353850889562::Server Total::721us
1653076353922989934::	Server Work::695us
1653076353923017512::	Server Sleep::25us
1653076353923023810::Server Total::721us
1653076353995127608::	Server Work::694us
1653076353995154760::	Server Sleep::26us
1653076353995161354::Server Total::721us
1653076354067270470::	Server Work::695us
1653076354067297974::	Server Sleep::25us
1653076354067304808::Server Total::721us
1653076354189334832::	Server Work::694us
1653076354189361872::	Server Sleep::525us
1653076354189371096::Server Total::1220us
1653076354261464212::	Server Work::695us
1653076354261492179::	Server Sleep::26us
1653076354261498791::Server Total::721us
1653076354333611502::	Server Work::694us
1653076354333638321::	Server Sleep::26us
1653076354333644563::Server Total::720us
1653076354405762238::	Server Work::695us
1653076354405789316::	Server Sleep::26us
1653076354405796206::Server Total::722us
1653076354477881728::	Server Work::694us
1653076354477908287::	Server Sleep::26us
1653076354478025212::Server Total::721us
1653076354550121328::	Server Work::696us
1653076354550148832::	Server Sleep::25us
1653076354550163149::Server Total::721us
1653076354622267489::	Server Work::694us
1653076354622294178::	Server Sleep::26us
1653076354622300493::Server Total::721us
1653076354694391220::	Server Work::695us
1653076354694418317::	Server Sleep::26us
1653076354694424225::Server Total::721us
1653076354766515396::	Server Work::694us
1653076354766541900::	Server Sleep::25us
1653076354766548456::Server Total::721us
1653076354838658408::	Server Work::695us
1653076354838685708::	Server Sleep::26us
1653076354838692543::Server Total::721us
1653076354910785362::	Server Work::694us
1653076354910811996::	Server Sleep::26us
1653076354910817867::Server Total::720us
1653076354982930134::	Server Work::695us
1653076354982957953::	Server Sleep::26us
1653076354982964398::Server Total::721us
1653076355055078366::	Server Work::694us
1653076355055105703::	Server Sleep::25us
1653076355055112260::Server Total::721us
1653076355177053474::	Server Work::694us
1653076355177080848::	Server Sleep::525us
1653076355177087534::Server Total::1220us
1653076355249181783::	Server Work::695us
1653076355249208083::	Server Sleep::26us
1653076355249214640::Server Total::720us
1653076355321331688::	Server Work::694us
1653076355321358174::	Server Sleep::25us
1653076355321364304::Server Total::721us
1653076355393475333::	Server Work::695us
1653076355393501967::	Server Sleep::26us
1653076355393508801::Server Total::721us
1653076355465613181::	Server Work::694us
1653076355465640296::	Server Sleep::26us
1653076355465647019::Server Total::721us
1653076355537735879::	Server Work::695us
1653076355537762290::	Server Sleep::26us
1653076355537767976::Server Total::721us
1653076355609872356::	Server Work::694us
1653076355609899193::	Server Sleep::26us
1653076355609905546::Server Total::721us
1653076355682034652::	Server Work::695us
1653076355682063582::	Server Sleep::25us
1653076355682081473::Server Total::721us
1653076355754203041::	Server Work::695us
1653076355754230322::	Server Sleep::26us
1653076355754239342::Server Total::721us
1653076355826334943::	Server Work::694us
1653076355826361243::	Server Sleep::26us
1653076355826367559::Server Total::721us
1653076355898483126::	Server Work::695us
1653076355898510593::	Server Sleep::26us
1653076355898518057::Server Total::721us
1653076355970618177::	Server Work::694us
1653076355970644255::	Server Sleep::25us
1653076355970650033::Server Total::721us
1653076356042766982::	Server Work::695us
1653076356042794357::	Server Sleep::26us
1653076356042801284::Server Total::721us
1653076356164872219::	Server Work::694us
1653076356164898963::	Server Sleep::525us
1653076356164908761::Server Total::1220us
1653076356237025923::	Server Work::695us
1653076356237052945::	Server Sleep::26us
1653076356237059520::Server Total::721us
1653076356309166237::	Server Work::695us
1653076356309192574::	Server Sleep::26us
1653076356309200019::Server Total::721us
1653076356381296604::	Server Work::694us
1653076356381323386::	Server Sleep::25us
1653076356381329628::Server Total::721us
1653076356453426879::	Server Work::695us
1653076356453452957::	Server Sleep::26us
1653076356453460125::Server Total::721us
1653076356525567601::	Server Work::694us
1653076356525594401::	Server Sleep::26us
1653076356525600439::Server Total::721us
1653076356597701673::	Server Work::695us
1653076356597728010::	Server Sleep::25us
1653076356597735696::Server Total::721us
1653076356669814482::	Server Work::694us
1653076356669841653::	Server Sleep::26us
1653076356669848635::Server Total::720us
1653076356741970224::	Server Work::695us
1653076356741996302::	Server Sleep::26us
1653076356742002284::Server Total::721us
1653076356814103518::	Server Work::694us
1653076356814130318::	Server Sleep::25us
1653076356814136300::Server Total::721us
1653076356886243220::	Server Work::695us
1653076356886269409::	Server Sleep::26us
1653076356886275744::Server Total::721us
1653076356958372681::	Server Work::694us
1653076356958400203::	Server Sleep::26us
1653076356958475714::Server Total::722us
1653076357030592865::	Server Work::695us
1653076357030619554::	Server Sleep::26us
1653076357030628741::Server Total::721us
1653076357152575507::	Server Work::695us
1653076357152602585::	Server Sleep::524us
1653076357152609679::Server Total::1219us
1653076357224714841::	Server Work::694us
1653076357224741085::	Server Sleep::26us
1653076357224747438::Server Total::721us
1653076357296856934::	Server Work::695us
1653076357296884012::	Server Sleep::25us
1653076357296890254::Server Total::721us
1653076357369005899::	Server Work::695us
1653076357369032144::	Server Sleep::26us
1653076357369038422::Server Total::721us
1653076357441146252::	Server Work::694us
1653076357441173515::	Server Sleep::26us
1653076357441180071::Server Total::721us
1653076357513281103::	Server Work::695us
1653076357513307237::	Server Sleep::26us
1653076357513313145::Server Total::720us
1653076357585417678::	Server Work::694us
1653076357585444293::	Server Sleep::25us
1653076357585450979::Server Total::721us
1653076357657563901::	Server Work::695us
1653076357657590238::	Server Sleep::26us
1653076357657596925::Server Total::721us
1653076357729689752::	Server Work::694us
1653076357729716515::	Server Sleep::25us
1653076357729722701::Server Total::721us
1653076357801822344::	Server Work::695us
1653076357801848551::	Server Sleep::26us
1653076357801854274::Server Total::721us
1653076357873948602::	Server Work::694us
1653076357873976087::	Server Sleep::26us
1653076357873985829::Server Total::721us
1653076357946100548::	Server Work::695us
1653076357946127589::	Server Sleep::26us
1653076357946141906::Server Total::721us
1653076358018254240::	Server Work::694us
1653076358018281763::	Server Sleep::25us
1653076358018290634::Server Total::721us
1653076358090376517::	Server Work::695us
1653076358090403243::	Server Sleep::26us
1653076358090409411::Server Total::720us
1653076358212561222::	Server Work::694us
1653076358212588892::	Server Sleep::526us
1653076358212597819::Server Total::1222us
1653076358284691907::	Server Work::695us
1653076358284718300::	Server Sleep::26us
1653076358284725727::Server Total::721us
1653076358356830168::	Server Work::694us
1653076358356857209::	Server Sleep::26us
1653076358356863802::Server Total::721us
1653076358429019862::	Server Work::695us
1653076358429046699::	Server Sleep::26us
1653076358429066406::Server Total::721us
1653076358501186683::	Server Work::695us
1653076358501214779::	Server Sleep::25us
1653076358501222817::Server Total::721us
1653076358573341575::	Server Work::695us
1653076358573367764::	Server Sleep::26us
1653076358573374136::Server Total::721us
1653076358645479336::	Server Work::694us
1653076358645506840::	Server Sleep::26us
1653076358645514174::Server Total::721us
1653076358717627172::	Server Work::695us
1653076358717653491::	Server Sleep::26us
1653076358717659584::Server Total::721us
1653076358789754394::	Server Work::694us
1653076358789781102::	Server Sleep::25us
1653076358789786807::Server Total::721us
1653076358861888284::	Server Work::695us
1653076358861914825::	Server Sleep::26us
1653076358861920659::Server Total::721us
1653076358934061791::	Server Work::694us
1653076358934088443::	Server Sleep::26us
1653076358934094777::Server Total::721us
1653076359006205387::	Server Work::695us
1653076359006232002::	Server Sleep::26us
1653076359006237706::Server Total::721us
1653076359078354557::	Server Work::695us
1653076359078381931::	Server Sleep::25us
1653076359078388043::Server Total::721us
1653076359200254808::	Server Work::694us
1653076359200281312::	Server Sleep::524us
1653076359200289035::Server Total::1218us
1653076359272383290::	Server Work::695us
1653076359272410016::	Server Sleep::25us
1653076359272417517::Server Total::721us
1653076359344500882::	Server Work::694us
1653076359344527219::	Server Sleep::26us
1653076359344533498::Server Total::721us
1653076359416620252::	Server Work::694us
1653076359416646978::	Server Sleep::26us
1653076359416654182::Server Total::720us
1653076359488771459::	Server Work::695us
1653076359488797759::	Server Sleep::26us
1653076359488803631::Server Total::721us
1653076359560895219::	Server Work::694us
1653076359560922185::	Server Sleep::25us
1653076359561028164::Server Total::722us
1653076359633134995::	Server Work::696us
1653076359633161369::	Server Sleep::26us
1653076359633172389::Server Total::721us
1653076359705286869::	Server Work::695us
1653076359705315151::	Server Sleep::25us
1653076359705324208::Server Total::721us
1653076359777429742::	Server Work::694us
1653076359777456172::	Server Sleep::26us
1653076359777461932::Server Total::721us
1653076359849561447::	Server Work::695us
1653076359849588099::	Server Sleep::25us
1653076359849594489::Server Total::721us
1653076359921662240::	Server Work::694us
1653076359921688466::	Server Sleep::26us
1653076359921695134::Server Total::720us
1653076359993808503::	Server Work::695us
1653076359993835266::	Server Sleep::26us
1653076359993840970::Server Total::721us
1653076360065920887::	Server Work::694us
1653076360065947280::	Server Sleep::25us
1653076360065953577::Server Total::721us
1653076360187892958::	Server Work::694us
1653076360187919832::	Server Sleep::524us
1653076360187928722::Server Total::1219us
1653076360260005419::	Server Work::695us
1653076360260032108::	Server Sleep::26us
1653076360260038368::Server Total::721us
1653076360332132753::	Server Work::694us
1653076360332159498::	Server Sleep::25us
1653076360332165813::Server Total::721us
1653076360404265680::	Server Work::695us
1653076360404291925::	Server Sleep::26us
1653076360404298000::Server Total::720us
1653076360476394070::	Server Work::694us
1653076360476420815::	Server Sleep::25us
1653076360476426834::Server Total::721us
1653076360548514866::	Server Work::695us
1653076360548541314::	Server Sleep::26us
1653076360548547074::Server Total::721us
1653076360620627160::	Server Work::694us
1653076360620653905::	Server Sleep::25us
1653076360620660017::Server Total::721us
1653076360692758402::	Server Work::695us
1653076360692784684::	Server Sleep::26us
1653076360692790666::Server Total::720us
1653076360764884106::	Server Work::694us
1653076360764910851::	Server Sleep::25us
1653076360764916759::Server Total::721us
1653076360836994919::	Server Work::694us
1653076360837021423::	Server Sleep::26us
1653076360837027665::Server Total::721us
1653076360909118567::	Server Work::695us
1653076360909145349::	Server Sleep::26us
1653076360909150887::Server Total::720us
1653076360981250124::	Server Work::694us
1653076360981276350::	Server Sleep::25us
1653076360981282221::Server Total::721us
1653076361053382545::	Server Work::695us
1653076361053409141::	Server Sleep::26us
1653076361053415235::Server Total::721us
1653076361175636372::	Server Work::694us
1653076361175663320::	Server Sleep::526us
1653076361175684990::Server Total::1222us
1653076361247866368::	Server Work::696us
1653076361247900540::	Server Sleep::26us
1653076361247923691::Server Total::722us
1653076361319778466::	Server Work::695us
1653076361319801933::	Server Sleep::23us
1653076361319824121::Server Total::719us
1653076361391598255::	Server Work::695us
1653076361391622055::	Server Sleep::22us
1653076361391634594::Server Total::717us
1653076361463435454::	Server Work::695us
1653076361463459457::	Server Sleep::23us
1653076361463468032::Server Total::718us
1653076361535244685::	Server Work::694us
1653076361535269133::	Server Sleep::22us
1653076361535277301::Server Total::718us
1653076361607063159::	Server Work::695us
1653076361607087551::	Server Sleep::22us
1653076361607098034::Server Total::717us
1653076361678866445::	Server Work::695us
1653076361678890875::	Server Sleep::22us
1653076361678898116::Server Total::718us
1653076361750658915::	Server Work::694us
1653076361750681770::	Server Sleep::22us
1653076361750689067::Server Total::717us
1653076361822476370::	Server Work::695us
1653076361822499577::	Server Sleep::23us
1653076361822506430::Server Total::718us
1653076361894271099::	Server Work::695us
1653076361894294103::	Server Sleep::22us
1653076361894301437::Server Total::718us
1653076361966065255::	Server Work::695us
1653076361966088388::	Server Sleep::22us
1653076361966095296::Server Total::717us
1653076362037913556::	Server Work::695us
1653076362037937559::	Server Sleep::22us
1653076362038042667::Server Total::719us
1653076362159745906::	Server Work::696us
1653076362159771799::	Server Sleep::521us
1653076362159798636::Server Total::1217us
1653076362231576695::	Server Work::695us
1653076362231599958::	Server Sleep::22us
1653076362231613127::Server Total::718us
1653076362303390852::	Server Work::695us
1653076362303417264::	Server Sleep::22us
1653076362303438637::Server Total::717us
1653076362375203787::	Server Work::694us
1653076362375227568::	Server Sleep::22us
1653076362375240792::Server Total::718us
1653076362447005701::	Server Work::695us
1653076362447030409::	Server Sleep::23us
1653076362447042077::Server Total::718us
1653076362518801078::	Server Work::695us
1653076362518824137::	Server Sleep::22us
1653076362518832601::Server Total::717us
1653076362590598936::	Server Work::694us
1653076362590622513::	Server Sleep::22us
1653076362590632774::Server Total::717us
1653076362662399795::	Server Work::695us
1653076362662423039::	Server Sleep::22us
1653076362662443708::Server Total::718us
1653076362734243215::	Server Work::695us
1653076362734267885::	Server Sleep::23us
1653076362734280646::Server Total::718us
1653076362806047074::	Server Work::695us
1653076362806070281::	Server Sleep::22us
1653076362806081968::Server Total::717us
1653076362877880790::	Server Work::694us
1653076362877905423::	Server Sleep::22us
1653076362877925685::Server Total::718us
1653076362949726155::	Server Work::695us
1653076362949749417::	Server Sleep::22us
1653076362949769828::Server Total::718us
1653076363021659667::	Server Work::696us
1653076363021683967::	Server Sleep::23us
1653076363021704710::Server Total::719us
1653076363093425463::	Server Work::694us
1653076363093448744::	Server Sleep::22us
1653076363093471636::Server Total::717us
1653076363215051201::	Server Work::695us
1653076363215085836::	Server Sleep::521us
1653076363215112988::Server Total::1216us
1653076363287080276::	Server Work::696us
1653076363287104298::	Server Sleep::23us
1653076363287126061::Server Total::720us
1653076363358864742::	Server Work::694us
1653076363358890486::	Server Sleep::22us
1653076363358909100::Server Total::717us
1653076363430635002::	Server Work::694us
1653076363430658172::	Server Sleep::23us
1653076363430667025::Server Total::717us
1653076363502420431::	Server Work::695us
1653076363502443693::	Server Sleep::22us
1653076363502451768::Server Total::718us
1653076363574185616::	Server Work::694us
1653076363574208989::	Server Sleep::22us
1653076363574227881::Server Total::717us
1653076363645972174::	Server Work::694us
1653076363645995863::	Server Sleep::22us
1653076363646004197::Server Total::717us
1653076363717725876::	Server Work::695us
1653076363717749231::	Server Sleep::22us
1653076363717764141::Server Total::717us
1653076363789506341::	Server Work::694us
1653076363789530085::	Server Sleep::23us
1653076363789538772::Server Total::717us
1653076363861269933::	Server Work::694us
1653076363861293140::	Server Sleep::22us
1653076363861307957::Server Total::718us
1653076363933049769::	Server Work::695us
1653076363933073920::	Server Sleep::22us
1653076363933082088::Server Total::717us
1653076364004843718::	Server Work::694us
1653076364004866906::	Server Sleep::22us
1653076364004881260::Server Total::717us
1653076364076604715::	Server Work::695us
1653076364076628385::	Server Sleep::23us
1653076364076635127::Server Total::717us
1653076364198500890::	Server Work::694us
1653076364198524189::	Server Sleep::523us
1653076364198534765::Server Total::1219us
1653076364270279482::	Server Work::695us
1653076364270302985::	Server Sleep::22us
1653076364270308912::Server Total::717us
1653076364342039664::	Server Work::694us
1653076364342062667::	Server Sleep::22us
1653076364342068298::Server Total::717us
1653076364413817404::	Server Work::694us
1653076364413840778::	Server Sleep::23us
1653076364413846686::Server Total::718us
1653076364485586773::	Server Work::695us
1653076364485609683::	Server Sleep::22us
1653076364485615555::Server Total::717us
1653076364557363105::	Server Work::694us
1653076364557386572::	Server Sleep::22us
1653076364557456211::Server Total::718us
1653076364629180018::	Server Work::695us
1653076364629202984::	Server Sleep::22us
1653076364629211004::Server Total::717us
1653076364700938477::	Server Work::694us
1653076364700961851::	Server Sleep::22us
1653076364700967463::Server Total::717us
1653076364772712661::	Server Work::694us
1653076364772735628::	Server Sleep::23us
1653076364772740943::Server Total::717us
1653076364844498884::	Server Work::695us
1653076364844521980::	Server Sleep::22us
1653076364844527889::Server Total::717us
1653076364916277236::	Server Work::694us
1653076364916300276::	Server Sleep::22us
1653076364916305740::Server Total::718us
1653076364988044771::	Server Work::694us
1653076364988068033::	Server Sleep::22us
1653076364988074849::Server Total::717us
1653076365059823079::	Server Work::695us
1653076365059846138::	Server Sleep::23us
1653076365059852342::Server Total::717us
1653076365181248323::	Server Work::694us
1653076365181272086::	Server Sleep::518us
1653076365181278476::Server Total::1214us
1653076365253008595::	Server Work::694us
1653076365253031469::	Server Sleep::23us
1653076365253037025::Server Total::717us
1653076365324756661::	Server Work::694us
1653076365324779868::	Server Sleep::22us
1653076365324785480::Server Total::717us
1653076365396523693::	Server Work::695us
1653076365396546382::	Server Sleep::22us
1653076365396552068::Server Total::717us
1653076365468260276::	Server Work::694us
1653076365468283650::	Server Sleep::22us
1653076365468289688::Server Total::717us
1653076365540012955::	Server Work::694us
1653076365540035606::	Server Sleep::22us
1653076365540041033::Server Total::717us
1653076365611818159::	Server Work::695us
1653076365611841681::	Server Sleep::23us
1653076365611848978::Server Total::718us
1653076365683588284::	Server Work::694us
1653076365683611510::	Server Sleep::22us
1653076365683618585::Server Total::717us
1653076365755380209::	Server Work::695us
1653076365755404508::	Server Sleep::22us
1653076365755410491::Server Total::717us
1653076365827146389::	Server Work::694us
1653076365827170133::	Server Sleep::22us
1653076365827175634::Server Total::717us
1653076365898902456::	Server Work::694us
1653076365898926200::	Server Sleep::23us
1653076365898931683::Server Total::718us
1653076365970658301::	Server Work::694us
1653076365970681138::	Server Sleep::22us
1653076365970686565::Server Total::717us
1653076366042434010::	Server Work::695us
1653076366042456995::	Server Sleep::22us
1653076366042463385::Server Total::717us
1653076366164037565::	Server Work::694us
1653076366164060624::	Server Sleep::520us
1653076366164067384::Server Total::1215us
1653076366235798278::	Server Work::694us
1653076366235821633::	Server Sleep::23us
1653076366235827208::Server Total::718us
1653076366308401762::	Server Work::699us
1653076366308426081::	Server Sleep::26us
1653076366308458030::Server Total::725us
1653076366380331704::	Server Work::695us
1653076366380357282::	Server Sleep::22us
1653076366380387527::Server Total::719us
1653076366452238216::	Server Work::695us
1653076366452261812::	Server Sleep::23us
1653076366452284371::Server Total::719us
1653076366524002615::	Server Work::695us
1653076366524026970::	Server Sleep::22us
1653076366524048714::Server Total::717us
1653076366595741343::	Server Work::694us
1653076366595764421::	Server Sleep::23us
1653076366595786109::Server Total::717us
1653076366667473200::	Server Work::694us
1653076366667498574::	Server Sleep::22us
1653076366667520022::Server Total::717us
1653076366741085073::	Server Work::703us
1653076366741109761::	Server Sleep::32us
1653076366741134561::Server Total::735us
1653076366813040166::	Server Work::695us
1653076366813065003::	Server Sleep::22us
1653076366813095026::Server Total::719us
1653076366884981683::	Server Work::696us
1653076366885005224::	Server Sleep::23us
1653076366885034524::Server Total::719us
1653076366958687458::	Server Work::704us
1653076366958713499::	Server Sleep::32us
1653076366958742466::Server Total::737us
1653076367030666357::	Server Work::696us
1653076367030691305::	Server Sleep::22us
1653076367030845920::Server Total::720us
1653076367152586595::	Server Work::697us
1653076367152617377::	Server Sleep::521us
1653076367152653067::Server Total::1218us
1653076367224859527::	Server Work::698us
1653076367224882994::	Server Sleep::24us
1653076367224912924::Server Total::722us
1653076367296754126::	Server Work::695us
1653076367296779278::	Server Sleep::23us
1653076367296808060::Server Total::718us
1653076367370455972::	Server Work::703us
1653076367370479382::	Server Sleep::32us
1653076367370507961::Server Total::737us
1653076367442397059::	Server Work::695us
1653076367442422322::	Server Sleep::23us
1653076367442451011::Server Total::719us
1653076367514305716::	Server Work::696us
1653076367514330553::	Server Sleep::23us
1653076367514359298::Server Total::718us
1653076367586119840::	Server Work::694us
1653076367586144474::	Server Sleep::22us
1653076367586165718::Server Total::718us
1653076367657856583::	Server Work::694us
1653076367657879790::	Server Sleep::22us
1653076367657898756::Server Total::717us
1653076367729572138::	Server Work::694us
1653076367729596549::	Server Sleep::23us
1653076367729615051::Server Total::716us
1653076367801280821::	Server Work::694us
1653076367801304361::	Server Sleep::22us
1653076367801323531::Server Total::717us
1653076367874332349::	Server Work::700us
1653076367874356797::	Server Sleep::29us
1653076367874378485::Server Total::730us
1653076367946150566::	Server Work::695us
1653076367946173922::	Server Sleep::22us
1653076367946190609::Server Total::718us
1653076368017933097::	Server Work::694us
1653076368017956544::	Server Sleep::22us
1653076368017967509::Server Total::717us
1653076368089712953::	Server Work::695us
1653076368089736326::	Server Sleep::23us
1653076368089754977::Server Total::717us
1653076368211418894::	Server Work::694us
1653076368211444823::	Server Sleep::521us
1653076368211464528::Server Total::1217us
1653076368283183288::	Server Work::695us
1653076368283207605::	Server Sleep::22us
1653076368283223829::Server Total::717us
1653076368354957571::	Server Work::694us
1653076368354981759::	Server Sleep::22us
1653076368354989537::Server Total::717us
1653076368426708112::	Server Work::694us
1653076368426731243::	Server Sleep::22us
1653076368426738652::Server Total::717us
1653076368498500285::	Server Work::695us
1653076368498524806::	Server Sleep::23us
1653076368498540845::Server Total::718us
1653076368570266735::	Server Work::694us
1653076368570289626::	Server Sleep::22us
1653076368570297812::Server Total::717us
1653076368642047519::	Server Work::695us
1653076368642071577::	Server Sleep::22us
1653076368642079522::Server Total::717us
1653076368713797559::	Server Work::694us
1653076368713820932::	Server Sleep::22us
1653076368713838711::Server Total::717us
1653076368785576824::	Server Work::694us
1653076368785600567::	Server Sleep::22us
1653076368785607735::Server Total::717us
1653076368857348515::	Server Work::695us
1653076368857371128::	Server Sleep::23us
1653076368857377906::Server Total::717us
1653076368929102481::	Server Work::694us
1653076368929126206::	Server Sleep::22us
1653076368929141763::Server Total::718us
1653076369000865597::	Server Work::694us
1653076369000888284::	Server Sleep::22us
1653076369000896063::Server Total::717us
1653076369072597182::	Server Work::694us
1653076369072620508::	Server Sleep::22us
1653076369072627154::Server Total::716us
1653076369194144952::	Server Work::694us
1653076369194168334::	Server Sleep::521us
1653076369194183811::Server Total::1216us
1653076369265911908::	Server Work::695us
1653076369265935493::	Server Sleep::22us
1653076369265941158::Server Total::717us
1653076369337654093::	Server Work::694us
1653076369337677105::	Server Sleep::22us
1653076369337683066::Server Total::716us
1653076369409387244::	Server Work::694us
1653076369409411089::	Server Sleep::22us
1653076369409418087::Server Total::717us
1653076369481124542::	Server Work::694us
1653076369481147258::	Server Sleep::22us
1653076369481153015::Server Total::717us
1653076369552857360::	Server Work::694us
1653076369552880464::	Server Sleep::23us
1653076369552886555::Server Total::717us
1653076369624600027::	Server Work::694us
1653076369624622779::	Server Sleep::22us
1653076369624691425::Server Total::718us
1653076369696402620::	Server Work::695us
1653076369696425983::	Server Sleep::22us
1653076369696433370::Server Total::717us
1653076369768155302::	Server Work::694us
1653076369768178258::	Server Sleep::22us
1653076369768184257::Server Total::717us
1653076369839888065::	Server Work::694us
1653076369839911224::	Server Sleep::22us
1653076369839916612::Server Total::716us
1653076369911606961::	Server Work::694us
1653076369911629861::	Server Sleep::23us
1653076369911635378::Server Total::717us
1653076369983356588::	Server Work::694us
1653076369983380618::	Server Sleep::22us
1653076369983386061::Server Total::717us
1653076370055083457::	Server Work::694us
1653076370055107024::	Server Sleep::22us
1653076370055112467::Server Total::717us
1653076370177631715::	Server Work::694us
1653076370177655263::	Server Sleep::530us
1653076370177661465::Server Total::1225us
1653076370249370905::	Server Work::694us
1653076370249393788::	Server Sleep::23us
1653076370249399341::Server Total::717us
1653076370321102228::	Server Work::694us
1653076370321125295::	Server Sleep::22us
1653076370321130664::Server Total::716us
1653076370392831533::	Server Work::694us
1653076370392854489::	Server Sleep::22us
1653076370392860598::Server Total::717us
1653076370464571112::	Server Work::694us
1653076370464594272::	Server Sleep::22us
1653076370464599808::Server Total::717us
1653076370536294160::	Server Work::694us
1653076370536317153::	Server Sleep::23us
1653076370536322503::Server Total::717us
1653076370608030944::	Server Work::694us
1653076370608054178::	Server Sleep::22us
1653076370608060380::Server Total::717us
1653076370679766302::	Server Work::694us
1653076370679789240::	Server Sleep::22us
1653076370679794683::Server Total::717us
1653076370751507419::	Server Work::694us
1653076370751531319::	Server Sleep::22us
1653076370751536799::Server Total::716us
1653076370823254903::	Server Work::694us
1653076370823278526::	Server Sleep::22us
1653076370823283913::Server Total::717us
1653076370894988651::	Server Work::694us
1653076370895012515::	Server Sleep::23us
1653076370895018106::Server Total::717us
1653076370966718030::	Server Work::694us
1653076370966740931::	Server Sleep::22us
1653076370966746522::Server Total::717us
1653076371038456126::	Server Work::694us
1653076371038479008::	Server Sleep::22us
1653076371038484470::Server Total::717us
1653076371160426377::	Server Work::694us
1653076371160449556::	Server Sleep::525us
1653076371160456109::Server Total::1219us
1653076371232181394::	Server Work::694us
1653076371232204906::	Server Sleep::22us
1653076371232210608::Server Total::717us
1653076371303913566::	Server Work::694us
1653076371303936448::	Server Sleep::22us
1653076371303941928::Server Total::717us
1653076371375629761::	Server Work::694us
1653076371375652921::	Server Sleep::22us
1653076371375658734::Server Total::717us
1653076371447354213::	Server Work::694us
1653076371447377928::	Server Sleep::22us
1653076371447383575::Server Total::716us
1653076371519085385::	Server Work::694us
1653076371519109470::	Server Sleep::23us
1653076371519114839::Server Total::717us
1653076371590806300::	Server Work::694us
1653076371590829090::	Server Sleep::22us
1653076371590834663::Server Total::717us
1653076371662541879::	Server Work::694us
1653076371662565094::	Server Sleep::22us
1653076371662571037::Server Total::717us
1653076371734295600::	Server Work::694us
1653076371734318464::	Server Sleep::22us
1653076371734323944::Server Total::717us
1653076371806024310::	Server Work::694us
1653076371806047877::	Server Sleep::23us
1653076371806056837::Server Total::717us
1653076371878231216::	Server Work::696us
1653076371878255395::	Server Sleep::24us
1653076371878277611::Server Total::721us
1653076371951436635::	Server Work::703us
1653076371951466922::	Server Sleep::29us
1653076371951491582::Server Total::732us
1653076372024135327::	Server Work::699us
1653076372024161375::	Server Sleep::26us
1653076372024200160::Server Total::727us
1653076372097013243::	Server Work::701us
1653076372097042679::	Server Sleep::27us
1653076372097214576::Server Total::729us
1653076372220904383::	Server Work::705us
1653076372220934449::	Server Sleep::532us
1653076372220974697::Server Total::1237us
1653076372294979058::	Server Work::707us
1653076372295020287::	Server Sleep::33us
1653076372295063220::Server Total::741us
1653076372368671247::	Server Work::705us
1653076372368696629::	Server Sleep::30us
1653076372368729935::Server Total::736us
1653076372442428104::	Server Work::704us
1653076372442463002::	Server Sleep::32us
1653076372442497844::Server Total::737us
1653076372515383054::	Server Work::701us
1653076372515417841::	Server Sleep::27us
1653076372515468438::Server Total::729us
1653076372588097332::	Server Work::700us
1653076372588135821::	Server Sleep::27us
1653076372588179883::Server Total::727us
1653076372660701584::	Server Work::699us
1653076372660725466::	Server Sleep::25us
1653076372660750292::Server Total::725us
1653076372733182037::	Server Work::698us
1653076372733207400::	Server Sleep::26us
1653076372733230968::Server Total::724us
1653076372805257641::	Server Work::695us
1653076372805281227::	Server Sleep::24us
1653076372805303906::Server Total::721us
1653076372877547814::	Server Work::697us
1653076372877572455::	Server Sleep::24us
1653076372877595004::Server Total::722us
1653076372950081104::	Server Work::699us
1653076372950111929::	Server Sleep::26us
1653076372950144013::Server Total::725us
1653076373022893492::	Server Work::700us
1653076373022922540::	Server Sleep::27us
1653076373022958308::Server Total::728us
1653076373095326502::	Server Work::697us
1653076373095355902::	Server Sleep::25us
1653076373095391781::Server Total::724us
1653076373217447365::	Server Work::697us
1653076373217476931::	Server Sleep::524us
1653076373217514828::Server Total::1220us
1653076373289548688::	Server Work::696us
1653076373289572515::	Server Sleep::24us
1653076373289597490::Server Total::721us
1653076373361755834::	Server Work::696us
1653076373361780976::	Server Sleep::24us
1653076373361805358::Server Total::721us
1653076373433926657::	Server Work::697us
1653076373433951909::	Server Sleep::24us
1653076373433978420::Server Total::721us
1653076373506258213::	Server Work::697us
1653076373506288983::	Server Sleep::24us
1653076373506321233::Server Total::723us
1653076373578442476::	Server Work::697us
1653076373578468025::	Server Sleep::25us
1653076373578503441::Server Total::722us
1653076373650785326::	Server Work::697us
1653076373650810134::	Server Sleep::24us
1653076373650831906::Server Total::722us
1653076373723898576::	Server Work::701us
1653076373723924847::	Server Sleep::29us
1653076373723958801::Server Total::731us
1653076373796747936::	Server Work::700us
1653076373796778909::	Server Sleep::27us
1653076373796813862::Server Total::728us
1653076373869346475::	Server Work::699us
1653076373869380669::	Server Sleep::26us
1653076373869428008::Server Total::726us
1653076373942289031::	Server Work::701us
1653076373942321707::	Server Sleep::28us
1653076373942358123::Server Total::729us
1653076374015190060::	Server Work::700us
1653076374015220292::	Server Sleep::27us
1653076374015260004::Server Total::728us
1653076374087826626::	Server Work::699us
1653076374087852212::	Server Sleep::26us
1653076374087878131::Server Total::726us
1653076374210406621::	Server Work::698us
1653076374210430430::	Server Sleep::527us
1653076374210459440::Server Total::1225us
1653076374282829874::	Server Work::698us
1653076374282866142::	Server Sleep::25us
1653076374282890599::Server Total::724us
1653076374355133048::	Server Work::696us
1653076374355162726::	Server Sleep::25us
1653076374355200290::Server Total::723us
1653076374427260455::	Server Work::697us
1653076374427290910::	Server Sleep::24us
1653076374427319680::Server Total::721us
1653076374499637609::	Server Work::697us
1653076374499665324::	Server Sleep::25us
1653076374499689410::Server Total::723us
1653076374572329346::	Server Work::699us
1653076374572358227::	Server Sleep::27us
1653076374572401956::Server Total::726us
1653076374644863847::	Server Work::698us
1653076374644899356::	Server Sleep::25us
1653076374645145087::Server Total::727us
1653076374718219074::	Server Work::704us
1653076374718246807::	Server Sleep::29us
1653076374718286981::Server Total::731us
1653076374791703747::	Server Work::704us
1653076374791731462::	Server Sleep::29us
1653076374791761361::Server Total::734us
1653076374864213181::	Server Work::698us
1653076374864239951::	Server Sleep::26us
1653076374864270425::Server Total::725us
1653076374936418492::	Server Work::697us
1653076374936442078::	Server Sleep::24us
1653076374936467072::Server Total::721us
1653076375008542969::	Server Work::696us
1653076375008571184::	Server Sleep::24us
1653076375008607804::Server Total::721us
1653076375080671422::	Server Work::696us
1653076375080701247::	Server Sleep::24us
1653076375080735313::Server Total::721us
1653076375203026944::	Server Work::697us
1653076375203057065::	Server Sleep::526us
1653076375203093760::Server Total::1223us
1653076375275392686::	Server Work::697us
1653076375275421271::	Server Sleep::25us
1653076375275444469::Server Total::723us
1653076375347695223::	Server Work::697us
1653076375347719976::	Server Sleep::24us
1653076375347743081::Server Total::723us
1653076375420554892::	Server Work::700us
1653076375420578201::	Server Sleep::28us
1653076375420602491::Server Total::728us
1653076375493538196::	Server Work::701us
1653076375493569947::	Server Sleep::27us
1653076375493603549::Server Total::729us
1653076375565869892::	Server Work::698us
1653076375565895996::	Server Sleep::25us
1653076375565928506::Server Total::723us
1653076375638315595::	Server Work::698us
1653076375638344550::	Server Sleep::25us
1653076375638379300::Server Total::724us
1653076375710492276::	Server Work::696us
1653076375710515770::	Server Sleep::24us
1653076375710539912::Server Total::721us
1653076375782679195::	Server Work::697us
1653076375782706577::	Server Sleep::24us
1653076375782740179::Server Total::722us
1653076375855724482::	Server Work::700us
1653076375855761287::	Server Sleep::29us
1653076375855799666::Server Total::730us
1653076375928464460::	Server Work::697us
1653076375928500136::	Server Sleep::29us
1653076375928533720::Server Total::727us
1653076376001113462::	Server Work::697us
1653076376001144547::	Server Sleep::28us
1653076376001180445::Server Total::726us
1653076376073696607::	Server Work::697us
1653076376073730635::	Server Sleep::28us
1653076376073768829::Server Total::725us
1653076376197128828::	Server Work::699us
1653076376197156246::	Server Sleep::535us
1653076376197186739::Server Total::1234us
1653076376270087182::	Server Work::698us
1653076376270116897::	Server Sleep::30us
1653076376270142409::Server Total::729us
1653076376342779069::	Server Work::697us
1653076376342805784::	Server Sleep::29us
1653076376342832314::Server Total::726us
1653076376415672459::	Server Work::698us
1653076376415701581::	Server Sleep::29us
1653076376415727815::Server Total::729us
1653076376488443972::	Server Work::698us
1653076376488470891::	Server Sleep::29us
1653076376488494608::Server Total::727us
1653076376561825349::	Server Work::700us
1653076376561854064::	Server Sleep::33us
1653076376561880964::Server Total::733us
1653076376634574776::	Server Work::697us
1653076376634601361::	Server Sleep::29us
1653076376634627632::Server Total::727us
1653076376707268309::	Server Work::697us
1653076376707297598::	Server Sleep::28us
1653076376707322684::Server Total::727us
1653076376780045933::	Server Work::698us
1653076376780072722::	Server Sleep::29us
1653076376780094865::Server Total::727us
1653076376853313468::	Server Work::700us
1653076376853352013::	Server Sleep::32us
1653076376853390281::Server Total::732us
1653076376926193287::	Server Work::698us
1653076376926223094::	Server Sleep::29us
1653076376926254883::Server Total::729us
1653076376998961802::	Server Work::697us
1653076376998992090::	Server Sleep::30us
1653076376999017325::Server Total::727us
1653076377071534807::	Server Work::697us
1653076377071571464::	Server Sleep::28us
1653076377071608436::Server Total::725us
1653076377194885555::	Server Work::698us
1653076377194920620::	Server Sleep::533us
1653076377195088652::Server Total::1234us
1653076377268426895::	Server Work::702us
1653076377268454369::	Server Sleep::32us
1653076377268484751::Server Total::734us
1653076377341294237::	Server Work::699us
1653076377341322915::	Server Sleep::29us
1653076377341346890::Server Total::728us
1653076377414278568::	Server Work::698us
1653076377414305413::	Server Sleep::31us
1653076377414332444::Server Total::729us
1653076377487356432::	Server Work::699us
1653076377487410529::	Server Sleep::31us
1653076377487453778::Server Total::731us
1653076377560361684::	Server Work::698us
1653076377560388973::	Server Sleep::30us
1653076377560415652::Server Total::729us
1653076377632978200::	Server Work::696us
1653076377633007063::	Server Sleep::29us
1653076377633032982::Server Total::726us
1653076377705684360::	Server Work::697us
1653076377705711131::	Server Sleep::29us
1653076377705735477::Server Total::726us
1653076377778354733::	Server Work::697us
1653076377778383152::	Server Sleep::29us
1653076377778408368::Server Total::727us
1653076377850939609::	Server Work::696us
1653076377850967453::	Server Sleep::28us
1653076377850992706::Server Total::725us
1653076377923984332::	Server Work::698us
1653076377924013195::	Server Sleep::31us
1653076377924035745::Server Total::730us
1653076377996596831::	Server Work::696us
1653076377996623602::	Server Sleep::29us
1653076377996649021::Server Total::726us
1653076378069159352::	Server Work::697us
1653076378069188401::	Server Sleep::28us
1653076378069212691::Server Total::725us
1653076378191796288::	Server Work::697us
1653076378191823782::	Server Sleep::528us
1653076378191852386::Server Total::1226us
1653076378264386378::	Server Work::697us
1653076378264423128::	Server Sleep::28us
1653076378264462359::Server Total::725us
1653076378336894562::	Server Work::696us
1653076378336925369::	Server Sleep::28us
1653076378336961805::Server Total::725us
1653076378409614305::	Server Work::697us
1653076378409648500::	Server Sleep::29us
1653076378409684751::Server Total::726us
1653076378482445373::	Server Work::697us
1653076378482472348::	Server Sleep::29us
1653076378482499711::Server Total::728us
1653076378555332557::	Server Work::699us
1653076378555363808::	Server Sleep::29us
1653076378555390061::Server Total::728us
1653076378629175506::	Server Work::703us
1653076378629215959::	Server Sleep::35us
1653076378629258412::Server Total::739us
1653076378703056817::	Server Work::703us
1653076378703098381::	Server Sleep::34us
1653076378703137779::Server Total::738us
1653076378776617725::	Server Work::702us
1653076378776649606::	Server Sleep::32us
1653076378776683690::Server Total::735us
1653076378850281108::	Server Work::702us
1653076378850321746::	Server Sleep::33us
1653076378850347795::Server Total::736us
1653076378924313659::	Server Work::704us
1653076378924346447::	Server Sleep::35us
1653076378924383698::Server Total::740us
1653076378997601041::	Server Work::700us
1653076378997633441::	Server Sleep::32us
1653076378997672838::Server Total::732us
1653076379070482831::	Server Work::699us
1653076379070509417::	Server Sleep::29us
1653076379070535800::Server Total::728us
1653076379194169553::	Server Work::697us
1653076379194204988::	Server Sleep::539us
1653076379194231093::Server Total::1237us
1653076379267115414::	Server Work::698us
1653076379267154312::	Server Sleep::30us
1653076379267202653::Server Total::729us
1653076379340044669::	Server Work::698us
1653076379340076809::	Server Sleep::30us
1653076379340116744::Server Total::729us
1653076379412972665::	Server Work::699us
1653076379413024800::	Server Sleep::29us
1653076379413070104::Server Total::729us
1653076379486531676::	Server Work::700us
1653076379486568463::	Server Sleep::34us
1653076379486605658::Server Total::735us
1653076379559377191::	Server Work::697us
1653076379559411091::	Server Sleep::30us
1653076379559444786::Server Total::728us
1653076379632085166::	Server Work::698us
1653076379632113936::	Server Sleep::29us
1653076379632140615::Server Total::726us
1653076379704720935::	Server Work::696us
1653076379704747965::	Server Sleep::28us
1653076379704773811::Server Total::726us
1653076379777580262::	Server Work::699us
1653076379777609051::	Server Sleep::29us
1653076379780125505::Server Total::753us
1653076379853488322::	Server Work::725us
1653076379853522351::	Server Sleep::33us
1653076379853570543::Server Total::734us
1653076379926742610::	Server Work::698us
1653076379926771992::	Server Sleep::33us
1653076379926798282::Server Total::731us
1653076379999684177::	Server Work::698us
1653076379999711837::	Server Sleep::30us
1653076379999737849::Server Total::729us
1653076380072907047::	Server Work::699us
1653076380072936559::	Server Sleep::32us
1653076380072961553::Server Total::732us
1653076380195844031::	Server Work::699us
1653076380195880467::	Server Sleep::529us
1653076380195925272::Server Total::1229us
1653076380268593385::	Server Work::697us
1653076380268626192::	Server Sleep::29us
1653076380268661221::Server Total::727us
1653076380341518474::	Server Work::698us
1653076380341551096::	Server Sleep::31us
1653076380341587606::Server Total::729us
1653076380415378642::	Server Work::702us
1653076380415413078::	Server Sleep::34us
1653076380415438628::Server Total::738us
1653076380488384157::	Server Work::698us
1653076380488415928::	Server Sleep::31us
1653076380488449087::Server Total::730us
1653076380561353237::	Server Work::698us
1653076380561382749::	Server Sleep::31us
1653076380561407261::Server Total::729us
1653076380634158985::	Server Work::697us
1653076380634200308::	Server Sleep::29us
1653076380634241262::Server Total::727us
1653076380706962806::	Server Work::698us
1653076380706994577::	Server Sleep::30us
1653076380707018793::Server Total::728us
1653076380780029697::	Server Work::699us
1653076380780057986::	Server Sleep::30us
1653076380780084517::Server Total::730us
1653076380853199840::	Server Work::698us
1653076380853229574::	Server Sleep::32us
1653076380853255679::Server Total::731us
1653076380926270248::	Server Work::699us
1653076380926297945::	Server Sleep::31us
1653076380926324994::Server Total::730us
1653076380999170677::	Server Work::697us
1653076380999220887::	Server Sleep::31us
1653076380999265155::Server Total::729us
1653076381072454324::	Server Work::699us
1653076381072482059::	Server Sleep::32us
1653076381072507035::Server Total::732us
1653076381195660653::	Server Work::698us
1653076381195690924::	Server Sleep::533us
1653076381195718769::Server Total::1232us
1653076381268578980::	Server Work::698us
1653076381268606418::	Server Sleep::30us
1653076381268633208::Server Total::728us
1653076381341437284::	Server Work::697us
1653076381341472683::	Server Sleep::30us
1653076381341511063::Server Total::729us
1653076381414060678::	Server Work::696us
1653076381414087968::	Server Sleep::29us
1653076381414112685::Server Total::725us
1653076381486739227::	Server Work::697us
1653076381486769164::	Server Sleep::29us
1653076381486794251::Server Total::727us
1653076381559820035::	Server Work::698us
1653076381559855471::	Server Sleep::31us
1653076381559894000::Server Total::730us
1653076381632706647::	Server Work::698us
1653076381632737029::	Server Sleep::30us
1653076381632762745::Server Total::728us
1653076381705434314::	Server Work::697us
1653076381705461937::	Server Sleep::29us
1653076381705485339::Server Total::727us
1653076381778597770::	Server Work::699us
1653076381778626949::	Server Sleep::31us
1653076381778651388::Server Total::731us
1653076381851625887::	Server Work::698us
1653076381851660620::	Server Sleep::31us
1653076381851692168::Server Total::730us
1653076381924513795::	Server Work::698us
1653076381924551490::	Server Sleep::30us
1653076381924589000::Server Total::729us
1653076381998108838::	Server Work::703us
1653076381998135091::	Server Sleep::32us
1653076381998176248::Server Total::735us
1653076382071637342::	Server Work::702us
1653076382071665817::	Server Sleep::31us
1653076382071709604::Server Total::735us
1653076382194193898::	Server Work::696us
1653076382194218097::	Server Sleep::529us
1653076382194241073::Server Total::1225us
1653076382266061357::	Server Work::694us
1653076382266086462::	Server Sleep::24us
1653076382266095645::Server Total::718us
1653076382337929037::	Server Work::695us
1653076382337952476::	Server Sleep::23us
1653076382338045696::Server Total::719us
1653076382409862425::	Server Work::695us
1653076382409886623::	Server Sleep::23us
1653076382409900286::Server Total::718us
1653076382481739251::	Server Work::695us
1653076382481763005::	Server Sleep::23us
1653076382481772151::Server Total::718us
1653076382553580326::	Server Work::694us
1653076382553604080::	Server Sleep::23us
1653076382553611189::Server Total::718us
1653076382625408756::	Server Work::695us
1653076382625432658::	Server Sleep::23us
1653076382625442248::Server Total::718us
1653076382697268586::	Server Work::694us
1653076382697293025::	Server Sleep::23us
1653076382697303041::Server Total::718us
1653076382769134711::	Server Work::695us
1653076382769158113::	Server Sleep::23us
1653076382769165778::Server Total::718us
1653076382840976508::	Server Work::695us
1653076382841000892::	Server Sleep::23us
1653076382841008594::Server Total::718us
1653076382912821508::	Server Work::694us
1653076382912844818::	Server Sleep::23us
1653076382912852112::Server Total::718us
1653076382984668637::	Server Work::694us
1653076382984692299::	Server Sleep::23us
1653076382984699242::Server Total::718us
1653076383056495971::	Server Work::695us
1653076383056519410::	Server Sleep::23us
1653076383056526445::Server Total::718us
1653076383178379558::	Server Work::694us
1653076383178404256::	Server Sleep::524us
1653076383178413662::Server Total::1218us
1653076383250220240::	Server Work::695us
1653076383250243624::	Server Sleep::23us
1653076383250251252::Server Total::718us
1653076383322039483::	Server Work::694us
1653076383322063626::	Server Sleep::23us
1653076383322070569::Server Total::718us
1653076383393866298::	Server Work::694us
1653076383393889978::	Server Sleep::22us
1653076383393899494::Server Total::718us
1653076383465676764::	Server Work::694us
1653076383465700833::	Server Sleep::23us
1653076383465708479::Server Total::717us
1653076383537499006::	Server Work::695us
1653076383537522464::	Server Sleep::23us
1653076383537529555::Server Total::718us
1653076383609333560::	Server Work::694us
1653076383609357388::	Server Sleep::23us
1653076383609364072::Server Total::718us
1653076383681207679::	Server Work::695us
1653076383681231322::	Server Sleep::23us
1653076383681248707::Server Total::718us
1653076383753090945::	Server Work::695us
1653076383753116384::	Server Sleep::23us
1653076383753137564::Server Total::719us
1653076383824904614::	Server Work::694us
1653076383824928535::	Server Sleep::23us
1653076383824951715::Server Total::717us
1653076383896745889::	Server Work::694us
1653076383896771272::	Server Sleep::24us
1653076383896793749::Server Total::718us
1653076383968764588::	Server Work::695us
1653076383968788490::	Server Sleep::23us
1653076383968809152::Server Total::720us
1653076384040593888::	Server Work::694us
1653076384040619419::	Server Sleep::23us
1653076384040634731::Server Total::717us
1653076384162586990::	Server Work::695us
1653076384162610818::	Server Sleep::525us
1653076384162629980::Server Total::1220us
1653076384234411925::	Server Work::694us
1653076384234436531::	Server Sleep::23us
1653076384234447602::Server Total::718us
1653076384306216012::	Server Work::694us
1653076384306239378::	Server Sleep::23us
1653076384306245969::Server Total::717us
1653076384378004825::	Server Work::694us
1653076384378028283::	Server Sleep::23us
1653076384378034634::Server Total::717us
1653076384449806673::	Server Work::694us
1653076384449830057::	Server Sleep::23us
1653076384449836000::Server Total::718us
1653076384521612667::	Server Work::694us
1653076384521636347::	Server Sleep::23us
1653076384521642494::Server Total::717us
1653076384593420347::	Server Work::694us
1653076384593443971::	Server Sleep::23us
1653076384593450692::Server Total::718us
1653076384665221565::	Server Work::694us
1653076384665245782::	Server Sleep::23us
1653076384665251947::Server Total::717us
1653076384737040112::	Server Work::695us
1653076384737063589::	Server Sleep::22us
1653076384737069754::Server Total::718us
1653076384808841367::	Server Work::694us
1653076384808864955::	Server Sleep::23us
1653076384808935680::Server Total::718us
1653076384880726604::	Server Work::695us
1653076384880749988::	Server Sleep::23us
1653076384880757671::Server Total::718us
1653076384952522860::	Server Work::694us
1653076384952546633::	Server Sleep::23us
1653076384952552335::Server Total::717us
1653076385024328035::	Server Work::694us
1653076385024351586::	Server Sleep::23us
1653076385024357140::Server Total::718us
1653076385096145734::	Server Work::694us
1653076385096169525::	Server Sleep::23us
1653076385096175061::Server Total::718us
1653076385217855201::	Server Work::694us
1653076385217878604::	Server Sleep::522us
1653076385217884713::Server Total::1216us
1653076385289668604::	Server Work::694us
1653076385289692451::	Server Sleep::23us
1653076385289698191::Server Total::718us
1653076385361488729::	Server Work::695us
1653076385361512150::	Server Sleep::23us
1653076385361517574::Server Total::718us
1653076385433311871::	Server Work::694us
1653076385433335551::	Server Sleep::23us
1653076385433341198::Server Total::717us
1653076385505109962::	Server Work::694us
1653076385505133476::	Server Sleep::23us
1653076385505139401::Server Total::718us
1653076385576906851::	Server Work::694us
1653076385576930513::	Server Sleep::23us
1653076385576936289::Server Total::717us
1653076385648689798::	Server Work::694us
1653076385648713311::	Server Sleep::23us
1653076385648718792::Server Total::717us
1653076385720478169::	Server Work::694us
1653076385720501960::	Server Sleep::22us
1653076385720507922::Server Total::718us
1653076385792291906::	Server Work::694us
1653076385792315531::	Server Sleep::23us
1653076385792321344::Server Total::717us
1653076385864096422::	Server Work::694us
1653076385864120139::	Server Sleep::23us
1653076385864125879::Server Total::718us
1653076385935905030::	Server Work::694us
1653076385935928544::	Server Sleep::23us
1653076385935934320::Server Total::718us
1653076386007702109::	Server Work::694us
1653076386007725530::	Server Sleep::23us
1653076386007731140::Server Total::717us
1653076386079509529::	Server Work::695us
1653076386079533858::	Server Sleep::23us
1653076386079539375::Server Total::718us
1653076386202068156::	Server Work::694us
1653076386202091892::	Server Sleep::530us
1653076386202098224::Server Total::1225us
1653076386273888759::	Server Work::694us
1653076386273912032::	Server Sleep::23us
1653076386273917531::Server Total::717us
1653076386345679665::	Server Work::694us
1653076386345703456::	Server Sleep::23us
1653076386345709511::Server Total::718us
1653076386417503341::	Server Work::694us
1653076386417526596::	Server Sleep::23us
1653076386417533465::Server Total::718us
1653076386489303152::	Server Work::694us
1653076386489327055::	Server Sleep::23us
1653076386489333257::Server Total::717us
1653076386561094743::	Server Work::694us
1653076386561118164::	Server Sleep::23us
1653076386561123811::Server Total::718us
1653076386632915568::	Server Work::695us
1653076386632939452::	Server Sleep::23us
1653076386632946413::Server Total::717us
1653076386704718785::	Server Work::694us
1653076386704742133::	Server Sleep::23us
1653076386704747872::Server Total::718us
1653076386776522522::	Server Work::694us
1653076386776546146::	Server Sleep::22us
1653076386776552386::Server Total::717us
1653076386848329202::	Server Work::694us
1653076386848352604::	Server Sleep::23us
1653076386848358233::Server Total::718us
1653076386920123310::	Server Work::694us
1653076386920146953::	Server Sleep::23us
1653076386920152452::Server Total::717us
1653076386991952541::	Server Work::695us
1653076386991975999::	Server Sleep::23us
1653076386991981998::Server Total::718us
1653076387063744774::	Server Work::694us
1653076387063769010::	Server Sleep::23us
1653076387063774750::Server Total::718us
1653076387186412337::	Server Work::699us
1653076387186437165::	Server Sleep::527us
1653076387186470955::Server Total::1226us
1653076387258388938::	Server Work::695us
1653076387258414729::	Server Sleep::23us
1653076387258437003::Server Total::719us
1653076387330181187::	Server Work::694us
1653076387330205182::	Server Sleep::23us
1653076387330226548::Server Total::718us
1653076387401960438::	Server Work::694us
1653076387401985655::	Server Sleep::23us
1653076387402043625::Server Total::717us
1653076387474642529::	Server Work::698us
1653076387474696296::	Server Sleep::28us
1653076387474779039::Server Total::727us
1653076387547856032::	Server Work::702us
1653076387547882082::	Server Sleep::29us
1653076387547914946::Server Total::731us
1653076387619835966::	Server Work::695us
1653076387619860090::	Server Sleep::23us
1653076387619888881::Server Total::719us
1653076387692123209::	Server Work::697us
1653076387692196972::	Server Sleep::26us
1653076387692275215::Server Total::724us
1653076387765862145::	Server Work::703us
1653076387765886195::	Server Sleep::32us
1653076387765916060::Server Total::736us
1653076387837820175::	Server Work::695us
1653076387837846040::	Server Sleep::23us
1653076387837874720::Server Total::719us
1653076387911092574::	Server Work::702us
1653076387911125549::	Server Sleep::31us
1653076387911149915::Server Total::732us
1653076387983800382::	Server Work::698us
1653076387983826358::	Server Sleep::27us
1653076387983861092::Server Total::726us
1653076388055772548::	Server Work::695us
1653076388055796710::	Server Sleep::24us
1653076388055826519::Server Total::720us
1653076388177801072::	Server Work::696us
1653076388177828455::	Server Sleep::523us
1653076388177861338::Server Total::1220us
1653076388249791954::	Server Work::696us
1653076388249815986::	Server Sleep::24us
1653076388249846221::Server Total::719us
1653076388321722329::	Server Work::694us
1653076388321747509::	Server Sleep::23us
1653076388321769838::Server Total::719us
1653076388393487088::	Server Work::694us
1653076388393510954::	Server Sleep::23us
1653076388393532486::Server Total::717us
1653076388465228777::	Server Work::693us
1653076388465254420::	Server Sleep::24us
1653076388465272861::Server Total::717us
1653076388536990667::	Server Work::694us
1653076388537014810::	Server Sleep::23us
1653076388537033325::Server Total::717us
1653076388610133343::	Server Work::699us
1653076388610158616::	Server Sleep::30us
1653076388610181649::Server Total::731us
1653076388681977161::	Server Work::695us
1653076388682001175::	Server Sleep::23us
1653076388682011544::Server Total::718us
1653076388753796243::	Server Work::694us
1653076388753820294::	Server Sleep::23us
1653076388753827200::Server Total::717us
1653076388825608382::	Server Work::694us
1653076388825631840::	Server Sleep::23us
1653076388825638376::Server Total::718us
1653076388897420817::	Server Work::695us
1653076388897444998::	Server Sleep::23us
1653076388897450719::Server Total::717us
1653076388969235233::	Server Work::694us
1653076388969258562::	Server Sleep::23us
1653076388969264579::Server Total::718us
1653076389041044364::	Server Work::694us
1653076389041068212::	Server Sleep::23us
1653076389041073822::Server Total::718us
1653076389163300208::	Server Work::694us
1653076389163324870::	Server Sleep::527us
1653076389163332294::Server Total::1222us
1653076389235099071::	Server Work::694us
1653076389235123474::	Server Sleep::23us
1653076389235129176::Server Total::717us
1653076389306915412::	Server Work::695us
1653076389306939630::	Server Sleep::23us
1653076389306945129::Server Total::718us
1653076389378718164::	Server Work::694us
1653076389378742344::	Server Sleep::23us
1653076389378750528::Server Total::717us
1653076389450528525::	Server Work::694us
1653076389450551928::	Server Sleep::23us
1653076389450558556::Server Total::718us
1653076389522318575::	Server Work::694us
1653076389522342460::	Server Sleep::22us
1653076389522348107::Server Total::717us
1653076389594118050::	Server Work::694us
1653076389594141304::	Server Sleep::23us
1653076389594148044::Server Total::718us
1653076389665931984::	Server Work::694us
1653076389665955850::	Server Sleep::23us
1653076389665961775::Server Total::717us
1653076389737745715::	Server Work::694us
1653076389737769025::	Server Sleep::23us
1653076389737774487::Server Total::718us
1653076389809532821::	Server Work::694us
1653076389809556446::	Server Sleep::23us
1653076389809562704::Server Total::717us
1653076389881331277::	Server Work::694us
1653076389881354625::	Server Sleep::23us
1653076389881431554::Server Total::718us
1653076389953187833::	Server Work::695us
1653076389953211607::	Server Sleep::23us
1653076389953219661::Server Total::718us
1653076390024981280::	Server Work::694us
1653076390025004646::	Server Sleep::23us
1653076390025010608::Server Total::717us
1653076390096777139::	Server Work::694us
1653076390096801079::	Server Sleep::23us
1653076390096806578::Server Total::718us
1653076390218584123::	Server Work::694us
1653076390218607730::	Server Sleep::523us
1653076390218613969::Server Total::1217us
1653076390290402440::	Server Work::694us
1653076390290426399::	Server Sleep::23us
1653076390290432379::Server Total::718us
1653076390362222313::	Server Work::694us
1653076390362246030::	Server Sleep::23us
1653076390362251733::Server Total::718us
1653076390434018115::	Server Work::694us
1653076390434041722::	Server Sleep::23us
1653076390434047684::Server Total::717us
1653076390505826453::	Server Work::694us
1653076390505850078::	Server Sleep::23us
1653076390505855559::Server Total::718us
1653076390577642511::	Server Work::695us
1653076390577666192::	Server Sleep::23us
1653076390577671747::Server Total::717us
1653076390649458273::	Server Work::694us
1653076390649481658::	Server Sleep::23us
1653076390649487824::Server Total::718us
1653076390721297161::	Server Work::694us
1653076390721321268::	Server Sleep::23us
1653076390721326785::Server Total::718us
1653076390793120144::	Server Work::695us
1653076390793143677::	Server Sleep::23us
1653076390793149194::Server Total::718us
1653076390864978954::	Server Work::694us
1653076390865003190::	Server Sleep::23us
1653076390865011281::Server Total::718us
1653076390936793920::	Server Work::694us
1653076390936817471::	Server Sleep::23us
1653076390936823118::Server Total::717us
1653076391008613892::	Server Work::694us
1653076391008637499::	Server Sleep::23us
1653076391008643424::Server Total::718us
1653076391080437568::	Server Work::695us
1653076391080461101::	Server Sleep::23us
1653076391080466729::Server Total::718us
1653076391202788280::	Server Work::694us
1653076391202812183::	Server Sleep::529us
1653076391202818645::Server Total::1223us
1653076391274596273::	Server Work::694us
1653076391274619714::	Server Sleep::23us
1653076391274625194::Server Total::717us
1653076391346394843::	Server Work::694us
1653076391346418505::	Server Sleep::22us
1653076391346423986::Server Total::718us
1653076391418193894::	Server Work::694us
1653076391418217315::	Server Sleep::23us
1653076391418223481::Server Total::717us
1653076391490000073::	Server Work::694us
1653076391490023680::	Server Sleep::23us
1653076391490029697::Server Total::718us
1653076391561809326::	Server Work::695us
1653076391561832673::	Server Sleep::23us
1653076391561838135::Server Total::717us
1653076391633608173::	Server Work::694us
1653076391633632076::	Server Sleep::23us
1653076391633638816::Server Total::718us
1653076391705441625::	Server Work::694us
1653076391705465065::	Server Sleep::23us
1653076391705470786::Server Total::718us
1653076391777235658::	Server Work::694us
1653076391777259228::	Server Sleep::23us
1653076391777264857::Server Total::717us
1653076391849027062::	Server Work::694us
1653076391849050373::	Server Sleep::23us
1653076391849056483::Server Total::718us
1653076391920836371::	Server Work::694us
1653076391920860218::	Server Sleep::23us
1653076391920866143::Server Total::717us
1653076391992631015::	Server Work::694us
1653076391992654437::	Server Sleep::23us
1653076391992659954::Server Total::718us
1653076392064443836::	Server Work::695us
1653076392064467610::	Server Sleep::22us
1653076392064473220::Server Total::717us
1653076392186285938::	Server Work::694us
1653076392186309230::	Server Sleep::524us
1653076392186316617::Server Total::1218us
1653076392258109006::	Server Work::694us
1653076392258132668::	Server Sleep::23us
1653076392258138297::Server Total::718us
1653076392329903338::	Server Work::694us
1653076392329926630::	Server Sleep::23us
1653076392329932111::Server Total::718us
1653076392401735571::	Ser