Starting server...Load arg=35000...Use n=35000 to load shuffling... Message queue '/A' removed from system. Message queue '/B' removed from system. OK
1653076282608486712::	Server Work::656us
1653076282608493008::	Server Sleep::3us
1653076282608543141::Server Total::660us
1653076282674490717::	Server Work::657us
1653076282674494180::	Server Sleep::3us
1653076282674501458::Server Total::659us
1653076282740445757::	Server Work::655us
1653076282740449701::	Server Sleep::3us
1653076282740457387::Server Total::659us
1653076282806383832::	Server Work::656us
1653076282806387351::	Server Sleep::3us
1653076282806392666::Server Total::659us
1653076282872331816::	Server Work::656us
1653076282872335779::	Server Sleep::3us
1653076282872346354::Server Total::659us
1653076283001384859::	Server Work::1283us
1653076283001388692::	Server Sleep::6us
1653076283001400508::Server Total::1290us
1653076283067336170::	Server Work::656us
1653076283067345226::	Server Sleep::3us
1653076283067351226::Server Total::659us
1653076283133287534::	Server Work::656us
1653076283133291034::	Server Sleep::3us
1653076283133296590::Server Total::659us
1653076283199217397::	Server Work::655us
1653076283199221156::	Server Sleep::3us
1653076283199226471::Server Total::659us
1653076283265136222::	Server Work::656us
1653076283265139629::	Server Sleep::3us
1653076283265144852::Server Total::659us
1653076283331073789::	Server Work::655us
1653076283331077455::	Server Sleep::3us
1653076283331083011::Server Total::659us
1653076283397008504::	Server Work::656us
1653076283397011985::	Server Sleep::3us
1653076283397017819::Server Total::658us
1653076283462956108::	Server Work::656us
1653076283462959812::	Server Sleep::3us
1653076283462965627::Server Total::660us
1653076283528888138::	Server Work::655us
1653076283528891582::	Server Sleep::3us
1653076283528897731::Server Total::658us
1653076283647212091::	Server Work::657us
1653076283647895226::	Server Sleep::531us
1653076283647921635::Server Total::1190us
1653076283779724579::	Server Work::657us
1653076283780389601::	Server Sleep::667us
1653076283780397157::Server Total::1324us
1653076283912279755::	Server Work::657us
1653076283912950407::	Server Sleep::668us
1653076283912956926::Server Total::1325us
1653076284044677670::	Server Work::656us
1653076284045346361::	Server Sleep::667us
1653076284045353361::Server Total::1324us
1653076284177153109::	Server Work::657us
1653076284177822263::	Server Sleep::666us
1653076284177828263::Server Total::1324us
1653076284309632937::	Server Work::657us
1653076284310295257::	Server Sleep::667us
1653076284310301146::Server Total::1324us
1653076284442009666::	Server Work::656us
1653076284442682412::	Server Sleep::667us
1653076284442688857::Server Total::1324us
1653076284595534433::	Server Work::700us
1653076284596932948::	Server Sleep::841us
1653076284596975636::Server Total::1542us
1653076284795837415::	Server Work::659us
1653076284797179612::	Server Sleep::1342us
1653076284797203558::Server Total::2002us
1653076284995512598::	Server Work::658us
1653076284996862869::	Server Sleep::1338us
1653076284996878685::Server Total::1996us
1653076285195528356::	Server Work::659us
1653076285196879538::	Server Sleep::1341us
1653076285196890169::Server Total::2000us
1653076285395514521::	Server Work::658us
1653076285396859888::	Server Sleep::1340us
1653076285396872593::Server Total::1999us
1653076285595502371::	Server Work::660us
1653076285596854109::	Server Sleep::1339us
1653076285596864962::Server Total::1999us
1653076285795167552::	Server Work::659us
1653076285796510123::	Server Sleep::1336us
1653076285796520031::Server Total::1996us
1653076285994877050::	Server Work::660us
1653076285996217306::	Server Sleep::1336us
1653076285996225659::Server Total::1997us
1653076286193567697::	Server Work::656us
1653076286194890548::	Server Sleep::1329us
1653076286194899493::Server Total::1986us
1653076286393212079::	Server Work::660us
1653076286394538653::	Server Sleep::1336us
1653076286394548524::Server Total::1996us
1653076286592871333::	Server Work::659us
1653076286594191332::	Server Sleep::1336us
1653076286594200111::Server Total::1996us
1653076286792126282::	Server Work::658us
1653076286793472431::	Server Sleep::1334us
1653076286793593532::Server Total::1994us
1653076286991574947::	Server Work::658us
1653076286992926207::	Server Sleep::1336us
1653076286992959173::Server Total::1993us
1653076287191484357::	Server Work::659us
1653076287192847122::	Server Sleep::1338us
1653076287192873532::Server Total::1999us
1653076287391437819::	Server Work::660us
1653076287392783787::	Server Sleep::1339us
1653076287392812103::Server Total::1998us
1653076287591469953::	Server Work::660us
1653076287592819513::	Server Sleep::1340us
1653076287592843256::Server Total::2000us
1653076287791463918::	Server Work::661us
1653076287792799459::	Server Sleep::1337us
1653076287792828905::Server Total::2000us
1653076287991470346::	Server Work::659us
1653076287992824444::	Server Sleep::1340us
1653076287992850353::Server Total::1999us
1653076288191501882::	Server Work::660us
1653076288192852168::	Server Sleep::1339us
1653076288192878781::Server Total::2000us
1653076288391443588::	Server Work::659us
1653076288392795337::	Server Sleep::1339us
1653076288392822654::Server Total::1999us
1653076288591550751::	Server Work::661us
1653076288592889277::	Server Sleep::1339us
1653076288592917131::Server Total::2000us
1653076288791460788::	Server Work::660us
1653076288792813944::	Server Sleep::1338us
1653076288792842613::Server Total::1999us
1653076288991464795::	Server Work::659us
1653076288992808969::	Server Sleep::1340us
1653076288992836379::Server Total::2000us
1653076289191510840::	Server Work::660us
1653076289192887539::	Server Sleep::1339us
1653076289192913244::Server Total::2000us
1653076289391476870::	Server Work::660us
1653076289392823844::	Server Sleep::1339us
1653076289392852365::Server Total::1999us
1653076289591448252::	Server Work::659us
1653076289592809505::	Server Sleep::1339us
1653076289592835099::Server Total::1999us
1653076289791428894::	Server Work::660us
1653076289792780702::	Server Sleep::1339us
1653076289792809259::Server Total::1999us
1653076289991456317::	Server Work::659us
1653076289992809477::	Server Sleep::1340us
1653076289992836257::Server Total::2000us
1653076290191373901::	Server Work::660us
1653076290192711822::	Server Sleep::1339us
1653076290192743787::Server Total::1999us
1653076290391423707::	Server Work::659us
1653076290392785185::	Server Sleep::1339us
1653076290392811410::Server Total::2000us
1653076290591459882::	Server Work::660us
1653076290592812934::	Server Sleep::1340us
1653076290592837566::Server Total::2000us
1653076290791448424::	Server Work::660us
1653076290792795050::	Server Sleep::1339us
1653076290792823274::Server Total::1999us
1653076290991433670::	Server Work::659us
1653076290992786629::	Server Sleep::1339us
1653076290992812057::Server Total::1999us
1653076291191421089::	Server Work::660us
1653076291192782089::	Server Sleep::1339us
1653076291192809869::Server Total::2000us
1653076291391437536::	Server Work::659us
1653076291392789424::	Server Sleep::1340us
1653076291392817000::Server Total::2000us
1653076291591487653::	Server Work::660us
1653076291592846782::	Server Sleep::1339us
1653076291592871006::Server Total::2000us
1653076291791422334::	Server Work::659us
1653076291792773259::	Server Sleep::1339us
1653076291792799724::Server Total::1998us
1653076291991464635::	Server Work::660us
1653076291992817968::	Server Sleep::1340us
1653076291992842452::Server Total::2000us
1653076292191431387::	Server Work::660us
1653076292192762591::	Server Sleep::1339us
1653076292192791260::Server Total::1999us
1653076292391450612::	Server Work::659us
1653076292392801170::	Server Sleep::1339us
1653076292392828968::Server Total::2000us
1653076292591542899::	Server Work::660us
1653076292592881771::	Server Sleep::1340us
1653076292592907032::Server Total::2000us
1653076292791436817::	Server Work::660us
1653076292792791672::	Server Sleep::1338us
1653076292792820063::Server Total::1999us
1653076292991516214::	Server Work::659us
1653076292992861975::	Server Sleep::1340us
1653076292992887478::Server Total::2000us
1653076293191390982::	Server Work::659us
1653076293192746820::	Server Sleep::1339us
1653076293192853663::Server Total::1999us
1653076293391476439::	Server Work::660us
1653076293392818333::	Server Sleep::1340us
1653076293392849132::Server Total::2000us
1653076293591365102::	Server Work::660us
1653076293592761741::	Server Sleep::1339us
1653076293592788743::Server Total::1999us
1653076293791472877::	Server Work::660us
1653076293792818696::	Server Sleep::1339us
1653076293792845347::Server Total::2000us
1653076293991445288::	Server Work::659us
1653076293992793978::	Server Sleep::1339us
1653076293992818554::Server Total::1999us
1653076294191450095::	Server Work::660us
1653076294192802418::	Server Sleep::1339us
1653076294192829457::Server Total::2000us
1653076294391459815::	Server Work::659us
1653076294392807100::	Server Sleep::1340us
1653076294392833769::Server Total::1999us
1653076294591423883::	Server Work::660us
1653076294592768946::	Server Sleep::1339us
1653076294592796652::Server Total::1999us
1653076294791416416::	Server Work::660us
1653076294792767684::	Server Sleep::1338us
1653076294792792427::Server Total::2000us
1653076294991199987::	Server Work::660us
1653076294992552106::	Server Sleep::1337us
1653076294992566515::Server Total::1997us
1653076295190983382::	Server Work::660us
1653076295192337689::	Server Sleep::1337us
1653076295192348079::Server Total::1997us
1653076295390098888::	Server Work::658us
1653076295391425138::	Server Sleep::1332us
1653076295391437509::Server Total::1991us
1653076295589343610::	Server Work::662us
1653076295590678675::	Server Sleep::1329us
1653076295590692473::Server Total::1992us
1653076295789068468::	Server Work::660us
1653076295790397217::	Server Sleep::1336us
1653076295790406700::Server Total::1996us
1653076295988889779::	Server Work::660us
1653076295990225714::	Server Sleep::1337us
1653076295990233733::Server Total::1998us
1653076296187809204::	Server Work::657us
1653076296189138326::	Server Sleep::1331us
1653076296189150234::Server Total::1989us
1653076296387454537::	Server Work::660us
1653076296388806514::	Server Sleep::1336us
1653076296388829627::Server Total::1996us
1653076296587837420::	Server Work::662us
1653076296589215936::	Server Sleep::1341us
1653076296589243957::Server Total::2004us
1653076296790351481::	Server Work::667us
1653076296791686641::	Server Sleep::1356us
1653076296791710570::Server Total::2024us
1653076296989432115::	Server Work::658us
1653076296990755515::	Server Sleep::1332us
1653076296990780628::Server Total::1990us
1653076297188997294::	Server Work::659us
1653076297190329345::	Server Sleep::1335us
1653076297190348532::Server Total::1995us
1653076297387896325::	Server Work::657us
1653076297389227061::	Server Sleep::1331us
1653076297389248193::Server Total::1989us
1653076297587114442::	Server Work::658us
1653076297588453901::	Server Sleep::1333us
1653076297588473162::Server Total::1992us
1653076297786211417::	Server Work::658us
1653076297787554006::	Server Sleep::1332us
1653076297787573101::Server Total::1990us
1653076297985265074::	Server Work::658us
1653076297986588994::	Server Sleep::1332us
1653076297986606626::Server Total::1990us
1653076298184830816::	Server Work::664us
1653076298186156184::	Server Sleep::1330us
1653076298186171426::Server Total::1995us
1653076298383453945::	Server Work::656us
1653076298384801815::	Server Sleep::1329us
1653076298384825317::Server Total::1986us
1653076298583008589::	Server Work::659us
1653076298584341680::	Server Sleep::1335us
1653076298584351459::Server Total::1995us
1653076298781828052::	Server Work::657us
1653076298783149975::	Server Sleep::1330us
1653076298783156642::Server Total::1988us
1653076298981014957::	Server Work::658us
1653076298982353845::	Server Sleep::1333us
1653076298982359808::Server Total::1991us
1653076299179856237::	Server Work::657us
1653076299181191904::	Server Sleep::1330us
1653076299181198386::Server Total::1988us
1653076299379067869::	Server Work::658us
1653076299380409055::	Server Sleep::1333us
1653076299380417334::Server Total::1992us
1653076299578074870::	Server Work::658us
1653076299579393480::	Server Sleep::1332us
1653076299579400722::Server Total::1989us
1653076299778103508::	Server Work::660us
1653076299779422989::	Server Sleep::1338us
1653076299779581615::Server Total::2002us
1653076299977496288::	Server Work::659us
1653076299978837993::	Server Sleep::1335us
1653076299978870866::Server Total::1992us
1653076300177080905::	Server Work::659us
1653076300178405518::	Server Sleep::1335us
1653076300178427446::Server Total::1995us
1653076300376391705::	Server Work::658us
1653076300377733209::	Server Sleep::1334us
1653076300377756248::Server Total::1993us
1653076300575346822::	Server Work::658us
1653076300576698475::	Server Sleep::1331us
1653076300576720255::Server Total::1989us
1653076300774960967::	Server Work::659us
1653076300776298508::	Server Sleep::1335us
1653076300776321362::Server Total::1995us
1653076300973990666::	Server Work::658us
1653076300975306574::	Server Sleep::1332us
1653076300975330743::Server Total::1990us
1653076301173208649::	Server Work::658us
1653076301174544784::	Server Sleep::1333us
1653076301174565452::Server Total::1992us
1653076301372585381::	Server Work::658us
1653076301373927405::	Server Sleep::1334us
1653076301373947537::Server Total::1993us
1653076301571419484::	Server Work::657us
1653076301572768787::	Server Sleep::1330us
1653076301572789567::Server Total::1988us
1653076301771068966::	Server Work::665us
1653076301772402101::	Server Sleep::1330us
1653076301772424362::Server Total::1996us
1653076301970340003::	Server Work::659us
1653076301971667952::	Server Sleep::1334us
1653076301971688546::Server Total::1992us
1653076302169299277::	Server Work::657us
1653076302170634192::	Server Sleep::1331us
1653076302170655268::Server Total::1989us
1653076302368898114::	Server Work::659us
1653076302370233380::	Server Sleep::1335us
1653076302370253660::Server Total::1996us
1653076302567855422::	Server Work::658us
1653076302569182261::	Server Sleep::1332us
1653076302569202875::Server Total::1989us
1653076302767172192::	Server Work::658us
1653076302768536721::	Server Sleep::1333us
1653076302768558612::Server Total::1993us
1653076302966703022::	Server Work::659us
1653076302968033918::	Server Sleep::1335us
1653076302968056124::Server Total::1994us
1653076303165524071::	Server Work::657us
1653076303166864303::	Server Sleep::1331us
1653076303166888343::Server Total::1988us
1653076303365055936::	Server Work::659us
1653076303366383593::	Server Sleep::1335us
1653076303366404965::Server Total::1995us
1653076303564375908::	Server Work::658us
1653076303565708065::	Server Sleep::1333us
1653076303565730660::Server Total::1992us
1653076303763363642::	Server Work::658us
1653076303764708356::	Server Sleep::1332us
1653076303764728655::Server Total::1990us
1653076303962995925::	Server Work::659us
1653076303964350399::	Server Sleep::1336us
1653076303964370438::Server Total::1996us
1653076304161955379::	Server Work::657us
1653076304163276574::	Server Sleep::1331us
1653076304163297187::Server Total::1989us
1653076304361194108::	Server Work::659us
1653076304362538861::	Server Sleep::1333us
1653076304362559474::Server Total::1992us
1653076304560947447::	Server Work::660us
1653076304562282514::	Server Sleep::1337us
1653076304562303683::Server Total::1997us
1653076304759880551::	Server Work::657us
1653076304761224249::	Server Sleep::1331us
1653076304761244844::Server Total::1989us
1653076304959122225::	Server Work::658us
1653076304960474053::	Server Sleep::1333us
1653076304960494926::Server Total::1992us
1653076305158501142::	Server Work::659us
1653076305159840916::	Server Sleep::1334us
1653076305159862418::Server Total::1993us
1653076305358547066::	Server Work::661us
1653076305360053579::	Server Sleep::1340us
1653076305360149164::Server Total::2002us
1653076305559770282::	Server Work::663us
1653076305561118445::	Server Sleep::1346us
1653076305561170154::Server Total::2010us
1653076305762130676::	Server Work::668us
1653076305763700881::	Server Sleep::1356us
1653076305763790095::Server Total::2026us
1653076305965523736::	Server Work::670us
1653076305966866343::	Server Sleep::1360us
1653076305966892346::Server Total::2030us
1653076306167641394::	Server Work::667us
1653076306168972983::	Server Sleep::1354us
1653076306169037064::Server Total::2021us
1653076306367186122::	Server Work::659us
1653076306368533324::	Server Sleep::1335us
1653076306368557993::Server Total::1995us
1653076306566790764::	Server Work::659us
1653076306568119797::	Server Sleep::1335us
1653076306568142744::Server Total::1995us
1653076306765486622::	Server Work::657us
1653076306766821008::	Server Sleep::1330us
1653076306766841343::Server Total::1987us
1653076306964978029::	Server Work::659us
1653076306966313619::	Server Sleep::1335us
1653076306966335566::Server Total::1994us
1653076307164080950::	Server Work::658us
1653076307165416690::	Server Sleep::1332us
1653076307165438081::Server Total::1991us
1653076307363241523::	Server Work::658us
1653076307364576577::	Server Sleep::1332us
1653076307364595431::Server Total::1991us
1653076307562821048::	Server Work::659us
1653076307564158196::	Server Sleep::1336us
1653076307564178883::Server Total::1995us
1653076307761595930::	Server Work::656us
1653076307762924298::	Server Sleep::1330us
1653076307762947486::Server Total::1987us
1653076307961290617::	Server Work::660us
1653076307962629190::	Server Sleep::1336us
1653076307962650933::Server Total::1997us
1653076308160926119::	Server Work::665us
1653076308162253878::	Server Sleep::1330us
1653076308162277677::Server Total::1995us
1653076308360005134::	Server Work::658us
1653076308361344709::	Server Sleep::1332us
1653076308361364322::Server Total::1991us
1653076308559234313::	Server Work::658us
1653076308560579944::	Server Sleep::1333us
1653076308560603336::Server Total::1992us
1653076308758924488::	Server Work::666us
1653076308760268175::	Server Sleep::1330us
1653076308760288974::Server Total::1996us
1653076308957780663::	Server Work::657us
1653076308959112737::	Server Sleep::1330us
1653076308959134407::Server Total::1988us
1653076309157072938::	Server Work::658us
1653076309158412663::	Server Sleep::1334us
1653076309158433666::Server Total::1992us
1653076309356254685::	Server Work::658us
1653076309357594206::	Server Sleep::1332us
1653076309357615153::Server Total::1992us
1653076309555470362::	Server Work::658us
1653076309556825903::	Server Sleep::1333us
1653076309556849276::Server Total::1992us
1653076309755170649::	Server Work::660us
1653076309756526227::	Server Sleep::1337us
1653076309756547674::Server Total::1996us
1653076309954621185::	Server Work::659us
1653076309955944519::	Server Sleep::1334us
1653076309955967911::Server Total::1994us
1653076310153462675::	Server Work::657us
1653076310154799661::	Server Sleep::1330us
1653076310154819867::Server Total::1988us
1653076310353052663::	Server Work::659us
1653076310354399390::	Server Sleep::1336us
1653076310354419152::Server Total::1995us
1653076310552500782::	Server Work::659us
1653076310553837731::	Server Sleep::1334us
1653076310553859196::Server Total::1994us
1653076310751379745::	Server Work::657us
1653076310752723027::	Server Sleep::1331us
1653076310752745289::Server Total::1989us
1653076310950942637::	Server Work::659us
1653076310952280882::	Server Sleep::1335us
1653076310952301866::Server Total::1995us
1653076311149827982::	Server Work::658us
1653076311151165562::	Server Sleep::1331us
1653076311151185972::Server Total::1988us
1653076311349128994::	Server Work::658us
1653076311350466314::	Server Sleep::1333us
1653076311350487706::Server Total::1993us
1653076311548534999::	Server Work::659us
1653076311549860059::	Server Sleep::1334us
1653076311549880043::Server Total::1993us
1653076311747372198::	Server Work::656us
1653076311748706704::	Server Sleep::1331us
1653076311748727003::Server Total::1988us
1653076311947025695::	Server Work::660us
1653076311948368868::	Server Sleep::1336us
1653076311948390723::Server Total::1996us
1653076312149217564::	Server Work::667us
1653076312150553238::	Server Sleep::1353us
1653076312150576537::Server Total::2022us
1653076312348612692::	Server Work::659us
1653076312349939383::	Server Sleep::1334us
1653076312349946180::Server Total::1993us
1653076312547358448::	Server Work::657us
1653076312548690640::	Server Sleep::1330us
1653076312548698937::Server Total::1987us
1653076312746752131::	Server Work::658us
1653076312748071377::	Server Sleep::1334us
1653076312748168814::Server Total::1994us
1653076312945894081::	Server Work::658us
1653076312947227940::	Server Sleep::1333us
1653076312947239552::Server Total::1990us
1653076313145141206::	Server Work::660us
1653076313146470362::	Server Sleep::1332us
1653076313146478251::Server Total::1992us
1653076313344340630::	Server Work::658us
1653076313345670750::	Server Sleep::1332us
1653076313345676639::Server Total::1992us
1653076313543251114::	Server Work::657us
1653076313544594438::	Server Sleep::1331us
1653076313544601884::Server Total::1988us
1653076313742514305::	Server Work::658us
1653076313743839128::	Server Sleep::1333us
1653076313743849925::Server Total::1992us
1653076313941334426::	Server Work::657us
1653076313942658915::	Server Sleep::1331us
1653076313942665638::Server Total::1988us
1653076314140875243::	Server Work::659us
1653076314142212513::	Server Sleep::1335us
1653076314142218235::Server Total::1995us
1653076314339520267::	Server Work::657us
1653076314340857833::	Server Sleep::1329us
1653076314340864018::Server Total::1986us
1653076314538958236::	Server Work::658us
1653076314540304303::	Server Sleep::1334us
1653076314540310693::Server Total::1994us
1653076314737757352::	Server Work::670us
1653076314739096807::	Server Sleep::1318us
1653076314739110549::Server Total::1987us
1653076314937001706::	Server Work::658us
1653076314938332993::	Server Sleep::1333us
1653076314938339420::Server Total::1992us
1653076315135817980::	Server Work::657us
1653076315137147825::	Server Sleep::1330us
1653076315137154066::Server Total::1988us
1653076315335050861::	Server Work::658us
1653076315336394096::	Server Sleep::1333us
1653076315336399652::Server Total::1992us
1653076315533891824::	Server Work::657us
1653076315535228429::	Server Sleep::1330us
1653076315535234744::Server Total::1988us
1653076315733067328::	Server Work::658us
1653076315734393023::	Server Sleep::1333us
1653076315734400709::Server Total::1991us
1653076315931999913::	Server Work::657us
1653076315933337536::	Server Sleep::1331us
1653076315933343722::Server Total::1989us
1653076316133738540::	Server Work::666us
1653076316135079183::	Server Sleep::1351us
1653076316135105038::Server Total::2017us
1653076316335983379::	Server Work::667us
1653076316337348247::	Server Sleep::1354us
1653076316337384196::Server Total::2022us
1653076316541010091::	Server Work::676us
1653076316542382145::	Server Sleep::1373us
1653076316542423743::Server Total::2050us
1653076316746487543::	Server Work::677us
1653076316747853874::	Server Sleep::1375us
1653076316747895083::Server Total::2054us
1653076316952665504::	Server Work::679us
1653076316954051820::	Server Sleep::1381us
1653076316954091417::Server Total::2062us
1653076317158841767::	Server Work::679us
1653076317160192857::	Server Sleep::1381us
1653076317160230343::Server Total::2061us
1653076317364245101::	Server Work::677us
1653076317365663496::	Server Sleep::1376us
1653076317365707594::Server Total::2054us
1653076317570106732::	Server Work::679us
1653076317571455636::	Server Sleep::1378us
1653076317571491289::Server Total::2057us
1653076317776417139::	Server Work::679us
1653076317777810531::	Server Sleep::1382us
1653076317777850036::Server Total::2064us
1653076317982758884::	Server Work::680us
1653076317984130254::	Server Sleep::1382us
1653076317984173111::Server Total::2062us
1653076318188845941::	Server Work::679us
1653076318190236722::	Server Sleep::1380us
1653076318190295619::Server Total::2061us
1653076318395519612::	Server Work::681us
1653076318396938286::	Server Sleep::1385us
1653076318396974624::Server Total::2066us
1653076318602089215::	Server Work::680us
1653076318603474625::	Server Sleep::1383us
1653076318603524391::Server Total::2065us
1653076318807794601::	Server Work::678us
1653076318809210126::	Server Sleep::1378us
1653076318809257780::Server Total::2057us
1653076319010803715::	Server Work::669us
1653076319012139343::	Server Sleep::1359us
1653076319012165976::Server Total::2029us
1653076319215217283::	Server Work::675us
1653076319216670000::	Server Sleep::1369us
1653076319216853004::Server Total::2046us
1653076319418335358::	Server Work::669us
1653076319419655447::	Server Sleep::1359us
1653076319419716788::Server Total::2028us
1653076319621865984::	Server Work::672us
1653076319623221652::	Server Sleep::1363us
1653076319623267620::Server Total::2035us
1653076319824582083::	Server Work::668us
1653076319825957420::	Server Sleep::1357us
1653076319826002426::Server Total::2027us
1653076320028789257::	Server Work::673us
1653076320030170577::	Server Sleep::1367us
1653076320030214509::Server Total::2042us
1653076320235153366::	Server Work::679us
1653076320236589563::	Server Sleep::1384us
1653076320236640477::Server Total::2063us
1653076320439545359::	Server Work::672us
1653076320440890749::	Server Sleep::1370us
1653076320440919567::Server Total::2043us
1653076320643812077::	Server Work::672us
1653076320645150373::	Server Sleep::1369us
1653076320645182118::Server Total::2042us
1653076320847870140::	Server Work::672us
1653076320849246885::	Server Sleep::1368us
1653076320849278519::Server Total::2040us
1653076321051780668::	Server Work::671us
1653076321053141394::	Server Sleep::1366us
1653076321053183548::Server Total::2039us
1653076321255809482::	Server Work::671us
1653076321257171486::	Server Sleep::1367us
1653076321257213232::Server Total::2040us
1653076321460197877::	Server Work::673us
1653076321461570308::	Server Sleep::1370us
1653076321461612573::Server Total::2043us
1653076321666788623::	Server Work::679us
1653076321668171778::	Server Sleep::1386us
1653076321668217765::Server Total::2066us
1653076321876877585::	Server Work::689us
1653076321878299467::	Server Sleep::1410us
1653076321878369550::Server Total::2101us
1653076322088199919::	Server Work::693us
1653076322089662215::	Server Sleep::1419us
1653076322089706072::Server Total::2113us
1653076322299755135::	Server Work::693us
1653076322301157886::	Server Sleep::1420us
1653076322301205985::Server Total::2114us
1653076322510829939::	Server Work::692us
1653076322512280047::	Server Sleep::1417us
1653076322512328313::Server Total::2111us
1653076322721673305::	Server Work::692us
1653076322723074038::	Server Sleep::1415us
1653076322723126878::Server Total::2107us
1653076322933297678::	Server Work::693us
1653076322934705893::	Server Sleep::1421us
1653076322934744972::Server Total::2116us
1653076323141896189::	Server Work::684us
1653076323143251527::	Server Sleep::1400us
1653076323143308979::Server Total::2085us
1653076323351834764::	Server Work::689us
1653076323353252036::	Server Sleep::1410us
1653076323353296690::Server Total::2099us
1653076323560033173::	Server Work::683us
1653076323561458651::	Server Sleep::1397us
1653076323561508453::Server Total::2082us
1653076323768741796::	Server Work::685us
1653076323770145419::	Server Sleep::1400us
1653076323770205371::Server Total::2086us
1653076323977617310::	Server Work::686us
1653076323978987632::	Server Sleep::1401us
1653076323979027934::Server Total::2088us
1653076324185062363::	Server Work::681us
1653076324186417221::	Server Sleep::1392us
1653076324186448837::Server Total::2074us
1653076324391837517::	Server Work::680us
1653076324393241271::	Server Sleep::1387us
1653076324393283128::Server Total::2068us
1653076324598838441::	Server Work::680us
1653076324600270698::	Server Sleep::1389us
1653076324600304295::Server Total::2070us
1653076324804702498::	Server Work::676us
1653076324806037261::	Server Sleep::1380us
1653076324806077581::Server Total::2057us
1653076325008084463::	Server Work::671us
1653076325009454102::	Server Sleep::1361us
1653076325009497719::Server Total::2034us
1653076325211538129::	Server Work::672us
1653076325212933401::	Server Sleep::1361us
1653076325212965517::Server Total::2034us
1653076325415466097::	Server Work::674us
1653076325416887076::	Server Sleep::1365us
1653076325416915024::Server Total::2039us
1653076325620246397::	Server Work::671us
1653076325621635520::	Server Sleep::1374us
1653076325621664987::Server Total::2047us
1653076325825979300::	Server Work::671us
1653076325827346384::	Server Sleep::1385us
1653076325827400742::Server Total::2057us
1653076326029727376::	Server Work::673us
1653076326031096794::	Server Sleep::1363us
1653076326031179509::Server Total::2037us
1653076326233567339::	Server Work::671us
1653076326234913439::	Server Sleep::1366us
1653076326234939553::Server Total::2037us
1653076326433528503::	Server Work::658us
1653076326434885030::	Server Sleep::1341us
1653076326434899699::Server Total::1999us
1653076326633199870::	Server Work::666us
1653076326634536636::	Server Sleep::1329us
1653076326634551916::Server Total::1996us
1653076326832966028::	Server Work::660us
1653076326834295792::	Server Sleep::1337us
1653076326834304868::Server Total::1997us
1653076327032012261::	Server Work::657us
1653076327033342657::	Server Sleep::1332us
1653076327033351695::Server Total::1990us
1653076327231295298::	Server Work::659us
1653076327232633343::	Server Sleep::1333us
1653076327232641622::Server Total::1993us
1653076327431046415::	Server Work::660us
1653076327432391997::	Server Sleep::1337us
1653076327432403054::Server Total::1997us
1653076327630884024::	Server Work::672us
1653076327632237126::	Server Sleep::1325us
1653076327632249609::Server Total::1998us
1653076327829756859::	Server Work::657us
1653076327831085791::	Server Sleep::1330us
1653076327831099608::Server Total::1988us
1653076328029312747::	Server Work::664us
1653076328030649792::	Server Sleep::1330us
1653076328030669591::Server Total::1995us
1653076328229382324::	Server Work::661us
1653076328230724296::	Server Sleep::1339us
1653076328230748206::Server Total::2000us
1653076328430197054::	Server Work::663us
1653076328431549157::	Server Sleep::1344us
1653076328431579624::Server Total::2008us
1653076328631666111::	Server Work::664us
1653076328633004342::	Server Sleep::1349us
1653076328633029400::Server Total::2014us
1653076328831077491::	Server Work::659us
1653076328832427131::	Server Sleep::1334us
1653076328832451245::Server Total::1994us
1653076329030244451::	Server Work::658us
1653076329031592202::	Server Sleep::1333us
1653076329031614816::Server Total::1991us
1653076329229268120::	Server Work::658us
1653076329230593850::	Server Sleep::1331us
1653076329230609556::Server Total::1989us
1653076329428613629::	Server Work::658us
1653076329429956435::	Server Sleep::1334us
1653076329429977234::Server Total::1993us
1653076329627401601::	Server Work::657us
1653076329628740943::	Server Sleep::1330us
1653076329628763076::Server Total::1988us
1653076329826869699::	Server Work::659us
1653076329828202837::	Server Sleep::1335us
1653076329828211283::Server Total::1994us
1653076330025505944::	Server Work::656us
1653076330026837638::	Server Sleep::1329us
1653076330026845325::Server Total::1986us
1653076330224994363::	Server Work::659us
1653076330226323131::	Server Sleep::1334us
1653076330226330150::Server Total::1994us
1653076330423841975::	Server Work::657us
1653076330425161353::	Server Sleep::1331us
1653076330425168409::Server Total::1988us
1653076330623071211::	Server Work::658us
1653076330624416334::	Server Sleep::1333us
1653076330624423612::Server Total::1992us
1653076330822007983::	Server Work::657us
1653076330823330325::	Server Sleep::1331us
1653076330823336733::Server Total::1989us
1653076331021128439::	Server Work::658us
1653076331022462450::	Server Sleep::1332us
1653076331022468988::Server Total::1990us
1653076331221568613::	Server Work::662us
1653076331222899438::	Server Sleep::1342us
1653076331222938684::Server Total::2005us
1653076331421429340::	Server Work::660us
1653076331422769203::	Server Sleep::1338us
1653076331422792613::Server Total::1998us
1653076331621144565::	Server Work::659us
1653076331622466648::	Server Sleep::1336us
1653076331622487911::Server Total::1996us
1653076331820585588::	Server Work::659us
1653076331821919413::	Server Sleep::1334us
1653076331821940009::Server Total::1994us
1653076332019448526::	Server Work::657us
1653076332020791038::	Server Sleep::1331us
1653076332020812411::Server Total::1988us
1653076332219112332::	Server Work::660us
1653076332220455882::	Server Sleep::1336us
1653076332220476922::Server Total::1996us
1653076332418805439::	Server Work::659us
1653076332420128208::	Server Sleep::1336us
1653076332420195198::Server Total::1997us
1653076332618037595::	Server Work::658us
1653076332619373143::	Server Sleep::1333us
1653076332619399147::Server Total::1992us
1653076332817234135::	Server Work::659us
1653076332818574740::	Server Sleep::1333us
1653076332818596576::Server Total::1991us
1653076333016832386::	Server Work::659us
1653076333018163897::	Server Sleep::1335us
1653076333018186493::Server Total::1996us
1653076333215535591::	Server Work::656us
1653076333216869159::	Server Sleep::1330us
1653076333216891829::Server Total::1986us
1653076333415060815::	Server Work::659us
1653076333416404087::	Server Sleep::1335us
1653076333416425090::Server Total::1995us
1653076333614273181::	Server Work::658us
1653076333615605323::	Server Sleep::1332us
1653076333615625974::Server Total::1991us
1653076333813303764::	Server Work::658us
1653076333814638184::	Server Sleep::1332us
1653076333814659427::Server Total::1990us
1653076334012974828::	Server Work::659us
1653076334014308526::	Server Sleep::1336us
1653076334014330103::Server Total::1996us
1653076334211988451::	Server Work::658us
1653076334213332798::	Server Sleep::1332us
1653076334213353561::Server Total::1990us
1653076334411326284::	Server Work::658us
1653076334412662149::	Server Sleep::1333us
1653076334412685189::Server Total::1993us
1653076334611017795::	Server Work::670us
1653076334612373829::	Server Sleep::1327us
1653076334612396462::Server Total::1997us
1653076334810124486::	Server Work::658us
1653076334811460481::	Server Sleep::1332us
1653076334811481835::Server Total::1990us
1653076335012307374::	Server Work::667us
1653076335013657964::	Server Sleep::1353us
1653076335013695025::Server Total::2022us
1653076335214240357::	Server Work::666us
1653076335215571222::	Server Sleep::1352us
1653076335215605153::Server Total::2018us
1653076335413410170::	Server Work::658us
1653076335414735219::	Server Sleep::1333us
1653076335414758741::Server Total::1991us
1653076335615642118::	Server Work::667us
1653076335616986041::	Server Sleep::1354us
1653076335617010174::Server Total::2022us
1653076335815191093::	Server Work::659us
1653076335816545869::	Server Sleep::1335us
1653076335816568724::Server Total::1995us
1653076336017662694::	Server Work::668us
1653076336018991708::	Server Sleep::1356us
1653076336019024342::Server Total::2024us
1653076336217206500::	Server Work::659us
1653076336218536181::	Server Sleep::1335us
1653076336218559147::Server Total::1995us
1653076336416750288::	Server Work::659us
1653076336418082802::	Server Sleep::1335us
1653076336418104749::Server Total::1995us
1653076336615470223::	Server Work::657us
1653076336616820536::	Server Sleep::1330us
1653076336616841983::Server Total::1987us
1653076336815111857::	Server Work::659us
1653076336816456428::	Server Sleep::1335us
1653076336816478802::Server Total::1996us
1653076337014427842::	Server Work::659us
1653076337015762561::	Server Sleep::1334us
1653076337015785453::Server Total::1993us
1653076337213392250::	Server Work::657us
1653076337214728284::	Server Sleep::1331us
1653076337214750527::Server Total::1989us
1653076337413063142::	Server Work::660us
1653076337414405251::	Server Sleep::1336us
1653076337414425643::Server Total::1996us
1653076337612254785::	Server Work::658us
1653076337613583410::	Server Sleep::1333us
1653076337613604969::Server Total::1991us
1653076337811304352::	Server Work::657us
1653076337812657740::	Server Sleep::1332us
1653076337812679187::Server Total::1991us
1653076338010994955::	Server Work::660us
1653076338012333138::	Server Sleep::1336us
1653076338012354715::Server Total::1996us
1653076338210601924::	Server Work::670us
1653076338211927457::	Server Sleep::1325us
1653076338211952738::Server Total::1995us
1653076338409447955::	Server Work::657us
1653076338410782785::	Server Sleep::1330us
1653076338410804788::Server Total::1988us
1653076338609064443::	Server Work::659us
1653076338610391050::	Server Sleep::1336us
1653076338610410682::Server Total::1996us
1653076338808325771::	Server Work::658us
1653076338809670714::	Server Sleep::1333us
1653076338809692273::Serv