Starting server...Load arg=35000...Use n=35000 to load shuffling... OK
1653076234557073722::	Server Work::639us
1653076234557080372::	Server Sleep::3us
1653076234557132922::Server Total::643us
1653076234621244543::	Server Work::637us
1653076234621248303::	Server Sleep::3us
1653076234621258084::Server Total::640us
1653076234685280387::	Server Work::637us
1653076234685284276::	Server Sleep::3us
1653076234685290722::Server Total::640us
1653076234749544619::	Server Work::639us
1653076234749548194::	Server Sleep::3us
1653076234749555585::Server Total::642us
1653076234813578110::	Server Work::636us
1653076234813581981::	Server Sleep::3us
1653076234813588353::Server Total::640us
1653076234877777123::	Server Work::638us
1653076234877780846::	Server Sleep::3us
1653076234877789330::Server Total::642us
1653076234941944832::	Server Work::638us
1653076234941952556::	Server Sleep::3us
1653076234941959373::Server Total::641us
1653076235006068539::	Server Work::638us
1653076235006072040::	Server Sleep::3us
1653076235006078449::Server Total::641us
1653076235070105080::	Server Work::636us
1653076235070108785::	Server Sleep::3us
1653076235070114935::Server Total::639us
1653076235134173463::	Server Work::637us
1653076235134177000::	Server Sleep::3us
1653076235134183761::Server Total::641us
1653076235198309380::	Server Work::638us
1653076235198313214::	Server Sleep::3us
1653076235198319827::Server Total::640us
1653076235262360147::	Server Work::636us
1653076235262363629::	Server Sleep::3us
1653076235262369908::Server Total::640us
1653076235326419860::	Server Work::637us
1653076235326423565::	Server Sleep::3us
1653076235326429529::Server Total::640us
1653076235390684012::	Server Work::639us
1653076235390688180::	Server Sleep::3us
1653076235390695589::Server Total::643us
1653076235454693861::	Server Work::636us
1653076235454698233::	Server Sleep::3us
1653076235454704994::Server Total::639us
1653076235519044960::	Server Work::640us
1653076235519049387::	Server Sleep::3us
1653076235519072134::Server Total::644us
1653076235583240355::	Server Work::638us
1653076235583244745::	Server Sleep::3us
1653076235583252673::Server Total::641us
1653076235647461793::	Server Work::638us
1653076235647465553::	Server Sleep::3us
1653076235647473036::Server Total::641us
1653076235711610972::	Server Work::638us
1653076235711614881::	Server Sleep::3us
1653076235711621475::Server Total::641us
1653076235775749371::	Server Work::637us
1653076235775752946::	Server Sleep::3us
1653076235775760041::Server Total::641us
1653076235839936968::	Server Work::638us
1653076235839941006::	Server Sleep::3us
1653076235839947619::Server Total::642us
1653076235904080702::	Server Work::638us
1653076235904084258::	Server Sleep::3us
1653076235904090463::Server Total::641us
1653076235968183018::	Server Work::637us
1653076235968187093::	Server Sleep::3us
1653076235968193280::Server Total::640us
1653076236032338376::	Server Work::638us
1653076236032341821::	Server Sleep::3us
1653076236032348212::Server Total::641us
1653076236096501490::	Server Work::637us
1653076236096505269::	Server Sleep::3us
1653076236096511604::Server Total::641us
1653076236160612278::	Server Work::638us
1653076236160615815::	Server Sleep::3us
1653076236160621984::Server Total::641us
1653076236224755999::	Server Work::637us
1653076236224759814::	Server Sleep::3us
1653076236224766316::Server Total::641us
1653076236288870601::	Server Work::638us
1653076236288874250::	Server Sleep::3us
1653076236288880456::Server Total::640us
1653076236353072299::	Server Work::638us
1653076236353076059::	Server Sleep::3us
1653076236353082135::Server Total::642us
1653076236417294094::	Server Work::638us
1653076236417297651::	Server Sleep::3us
1653076236417305579::Server Total::642us
1653076236481387229::	Server Work::637us
1653076236481391434::	Server Sleep::3us
1653076236481398269::Server Total::640us
1653076236585433993::	Server Work::758us
1653076236585442309::	Server Sleep::281us
1653076236585484542::Server Total::1041us
1653076236659266350::	Server Work::676us
1653076236659928323::	Server Sleep::69us
1653076236659958738::Server Total::744us
1653076236737696753::	Server Work::638us
1653076236737700310::	Server Sleep::138us
1653076236737797389::Server Total::778us
1653076236802252943::	Server Work::642us
1653076236802257593::	Server Sleep::3us
1653076236802269707::Server Total::644us
1653076236866569354::	Server Work::639us
1653076236866573022::	Server Sleep::3us
1653076236866587043::Server Total::643us
1653076236930730635::	Server Work::638us
1653076236930735043::	Server Sleep::3us
1653076236930743286::Server Total::641us
1653076236995020706::	Server Work::639us
1653076236995024466::	Server Sleep::3us
1653076236995032949::Server Total::642us
1653076237059242242::	Server Work::638us
1653076237059246780::	Server Sleep::3us
1653076237059254559::Server Total::642us
1653076237123379071::	Server Work::638us
1653076237123382683::	Server Sleep::3us
1653076237123390036::Server Total::641us
1653076237187548944::	Server Work::638us
1653076237187552686::	Server Sleep::3us
1653076237187561281::Server Total::641us
1653076237251779962::	Server Work::639us
1653076237251783352::	Server Sleep::3us
1653076237251791168::Server Total::642us
1653076237315890970::	Server Work::637us
1653076237315894730::	Server Sleep::3us
1653076237315901195::Server Total::640us
1653076237380071531::	Server Work::637us
1653076237380074921::	Server Sleep::4us
1653076237380082108::Server Total::641us
1653076237444451196::	Server Work::641us
1653076237444455604::	Server Sleep::3us
1653076237444465643::Server Total::644us
1653076237508603806::	Server Work::637us
1653076237508607177::	Server Sleep::3us
1653076237508614957::Server Total::641us
1653076237572788535::	Server Work::638us
1653076237572792925::	Server Sleep::3us
1653076237572801334::Server Total::641us
1653076237636976302::	Server Work::638us
1653076237636979914::	Server Sleep::3us
1653076237636990175::Server Total::641us
1653076237701249515::	Server Work::639us
1653076237701253238::	Server Sleep::3us
1653076237701260851::Server Total::643us
1653076237765419351::	Server Work::638us
1653076237765422741::	Server Sleep::4us
1653076237765429502::Server Total::641us
1653076237829625697::	Server Work::638us
1653076237829630198::	Server Sleep::3us
1653076237829638181::Server Total::642us
1653076237894508480::	Server Work::645us
1653076237894512222::	Server Sleep::3us
1653076237894534671::Server Total::648us
1653076237959016693::	Server Work::642us
1653076237959021898::	Server Sleep::3us
1653076237959038569::Server Total::645us
1653076238023301951::	Server Work::639us
1653076238023305693::	Server Sleep::3us
1653076238023317900::Server Total::642us
1653076238087593048::	Server Work::639us
1653076238087597697::	Server Sleep::3us
1653076238087606310::Server Total::642us
1653076238152220204::	Server Work::643us
1653076238152223557::	Server Sleep::3us
1653076238152232133::Server Total::646us
1653076238216408998::	Server Work::638us
1653076238216412833::	Server Sleep::3us
1653076238216420909::Server Total::642us
1653076238280574491::	Server Work::638us
1653076238280577844::	Server Sleep::3us
1653076238280584808::Server Total::641us
1653076238346171541::	Server Work::652us
1653076238346177302::	Server Sleep::3us
1653076238346208124::Server Total::655us
1653076238410645477::	Server Work::641us
1653076238410649330::	Server Sleep::3us
1653076238410662814::Server Total::644us
1653076238474729710::	Server Work::637us
1653076238474733822::	Server Sleep::3us
1653076238474740934::Server Total::641us
1653076238538924839::	Server Work::638us
1653076238538928580::	Server Sleep::3us
1653076238538935619::Server Total::641us
1653076238603256204::	Server Work::640us
1653076238603260575::	Server Sleep::3us
1653076238603268169::Server Total::643us
1653076238667387929::	Server Work::637us
1653076238667391782::	Server Sleep::3us
1653076238667399154::Server Total::641us
1653076238731529620::	Server Work::638us
1653076238731533269::	Server Sleep::3us
1653076238731539548::Server Total::641us
1653076238795738789::	Server Work::638us
1653076238795742160::	Server Sleep::3us
1653076238795748680::Server Total::641us
1653076238859967889::	Server Work::639us
1653076238859971668::	Server Sleep::3us
1653076238860066987::Server Total::643us
1653076238924255151::	Server Work::639us
1653076238924258837::	Server Sleep::3us
1653076238924270599::Server Total::642us
1653076238988383506::	Server Work::638us
1653076238988387210::	Server Sleep::3us
1653076238988393841::Server Total::640us
1653076239052670504::	Server Work::639us
1653076239052673857::	Server Sleep::3us
1653076239052680247::Server Total::643us
1653076239116847407::	Server Work::638us
1653076239116851464::	Server Sleep::3us
1653076239116857780::Server Total::641us
1653076239180963907::	Server Work::637us
1653076239180967278::	Server Sleep::3us
1653076239180973391::Server Total::641us
1653076239245240277::	Server Work::639us
1653076239245243908::	Server Sleep::3us
1653076239245250169::Server Total::642us
1653076239309409178::	Server Work::638us
1653076239309412587::	Server Sleep::3us
1653076239309418829::Server Total::641us
1653076239373674935::	Server Work::639us
1653076239373678566::	Server Sleep::3us
1653076239373684956::Server Total::642us
1653076239437874121::	Server Work::638us
1653076239437877714::	Server Sleep::3us
1653076239437884512::Server Total::642us
1653076239502123522::	Server Work::639us
1653076239502127208::	Server Sleep::3us
1653076239502133617::Server Total::642us
1653076239566262287::	Server Work::638us
1653076239566265676::	Server Sleep::3us
1653076239566271937::Server Total::641us
1653076239630401366::	Server Work::637us
1653076239630405367::	Server Sleep::3us
1653076239630412387::Server Total::641us
1653076239694660714::	Server Work::639us
1653076239694664122::	Server Sleep::3us
1653076239694670660::Server Total::642us
1653076239758805257::	Server Work::638us
1653076239758808925::	Server Sleep::3us
1653076239758815204::Server Total::641us
1653076239822922239::	Server Work::637us
1653076239822926091::	Server Sleep::3us
1653076239822932056::Server Total::640us
1653076239887191756::	Server Work::639us
1653076239887196868::	Server Sleep::3us
1653076239887214205::Server Total::643us
1653076239951645918::	Server Work::641us
1653076239951649992::	Server Sleep::3us
1653076239951667922::Server Total::644us
1653076240015760703::	Server Work::638us
1653076240015764665::	Server Sleep::3us
1653076240015771849::Server Total::640us
1653076240079899585::	Server Work::637us
1653076240079902991::	Server Sleep::3us
1653076240079909768::Server Total::641us
1653076240144120949::	Server Work::639us
1653076240144125152::	Server Sleep::3us
1653076240144131892::Server Total::642us
1653076240208244964::	Server Work::637us
1653076240208248352::	Server Sleep::3us
1653076240208254554::Server Total::641us
1653076240272381587::	Server Work::638us
1653076240272385530::	Server Sleep::3us
1653076240272392214::Server Total::641us
1653076240336466165::	Server Work::637us
1653076240336469479::	Server Sleep::3us
1653076240336475737::Server Total::640us
1653076240400756978::	Server Work::639us
1653076240400761181::	Server Sleep::3us
1653076240400768753::Server Total::642us
1653076240464882566::	Server Work::637us
1653076240464885917::	Server Sleep::3us
1653076240464892694::Server Total::641us
1653076240528964682::	Server Work::637us
1653076240528968310::	Server Sleep::3us
1653076240528974494::Server Total::640us
1653076240593226223::	Server Work::639us
1653076240593229685::	Server Sleep::3us
1653076240593237462::Server Total::643us
1653076240657415224::	Server Work::638us
1653076240657419445::	Server Sleep::3us
1653076240657426703::Server Total::641us
1653076240721510855::	Server Work::638us
1653076240721514244::	Server Sleep::3us
1653076240721520687::Server Total::640us
1653076240785613744::	Server Work::637us
1653076240785617355::	Server Sleep::3us
1653076240785623890::Server Total::641us
1653076240849835387::	Server Work::638us
1653076240849838905::	Server Sleep::3us
1653076240849845163::Server Total::642us
1653076240913981415::	Server Work::638us
1653076240913985618::	Server Sleep::3us
1653076240913992450::Server Total::641us
1653076240978098412::	Server Work::638us
1653076240978101856::	Server Sleep::3us
1653076240978108188::Server Total::640us
1653076241042306760::	Server Work::638us
1653076241042310444::	Server Sleep::3us
1653076241042381301::Server Total::642us
1653076241106521606::	Server Work::638us
1653076241106525123::	Server Sleep::3us
1653076241106531955::Server Total::641us
1653076241170672390::	Server Work::638us
1653076241170676297::	Server Sleep::3us
1653076241170682999::Server Total::641us
1653076241234741690::	Server Work::637us
1653076241234745060::	Server Sleep::3us
1653076241234751633::Server Total::641us
1653076241298978217::	Server Work::639us
1653076241298982050::	Server Sleep::3us
1653076241298988808::Server Total::641us
1653076241363112838::	Server Work::637us
1653076241363116504::	Server Sleep::3us
1653076241363122743::Server Total::641us
1653076241427257568::	Server Work::638us
1653076241427261530::	Server Sleep::3us
1653076241427268436::Server Total::641us
1653076241491438902::	Server Work::638us
1653076241491442623::	Server Sleep::3us
1653076241491449104::Server Total::642us
1653076241555618847::	Server Work::638us
1653076241555622643::	Server Sleep::3us
1653076241555629716::Server Total::641us
1653076241619715642::	Server Work::637us
1653076241619719012::	Server Sleep::3us
1653076241619725418::Server Total::640us
1653076241683876406::	Server Work::638us
1653076241683880479::	Server Sleep::3us
1653076241683888033::Server Total::641us
1653076241748136965::	Server Work::639us
1653076241748140409::	Server Sleep::3us
1653076241748147889::Server Total::643us
1653076241812237149::	Server Work::637us
1653076241812240889::	Server Sleep::3us
1653076241812247165::Server Total::640us
1653076241876317391::	Server Work::637us
1653076241876320779::	Server Sleep::3us
1653076241876326963::Server Total::640us
1653076241940578580::	Server Work::639us
1653076241940582449::	Server Sleep::3us
1653076241940588893::Server Total::642us
1653076242004682893::	Server Work::637us
1653076242004686281::	Server Sleep::3us
1653076242004692410::Server Total::641us
1653076242068812305::	Server Work::638us
1653076242068816230::	Server Sleep::3us
1653076242068822673::Server Total::641us
1653076242132913500::	Server Work::637us
1653076242132916869::	Server Sleep::3us
1653076242132923035::Server Total::640us
1653076242197144189::	Server Work::639us
1653076242197148133::	Server Sleep::3us
1653076242197154372::Server Total::642us
1653076242261298874::	Server Work::638us
1653076242261302281::	Server Sleep::3us
1653076242261308446::Server Total::641us
1653076242325396014::	Server Work::637us
1653076242325399624::	Server Sleep::3us
1653076242325406012::Server Total::641us
1653076242389558308::	Server Work::637us
1653076242389561863::	Server Sleep::3us
1653076242389567973::Server Total::641us
1653076242453782647::	Server Work::639us
1653076242453786554::	Server Sleep::3us
1653076242453793589::Server Total::641us
1653076242517878750::	Server Work::637us
1653076242517882138::	Server Sleep::3us
1653076242517888656::Server Total::641us
1653076242581983703::	Server Work::637us
1653076242581987332::	Server Sleep::3us
1653076242581993590::Server Total::640us
1653076242646247442::	Server Work::639us
1653076242646250756::	Server Sleep::3us
1653076242646257755::Server Total::643us
1653076242710408366::	Server Work::638us
1653076242710412366::	Server Sleep::3us
1653076242710418624::Server Total::641us
1653076242774520096::	Server Work::637us
1653076242774523485::	Server Sleep::3us
1653076242774529465::Server Total::640us
1653076242838592796::	Server Work::637us
1653076242838596481::	Server Sleep::3us
1653076242838602609::Server Total::641us
1653076242902824134::	Server Work::639us
1653076242902827522::	Server Sleep::3us
1653076242902833947::Server Total::641us
1653076242966995149::	Server Work::638us
1653076242966999315::	Server Sleep::3us
1653076242967005480::Server Total::642us
1653076243031093253::	Server Work::637us
1653076243031096937::	Server Sleep::3us
1653076243031103269::Server Total::640us
1653076243095298104::	Server Work::639us
1653076243095301956::	Server Sleep::3us
1653076243095308029::Server Total::642us
1653076243159422415::	Server Work::637us
1653076243159426044::	Server Sleep::3us
1653076243159432265::Server Total::640us
1653076243223557927::	Server Work::638us
1653076243223561907::	Server Sleep::3us
1653076243223618842::Server Total::642us
1653076243288989010::	Server Work::650us
1653076243288993157::	Server Sleep::4us
1653076243289006359::Server Total::653us
1653076243355286499::	Server Work::659us
1653076243355292035::	Server Sleep::3us
1653076243355306291::Server Total::663us
1653076243420319262::	Server Work::646us
1653076243420323150::	Server Sleep::3us
1653076243420335056::Server Total::649us
1653076243484448738::	Server Work::638us
1653076243484452849::	Server Sleep::3us
1653076243484459533::Server Total::641us
1653076243548746518::	Server Work::639us
1653076243548749999::	Server Sleep::3us
1653076243548757054::Server Total::643us
1653076243612901786::	Server Work::637us
1653076243612905674::	Server Sleep::3us
1653076243612911988::Server Total::641us
1653076243677037780::	Server Work::638us
1653076243677041298::	Server Sleep::3us
1653076243677049296::Server Total::641us
1653076243741329635::	Server Work::639us
1653076243741333653::	Server Sleep::3us
1653076243741340392::Server Total::642us
1653076243805514509::	Server Work::638us
1653076243805518008::	Server Sleep::3us
1653076243805524322::Server Total::641us
1653076243869626617::	Server Work::637us
1653076243869630358::	Server Sleep::3us
1653076243869636449::Server Total::641us
1653076243933795346::	Server Work::638us
1653076243933798864::	Server Sleep::3us
1653076243933805363::Server Total::641us
1653076243998060280::	Server Work::639us
1653076243998064242::	Server Sleep::3us
1653076243998071000::Server Total::642us
1653076244062166995::	Server Work::637us
1653076244062170476::	Server Sleep::3us
1653076244062176586::Server Total::641us
1653076244126323787::	Server Work::638us
1653076244126327564::	Server Sleep::3us
1653076244126333693::Server Total::641us
1653076244190564622::	Server Work::638us
1653076244190568140::	Server Sleep::3us
1653076244190574324::Server Total::642us
1653076244254712379::	Server Work::638us
1653076244254716285::	Server Sleep::3us
1653076244254722284::Server Total::641us
1653076244318990651::	Server Work::639us
1653076244318994373::	Server Sleep::3us
1653076244319000835::Server Total::642us
1653076244383180920::	Server Work::638us
1653076244383184901::	Server Sleep::3us
1653076244383191381::Server Total::641us
1653076244447472098::	Server Work::639us
1653076244447475783::	Server Sleep::3us
1653076244447482541::Server Total::643us
1653076244511600173::	Server Work::638us
1653076244511603895::	Server Sleep::3us
1653076244511610005::Server Total::641us
1653076244575768723::	Server Work::638us
1653076244575772204::	Server Sleep::3us
1653076244575778351::Server Total::641us
1653076244640039293::	Server Work::638us
1653076244640043052::	Server Sleep::3us
1653076244640049773::Server Total::642us
1653076244704174293::	Server Work::638us
1653076244704177755::	Server Sleep::3us
1653076244704184088::Server Total::641us
1653076244768372449::	Server Work::638us
1653076244768376337::	Server Sleep::3us
1653076244768382614::Server Total::641us
1653076244832504931::	Server Work::637us
1653076244832508597::	Server Sleep::3us
1653076244832516707::Server Total::641us
1653076244896746802::	Server Work::639us
1653076244896750838::	Server Sleep::3us
1653076244896756912::Server Total::642us
1653076244960894966::	Server Work::638us
1653076244960898466::	Server Sleep::3us
1653076244960904761::Server Total::641us
1653076245025064495::	Server Work::638us
1653076245025068272::	Server Sleep::3us
1653076245025074901::Server Total::641us
1653076245089257823::	Server Work::638us
1653076245089261545::	Server Sleep::3us
1653076245089267933::Server Total::642us
1653076245153498904::	Server Work::638us
1653076245153502663::	Server Sleep::3us
1653076245153509125::Server Total::642us
1653076245217624039::	Server Work::637us
1653076245217627465::	Server Sleep::3us
1653076245217633834::Server Total::640us
1653076245281814257::	Server Work::639us
1653076245281818293::	Server Sleep::3us
1653076245281824478::Server Total::642us
1653076245346084666::	Server Work::638us
1653076245346088184::	Server Sleep::3us
1653076245346151841::Server Total::643us
1653076245410338393::	Server Work::639us
1653076245410342689::	Server Sleep::3us
1653076245410349780::Server Total::641us
1653076245474498523::	Server Work::638us
1653076245474502059::	Server Sleep::3us
1653076245474508281::Server Total::641us
1653076245538628787::	Server Work::637us
1653076245538632564::	Server Sleep::3us
1653076245538638489::Server Total::641us
1653076245602919249::	Server Work::639us
1653076245602923026::	Server Sleep::3us
1653076245602929895::Server Total::642us
1653076245667101671::	Server Work::638us
1653076245667105634::	Server Sleep::3us
1653076245667111799::Server Total::642us
1653076245731214957::	Server Work::637us
1653076245731218641::	Server Sleep::3us
1653076245731224807::Server Total::640us
1653076245795506418::	Server Work::640us
1653076245795510362::	Server Sleep::3us
1653076245795516565::Server Total::643us
1653076245859663530::	Server Work::637us
1653076245859667029::	Server Sleep::3us
1653076245859673602::Server Total::641us
1653076245923787758::	Server Work::638us
1653076245923791480::	Server Sleep::3us
1653076245923797571::Server Total::641us
1653076245987944407::	Server Work::637us
1653076245987947906::	Server Sleep::3us
1653076245987953813::Server Total::641us
1653076246052279890::	Server Work::640us
1653076246052283760::	Server Sleep::3us
1653076246052289871::Server Total::642us
1653076246116413490::	Server Work::637us
1653076246116416971::	Server Sleep::3us
1653076246116423063::Server Total::641us
1653076246180578382::	Server Work::638us
1653076246180582067::	Server Sleep::3us
1653076246180588307::Server Total::642us
1653076246244788526::	Server Work::638us
1653076246244792045::	Server Sleep::3us
1653076246244798321::Server Total::641us
1653076246308950141::	Server Work::638us
1653076246308954011::	Server Sleep::3us
1653076246308959991::Server Total::641us
1653076246373120402::	Server Work::638us
1653076246373123883::	Server Sleep::3us
1653076246373130104::Server Total::641us
1653076246437295848::	Server Work::638us
1653076246437299866::	Server Sleep::3us
1653076246437306291::Server Total::642us
1653076246501570946::	Server Work::639us
1653076246501574482::	Server Sleep::3us
1653076246501580741::Server Total::642us
1653076246565774573::	Server Work::638us
1653076246565778294::	Server Sleep::3us
1653076246565784645::Server Total::641us
1653076246632379835::	Server Work::662us
1653076246632384390::	Server Sleep::3us
1653076246632415701::Server Total::666us
1653076246696854590::	Server Work::641us
1653076246696860422::	Server Sleep::3us
1653076246696885085::Server Total::644us
1653076246761068419::	Server Work::638us
1653076246761072270::	Server Sleep::3us
1653076246761083546::Server Total::642us
1653076246825205759::	Server Work::638us
1653076246825210499::	Server Sleep::3us
1653076246825219775::Server Total::641us
1653076246889390981::	Server Work::638us
1653076246889394814::	Server Sleep::3us
1653076246889403461::Server Total::641us
1653076246953577481::	Server Work::638us
1653076246953581128::	Server Sleep::3us
1653076246953588498::Server Total::641us
1653076247017716921::	Server Work::638us
1653076247017720310::	Server Sleep::3us
1653076247017728012::Server Total::641us
1653076247081897573::	Server Work::638us
1653076247081901313::	Server Sleep::3us
1653076247081909256::Server Total::642us
1653076247146125070::	Server Work::638us
1653076247146128421::	Server Sleep::4us
1653076247146136420::Server Total::641us
1653076247210276855::	Server Work::638us
1653076247210280799::	Server Sleep::3us
1653076247210289075::Server Total::641us
1653076247274409272::	Server Work::638us
1653076247274412938::	Server Sleep::3us
1653076247274421918::Server Total::641us
1653076247338536541::	Server Work::637us
1653076247338540615::	Server Sleep::3us
1653076247338547577::Server Total::641us
1653076247402879541::	Server Work::640us
1653076247402883485::	Server Sleep::3us
1653076247402896039::Server Total::643us
1653076247467036400::	Server Work::638us
1653076247467040455::	Server Sleep::3us
1653076247467048305::Server Total::641us
1653076247531159781::	Server Work::637us
1653076247531163355::	Server Sleep::3us
1653076247531243936::Server Total::642us
1653076247595509132::	Server Work::640us
1653076247595512946::	Server Sleep::3us
1653076247595522186::Server Total::642us
1653076247659709170::	Server Work::638us
1653076247659713169::	Server Sleep::3us
1653076247659721131::Server Total::641us
1653076247723811146::	Server Work::638us
1653076247723815146::	Server Sleep::3us
1653076247723824626::Server Total::641us
1653076247787965783::	Server Work::637us
1653076247787969208::	Server Sleep::3us
1653076247787977355::Server Total::641us
1653076247852482130::	Server Work::642us
1653076247852487703::	Server Sleep::3us
1653076247852502257::Server Total::645us
1653076247916647339::	Server Work::638us
1653076247916650931::	Server Sleep::3us
1653076247916661318::Server Total::641us
1653076247981043813::	Server Work::640us
1653076247981048683::	Server Sleep::3us
1653076247981066514::Server Total::643us
1653076248045944366::	Server Work::645us
1653076248045948421::	Server Sleep::3us
1653076248045966178::Server Total::649us
1653076248110287758::	Server Work::640us
1653076248110292091::	Server Sleep::3us
1653076248110303534::Server Total::643us
1653076248174451952::	Server Work::638us
1653076248174455544::	Server Sleep::3us
1653076248174464357::Server Total::641us
1653076248238693005::	Server Work::638us
1653076248238697042::	Server Sleep::3us
1653076248238706485::Server Total::642us
1653076248303095002::	Server Work::641us
1653076248303099501::	Server Sleep::3us
1653076248303112703::Server Total::643us
1653076248367487222::	Server Work::640us
1653076248367492832::	Server Sleep::3us
1653076248367517774::Server Total::644us
1653076248437282707::	Server Work::640us
1653076248437930866::	Server Sleep::63us
1653076248437957419::Server Total::704us
1653076248566706048::	Server Work::663us
1653076248567360077::	Server Sleep::630us
1653076248567390907::Server Total::1294us
1653076248651721157::	Server Work::645us
1653076248651725546::	Server Sleep::198us
1653076248651756783::Server Total::843us
1653076248716102397::	Server Work::640us
1653076248716106989::	Server Sleep::3us
1653076248716117451::Server Total::643us
1653076248784589214::	Server Work::681us
1653076248784593324::	Server Sleep::3us
1653076248784613433::Server Total::684us
1653076248848558468::	Server Work::636us
1653076248848562653::	Server Sleep::3us
1653076248848568893::Server Total::639us
1653076248912509003::	Server Work::636us
1653076248912512318::	Server Sleep::3us
1653076248912517650::Server Total::639us
1653076248976463463::	Server Work::636us
1653076248976467278::	Server Sleep::3us
1653076248976472518::Server Total::639us
1653076249040448691::	Server Work::636us
1653076249040452024::	Server Sleep::3us
1653076249040457709::Server Total::640us
1653076249104391025::	Server Work::635us
1653076249104394580::	Server Sleep::3us
1653076249104400338::Server Total::639us
1653076249168353374::	Server Work::636us
1653076249168356670::	Server Sleep::3us
1653076249168361910::Server Total::639us
1653076249232328240::	Server Work::636us
1653076249232331758::	Server Sleep::3us
1653076249232337221::Server Total::639us
1653076249296281054::	Server Work::636us
1653076249296284368::	Server Sleep::3us
1653076249296289627::Server Total::639us
1653076249360246014::	Server Work::636us
1653076249360249662::	Server Sleep::3us
1653076249360254883::Server Total::639us
1653076249424203345::	Server Work::636us
1653076249424206771::	Server Sleep::3us
1653076249424212474::Server Total::639us
1653076249488157140::	Server Work::636us
1653076249488161029::	Server Sleep::3us
1653076249488166158::Server Total::639us
1653076249552117638::	Server Work::636us
1653076249552120989::	Server Sleep::3us
1653076249552126285::Server Total::639us
1653076249616100355::	Server Work::636us
1653076249616104003::	Server Sleep::3us
1653076249616110169::Server Total::640us
1653076249680065463::	Server Work::636us
1653076249680068815::	Server Sleep::3us
1653076249680074092::Server Total::639us
1653076249744052532::	Server Work::636us
1653076249744056198::	Server Sleep::3us
1653076249744134597::Server Total::640us
1653076249808127146::	Server Work::637us
1653076249808130794::	Server Sleep::3us
1653076249808138460::Server Total::639us
1653076249872104827::	Server Work::636us
1653076249872108419::	Server Sleep::3us
1653076249872113363::Server Total::640us
1653076249936063251::	Server Work::636us
1653076249936066565::	Server Sleep::3us
1653076249936071842::Server Total::639us
1653076250000018712::	Server Work::636us
1653076250000022378::	Server Sleep::3us
1653076250000027304::Server Total::639us
1653076250063977874::	Server Work::635us
1653076250063981207::	Server Sleep::3us
1653076250063986317::Server Total::639us
1653076250127923412::	Server Work::636us
1653076250127926912::	Server Sleep::3us
1653076250127932208::Server Total::639us
1653076250191878339::	Server Work::636us
1653076250191881709::	Server Sleep::3us
1653076250191886838::Server Total::639us
1653076250255828414::	Server Work::636us
1653076250255831914::	Server Sleep::3us
1653076250255836913::Server Total::639us
1653076250319781211::	Server Work::636us
1653076250319784507::	Server Sleep::3us
1653076250319789581::Server Total::639us
1653076250383727879::	Server Work::635us
1653076250383731398::	Server Sleep::3us
1653076250383736212::Server Total::639us
1653076250447693453::	Server Work::636us
1653076250447696786::	Server Sleep::3us
1653076250447702637::Server Total::639us
1653076250511660600::	Server Work::636us
1653076250511664433::	Server Sleep::3us
1653076250511669340::Server Total::639us
1653076250575621174::	Server Work::636us
1653076250575624489::	Server Sleep::3us
1653076250575629544::Server Total::639us
1653076250639600043::	Server Work::636us
1653076250639603728::	Server Sleep::3us
1653076250639609486::Server Total::639us
1653076250703567487::	Server Work::636us
1653076250703570968::	Server Sleep::3us
1653076250703578041::Server Total::640us
1653076250767531597::	Server Work::636us
1653076250767535227::	Server Sleep::3us
1653076250767540170::Server Total::639us
1653076250831516484::	Server Work::636us
1653076250831519742::	Server Sleep::3us
1653076250831526742::Server Total::639us
1653076250895482298::	Server Work::636us
1653076250895486149::	Server Sleep::3us
1653076250895491149::Server Total::639us
1653076250959440798::	Server Work::636us
1653076250959444261::	Server Sleep::3us
1653076250959449242::Server Total::639us
1653076251023391041::	Server Work::636us
1653076251023395059::	Server Sleep::3us
1653076251023400114::Server Total::639us
1653076251087349730::	Server Work::636us
1653076251087353249::	Server Sleep::3us
1653076251087358230::Server Total::640us
1653076251151299587::	Server Work::636us
1653076251151303198::	Server Sleep::3us
1653076251151308290::Server Total::638us
1653076251215257351::	Server Work::635us
1653076251215260869::	Server Sleep::3us
1653076251215265813::Server Total::640us
1653076251279217762::	Server Work::636us
1653076251279221428::	Server Sleep::3us
1653076251279226539::Server Total::639us
1653076251343161157::	Server Work::636us
1653076251343164675::	Server Sleep::3us
1653076251343169637::Server Total::639us
1653076251407125401::	Server Work::636us
1653076251407129364::	Server Sleep::3us
1653076251407134919::Server Total::639us
1653076251471068925::	Server Work::636us
1653076251471072406::	Server Sleep::3us
1653076251471077462::Server Total::639us
1653076251535035355::	Server Work::636us
1653076251535039317::	Server Sleep::3us
1653076251535044946::Server Total::639us
1653076251598987637::	Server Work::635us
1653076251598991155::	Server Sleep::3us
1653076251598996247::Server Total::639us
1653076251685024369::	Server Work::663us
1653076251685679711::	Server Sleep::203us
1653076251685721244::Server Total::867us
1653076251814369586::	Server Work::643us
1653076251815021206::	Server Sleep::649us
1653076251815066886::Server Total::1293us
1653076251946338687::	Server Work::671us
1653076251946998584::	Server Sleep::648us
1653076251947038728::Server Total::1319us
1653076252077021635::	Server Work::659us
1653076252077702405::	Server Sleep::647us
1653076252077753474::Server Total::1306us
1653076252207467977::	Server Work::679us
1653076252208134452::	Server Sleep::624us
1653076252208305733::Server Total::1305us
1653076252420824040::	Server Work::776us
1653076252420829058::	Server Sleep::1350us
1653076252420871628::Server Total::2126us
1653076252499081598::	Server Work::642us
1653076252499109021::	Server Sleep::140us
1653076252499213548::Server Total::783us
1653076252565631591::	Server Work::660us
1653076252565636201::	Server Sleep::3us
1653076252565677290::Server Total::664us
1653076252629846485::	Server Work::639us
1653076252629852206::	Server Sleep::3us
1653076252629882648::Server Total::641us
1653076252693978997::	Server Work::637us
1653076252693983071::	Server Sleep::3us
1653076252694004736::Server Total::641us
1653076252759106511::	Server Work::647us
1653076252759113251::	Server Sleep::4us
1653076252759139878::Server Total::651us
1653076252823800027::	Server Work::644us
1653076252823803527::	Server Sleep::3us
1653076252823814526::Server Total::646us
1653076252888106987::	Server Work::639us
1653076252888111134::	Server Sleep::3us
1653076252888119319::Server Total::643us
1653076252952359377::	Server Work::639us
1653076252952363062::	Server Sleep::3us
1653076252952371043::Server Total::642us
1653076253016363265::	Server Work::636us
1653076253016367320::	Server Sleep::3us
1653076253016373134::Server Total::639us
1653076253080341838::	Server Work::636us
1653076253080345282::	Server Sleep::3us
1653076253080350726::Server Total::639us
1653076253144307264::	Server Work::636us
1653076253144310819::	Server Sleep::3us
1653076253144316485::Server Total::640us
1653076253208297724::	Server Work::636us
1653076253208301076::	Server Sleep::3us
1653076253208307187::Server Total::639us
1653076253272299777::	Server Work::636us
1653076253272303443::	Server Sleep::3us
1653076253272309776::Server Total::639us
1653076253336248075::	Server Work::636us
1653076253336251426::	Server Sleep::3us
1653076253336256592::Server Total::639us
1653076253400217445::	Server Work::636us
1653076253400221056::	Server Sleep::3us
1653076253400226981::Server Total::640us
1653076253464178871::	Server Work::636us
1653076253464182223::	Server Sleep::3us
1653076253464187370::Server Total::639us
1653076253528155722::	Server Work::636us
1653076253528159814::	Server Sleep::3us
1653076253528164869::Server Total::639us
1653076253592119148::	Server Work::636us
1653076253592122500::	Server Sleep::3us
1653076253592127925::Server Total::639us
1653076253656092518::	Server Work::636us
1653076253656096147::	Server Sleep::3us
1653076253656101999::Server Total::640us
1653076253720047667::	Server Work::636us
1653076253720051018::	Server Sleep::3us
1653076253720056240::Server Total::639us
1653076253784010445::	Server Work::636us
1653076253784014093::	Server Sleep::3us
1653076253784019518::Server Total::639us
1653076253847982611::	Server Work::636us
1653076253847985981::	Server Sleep::3us
1653076253847991110::Server Total::639us
1653076253911957981::	Server Work::636us
1653076253911961554::	Server Sleep::3us
1653076253911967147::Server Total::639us
1653076253975922314::	Server Work::636us
1653076253975925703::	Server Sleep::3us
1653076253975930962::Server Total::639us
1653076254039891355::	Server Work::636us
1653076254039895022::	Server Sleep::3us
1653076254039900096::Server Total::639us
1653076254103858219::	Server Work::636us
1653076254103861571::	Server Sleep::3us
1653076254103866774::Server Total::640us
1653076254167830175::	Server Work::636us
1653076254167833712::	Server Sleep::3us
1653076254167838749::Server Total::639us
1653076254231799780::	Server Work::636us
1653076254231803150::	Server Sleep::3us
1653076254231808427::Server Total::639us
1653076254295771588::	Server Work::636us
1653076254295775106::	Server Sleep::3us
1653076254295780291::Server Total::639us
1653076254359729952::	Server Work::635us
1653076254359733322::	Server Sleep::3us
1653076254359738433::Server Total::639us
1653076254423697260::	Server Work::636us
1653076254423700890::	Server Sleep::3us
1653076254423706278::Server Total::640us
1653076254487660606::	Server Work::636us
1653076254487663902::	Server Sleep::3us
1653076254487746655::Server Total::639us
1653076254551709797::	Server Work::637us
1653076254551713889::	Server Sleep::3us
1653076254551720981::Server Total::640us
1653076254615687326::	Server Work::636us
1653076254615690660::	Server Sleep::3us
1653076254615696881::Server Total::639us
1653076254679674874::	Server Work::636us
1653076254679678429::	Server Sleep::3us
1653076254679683410::Server Total::639us
1653076254743636701::	Server Work::636us
1653076254743640016::	Server Sleep::3us
1653076254743645441::Server Total::640us
1653076254807614583::	Server Work::636us
1653076254807618267::	Server Sleep::3us
1653076254807623508::Server Total::639us
1653076254871600038::	Server Work::636us
1653076254871603352::	Server Sleep::3us
1653076254871608370::Server Total::639us
1653076254935595603::	Server Work::637us
1653076254935599121::	Server Sleep::3us
1653076254935604991::Server Total::640us
1653076254999561596::	Server Work::635us
1653076254999564930::	Server Sleep::3us
1653076254999569837::Server Total::639us
1653076255063531849::	Server Work::636us
1653076255063535553::	Server Sleep::3us
1653076255063540923::Server Total::639us
1653076255127507321::	Server Work::636us
1653076255127510728::	Server Sleep::3us
1653076255127515765::Server Total::639us
1653076255191490477::	Server Work::636us
1653076255191494384::	Server Sleep::3us
1653076255191499550::Server Total::640us
1653076255255459412::	Server Work::636us
1653076255255462949::	Server Sleep::3us
1653076255255468226::Server Total::639us
1653076255319466455::	Server Work::637us
1653076255319470251::	Server Sleep::3us
1653076255319476529::Server Total::639us
1653076255383430539::	Server Work::636us
1653076255383434039::	Server Sleep::3us
1653076255383439298::Server Total::640us
1653076255447401770::	Server Work::636us
1653076255447405677::	Server Sleep::3us
1653076255447410658::Server Total::639us
1653076255511368316::	Server Work::635us
1653076255511371853::	Server Sleep::3us
1653076255511376871::Server Total::639us
1653076255575340233::	Server Work::636us
1653076255575344214::	Server Sleep::3us
1653076255575349473::Server Total::639us
1653076255639326018::	Server Work::637us
1653076255639329592::	Server Sleep::3us
1653076255639335388::Server Total::640us
1653076255703296972::	Server Work::636us
1653076255703300675::	Server Sleep::3us
1653076255703305730::Server Total::639us
1653076255767258889::	Server Work::635us
1653076255767262444::	Server Sleep::3us
1653076255767267703::Server Total::639us
1653076255831222398::	Server Work::636us
1653076255831226213::	Server Sleep::3us
1653076255831231342::Server Total::639us
1653076255895194870::	Server Work::636us
1653076255895198407::	Server Sleep::3us
1653076255895203628::Server Total::639us
1653076255959175860::	Server Work::636us
1653076255959179693::	Server Sleep::3us
1653076255959185285::Server Total::640us
1653076256023152796::	Server Work::636us
1653076256023156444::	Server Sleep::3us
1653076256023161648::Server Total::639us
1653076256087112048::	Server Work::636us
1653076256087116085::	Server Sleep::3us
1653076256087121177::Server Total::639us
1653076256151078022::	Server Work::636us
1653076256151081688::	Server Sleep::3us
1653076256151086781::Server Total::639us
1653076256215049865::	Server Work::636us
1653076256215053643::	Server Sleep::3us
1653076256215058828::Server Total::639us
1653076256279032301::	Server Work::636us
1653076256279035838::	Server Sleep::3us
1653076256279041282::Server Total::640us
1653076256342996256::	Server Work::636us
1653076256343000015::	Server Sleep::3us
1653076256343004941::Server Total::639us
1653076256406945009::	Server Work::636us
1653076256406948545::	Server Sleep::3us
1653076256406953915::Server Total::639us
1653076256470891224::	Server Work::636us
1653076256470894891::	Server Sleep::3us
1653076256470899946::Server Total::639us
1653076256534869141::	Server Work::636us
1653076256534872567::	Server Sleep::3us
1653076256534878048::Server Total::639us
1653076256598823394::	Server Work::636us
1653076256598827097::	Server Sleep::3us
1653076256598832319::Server Total::639us
1653076256662779201::	Server Work::635us
1653076256662782534::	Server Sleep::3us
1653076256667805606::Server Total::689us
1653076256731846982::	Server Work::687us
1653076256731851000::	Server Sleep::3us
1653076256731860518::Server Total::640us
1653076256808863037::	Server Work::686us
1653076256808868074::	Server Sleep::83us
1653076256808900406::Server Total::770us
1653076256918221307::	Server Work::917us
1653076256918900894::	Server Sleep::182us
1653076256918938114::Server Total::1100us
1653076257021943665::	Server Work::672us
1653076257021948017::	Server Sleep::358us
1653076257021979348::Server Total::1030us
1653076257086116466::	Server Work::638us
1653076257086122114::	Server Sleep::3us
1653076257086143372::Server Total::641us
1653076257230722280::	Server Work::678us
1653076257234863898::	Server Sleep::808us
1653076257234895618::Server Total::1487us
1653076257399518431::	Server Work::638us
1653076257402865112::	Server Sleep::1041us
1653076257402895147::Server Total::1680us
1653076257560857188::	Server Work::637us
1653076257560862447::	Server Sleep::942us
1653076257560909481::Server Total::1579us
1653076257770618247::	Server Work::639us
1653076257770625524::	Server Sleep::1458us
1653076257770657245::Server Total::2097us
1653076257886652674::	Server Work::640us
1653076257886656878::	Server Sleep::519us
1653076257886687450::Server Total::1160us
1653076257993306835::	Server Work::640us
1653076257993313483::	Server Sleep::425us
1653076257993342667::Server Total::1066us
1653076258156031768::	Server Work::640us
1653076258156036453::	Server Sleep::986us
1653076258156067785::Server Total::1627us
1653076258286252246::	Server Work::639us
1653076258286258764::	Server Sleep::663us
1653076258286288170::Server Total::1302us
1653076258384234537::	Server Work::639us
1653076258384241092::	Server Sleep::339us
1653076258384285164::Server Total::979us
1653076258537474939::	Server Work::643us
1653076258537483068::	Server Sleep::889us
1653076258537515808::Server Total::1532us
1653076258714285590::	Server Work::639us
1653076258714290886::	Server Sleep::1128us
1653076258714323699::Server Total::1767us
1653076258838763244::	Server Work::640us
1653076258838769502::	Server Sleep::604us
1653076258838800038::Server Total::1245us
1653076258981447395::	Server Work::643us
1653076258981452117::	Server Sleep::782us
1653076258981483301::Server Total::1426us
1653076259138710876::	Server Work::641us
1653076259140160535::	Server Sleep::945us
1653076259140226995::Server Total::1587us
1653076259297053138::	Server Work::746us
1653076259297058341::	Server Sleep::822us
1653076259297088747::Server Total::1568us
1653076259451312781::	Server Work::687us
1653076259451319596::	Server Sleep::855us
1653076259451349891::Server Total::1542us
1653076259612165656::	Server Work::642us
1653076259612170711::	Server Sleep::965us
1653076259612216042::Server Total::1608us
1653076259764166490::	Server Work::685us
1653076259764173860::	Server Sleep::834us
1653076259764200748::Server Total::1520us
1653076259916818926::	Server Work::643us
1653076259916825666::	Server Sleep::882us
1653076259916882071::Server Total::1526us
1653076260111509578::	Server Work::727us
1653076260111519744::	Server Sleep::1219us
1653076260111561280::Server Total::1946us
1653076260265491364::	Server Work::640us
1653076260265495975::	Server Sleep::899us
1653076260265527511::Server Total::1540us
1653076260330832119::	Server Work::642us
1653076260330838656::	Server Sleep::11us
1653076260330876914::Server Total::652us
1653076260411092186::	Server Work::645us
1653076260411096964::	Server Sleep::156us
1653076260411128073::Server Total::802us
1653076260562917571::	Server Work::640us
1653076260563143377::	Server Sleep::879us
1653076260563173598::Server Total::1520us
1653076260627916987::	Server Work::641us
1653076260627921506::	Server Sleep::7us
1653076260627948894::Server Total::648us
1653076260727526348::	Server Work::680us
1653076260727534847::	Server Sleep::314us
1653076260727564105::Server Total::995us
1653076260832313217::	Server Work::640us
1653076260832320958::	Server Sleep::407us
1653076260832388696::Server Total::1048us
1653076260906817555::	Server Work::655us
1653076260906825277::	Server Sleep::89us
1653076260906966624::Server Total::745us
1653076261063511299::	Server Work::688us
1653076261063516484::	Server Sleep::878us
1653076261063552223::Server Total::1566us
1653076261204177994::	Server Work::697us
1653076261204184549::	Server Sleep::709us
1653076261204219455::Server Total::1406us
1653076261347956572::	Server Work::695us
1653076261347961165::	Server Sleep::741us
1653076261347991682::Server Total::1437us
1653076261495504347::	Server Work::640us
1653076261495510587::	Server Sleep::834us
1653076261495540049::Server Total::1475us
1653076261634722791::	Server Work::639us
1653076261638866235::	Server Sleep::794us
1653076261638898419::Server Total::1433us
1653076261780141207::	Server Work::639us
1653076261780148614::	Server Sleep::772us
1653076261780181317::Server Total::1413us
1653076261922062363::	Server Work::675us
1653076261926876989::	Server Sleep::792us
1653076261926917080::Server Total::1467us
1653076262065425755::	Server Work::640us
1653076262070867281::	Server Sleep::799us
1653076262070902299::Server Total::1439us
1653076262209444803::	Server Work::641us
1653076262214866553::	Server Sleep::798us
1653076262214899274::Server Total::1439us
1653076262352528413::	Server Work::639us
1653076262352534487::	Server Sleep::736us
1653076262352564153::Server Total::1377us
1653076262496142917::	Server Work::640us
1653076262496147102::	Server Sleep::796us
1653076262496175435::Server Total::1435us
1653076262637419814::	Server Work::638us
1653076262639268896::	Server Sleep::791us
1653076262639312654::Server Total::1431us
1653076262781425067::	Server Work::639us
1653076262786865760::	Server Sleep::836us
1653076262786911444::Server Total::1476us
1653076262928169453::	Server Work::640us
1653076262928176008::	Server Sleep::772us
1653076262928206563::Server Total::1412us
1653076263068789675::	Server Work::639us
1653076263068794175::	Server Sleep::766us
1653076263068828934::Server Total::1406us
1653076263214078576::	Server Work::639us
1653076263214085317::	Server Sleep::813us
1653076263214116279::Server Total::1452us
1653076263357424164::	Server Work::640us
1653076263357428442::	Server Sleep::793us
1653076263357458052::Server Total::1433us
1653076263500615459::	Server Work::639us
1653076263500621718::	Server Sleep::792us
1653076263500650440::Server Total::1431us
1653076263647502457::	Server Work::639us
1653076263647507235::	Server Sleep::828us
1653076263647534753::Server Total::1469us
1653076263779355296::	Server Work::640us
1653076263782871706::	Server Sleep::713us
1653076263782902150::Server Total::1353us
1653076263922060415::	Server Work::676us
1653076263926882948::	Server Sleep::763us
1653076263926917651::Server Total::1440us
1653076264067507974::	Server Work::638us
1653076264067514844::	Server Sleep::767us
1653076264067544307::Server Total::1405us
1653076264208788164::	Server Work::640us
1653076264208794034::	Server Sleep::772us
1653076264208836941::Server Total::1413us
1653076264351902512::	Server Work::640us
1653076264351909826::	Server Sleep::790us
1653076264351949252::Server Total::1430us
1653076264495507463::	Server Work::638us
1653076264495511963::	Server Sleep::797us
1653076264495542963::Server Total::1436us
1653076264639556297::	Server Work::641us
1653076264639562390::	Server Sleep::799us
1653076264639588408::Server Total::1440us
1653076264774707819::	Server Work::694us
1653076264778865868::	Server Sleep::697us
1653076264778897386::Server Total::1392us
1653076264920197242::	Server Work::641us
1653076264920203224::	Server Sleep::772us
1653076264920231816::Server Total::1413us
1653076265064150489::	Server Work::638us
1653076265064154878::	Server Sleep::799us
1653076265064184526::Server Total::1439us
1653076265207502399::	Server Work::698us
1653076265207509954::	Server Sleep::736us
1653076265207539954::Server Total::1433us
1653076265351319730::	Server Work::639us
1653076265351324804::	Server Sleep::797us
1653076265351354452::Server Total::1438us
1653076265495702982::	Server Work::731us
1653076265495709315::	Server Sleep::711us
1653076265495843962::Server Total::1444us
1653076265640196622::	Server Work::645us
1653076265640201751::	Server Sleep::800us
1653076265640234844::Server Total::1444us
1653076265781444700::	Server Work::730us
1653076265781450570::	Server Sleep::681us
1653076265781490644::Server Total::1412us
1653076265927550380::	Server Work::676us
1653076265927557028::	Server Sleep::784us
1653076265927586027::Server Total::1460us
1653076266068188682::	Server Work::675us
1653076266068195201::	Server Sleep::730us
1653076266068225182::Server Total::1406us
1653076266212781591::	Server Work::639us
1653076266212786239::	Server Sleep::806us
1653076266212816110::Server Total::1446us
1653076266355505435::	Server Work::640us
1653076266355512694::	Server Sleep::786us
1653076266355543472::Server Total::1426us
1653076266496188491::	Server Work::640us
1653076266496193843::	Server Sleep::766us
1653076266496233380::Server Total::1407us
1653076266638067616::	Server Work::639us
1653076266639260518::	Server Sleep::790us
1653076266639290741::Server Total::1430us
1653076266782701211::	Server Work::695us
1653076266782705822::	Server Sleep::739us
1653076266782749766::Server Total::1434us
1653076266928288097::	Server Work::651us
1653076266928295523::	Server Sleep::803us
1653076266928331171::Server Total::1455us
1653076267134166469::	Server Work::676us
1653076267134171839::	Server Sleep::1382us
1653076267134207358::Server Total::2058us
1653076267232783161::	Server Work::652us
1653076267232789494::	Server Sleep::333us
1653076267232819087::Server Total::986us
1653076267297365782::	Server Work::642us
1653076267297369893::	Server Sleep::3us
1653076267297383708::Server Total::645us
1653076267361800089::	Server Work::640us
1653076267361804700::	Server Sleep::4us
1653076267361813330::Server Total::644us
1653076267426377840::	Server Work::642us
1653076267426381710::	Server Sleep::3us
1653076267426394321::Server Total::645us
1653076267490839572::	Server Work::641us
1653076267490844442::	Server Sleep::3us
1653076267490852850::Server Total::644us
1653076267555421416::	Server Work::642us
1653076267555425045::	Server Sleep::3us
1653076267555433823::Server Total::646us
1653076267619852648::	Server Work::640us
1653076267619856704::	Server Sleep::3us
1653076267619865370::Server Total::643us
1653076267684414880::	Server Work::642us
1653076267684418547::	Server Sleep::3us
1653076267684426825::Server Total::645us
1653076267748891928::	Server Work::641us
1653076267748896039::	Server Sleep::3us
1653076267748903705::Server Total::645us
1653076267813345771::	Server Work::641us
1653076267813349290::	Server Sleep::3us
1653076267813357290::Server Total::644us
1653076267877850244::	Server Work::641us
1653076267877855559::	Server Sleep::3us
1653076267877871429::Server Total::644us
1653076267942608514::	Server Work::643us
1653076267942612291::	Server Sleep::3us
1653076267942629588::Server Total::647us
1653076268007144822::	Server Work::642us
1653076268007149636::	Server Sleep::3us
1653076268007162766::Server Total::645us
1653076268071967974::	Server Work::644us
1653076268071972252::	Server Sleep::3us
1653076268071988844::Server Total::648us
1653076268136435606::	Server Work::641us
1653076268136439939::	Server Sleep::3us
1653076268136449643::Server Total::644us
1653076268201126813::	Server Work::643us
1653076268201130646::	Server Sleep::3us
1653076268201140183::Server Total::647us
1653076268265739594::	Server Work::642us
1653076268265743760::	Server Sleep::3us
1653076268265753575::Server Total::645us
1653076268330409560::	Server Work::643us
1653076268330413097::	Server Sleep::3us
1653076268330420893::Server Total::646us
1653076268395036933::	Server Work::643us
1653076268395042285::	Server Sleep::3us
1653076268395054081::Server Total::646us
1653076268459584010::	Server Work::641us
1653076268459587769::	Server Sleep::3us
1653076268459595973::Server Total::645us
1653076268524025882::	Server Work::641us
1653076268524030160::	Server Sleep::3us
1653076268524038068::Server Total::644us
1653076268588463051::	Server Work::640us
1653076268588466681::	Server Sleep::3us
1653076268588475199::Server Total::644us
1653076268653063480::	Server Work::642us
1653076268653067610::	Server Sleep::4us
1653076268653168666::Server Total::647us
1653076268717596983::	Server Work::642us
1653076268717600760::	Server Sleep::3us
1653076268717609057::Server Total::643us
1653076268782028003::	Server Work::640us
1653076268782032207::	Server Sleep::3us
1653076268782039577::Server Total::644us
1653076268846570321::	Server Work::642us
1653076268846573950::	Server Sleep::3us
1653076268846582839::Server Total::645us
1653076268911042619::	Server Work::641us
1653076268911047082::	Server Sleep::3us
1653076268911054490::Server Total::645us
1653076269057534875::	Server Work::806us
1653076269058187900::	Server Sleep::663us
1653076269058218141::Server Total::1471us
1653076269186613827::	Server Work::652us
1653076269187269685::	Server Sleep::638us
1653076269187298852::Server Total::1290us
1653076269271390826::	Server Work::651us
1653076269271395030::	Server Sleep::189us
1653076269271423771::Server Total::841us
1653076269335636438::	Server Work::639us
1653076269335641864::	Server Sleep::3us
1653076269335662698::Server Total::642us
1653076269399968496::	Server Work::639us
1653076269399972736::	Server Sleep::3us
1653076269399990181::Server Total::642us
1653076269464139774::	Server Work::638us
1653076269464144366::	Server Sleep::3us
1653076269464151644::Server Total::641us
1653076269528201903::	Server Work::637us
1653076269528205384::	Server Sleep::3us
1653076269528211551::Server Total::641us
1653076269592408551::	Server Work::638us
1653076269592413126::	Server Sleep::3us
1653076269592419792::Server Total::641us
1653076269656547477::	Server Work::638us
1653076269656551089::	Server Sleep::3us
1653076269656557996::Server Total::641us
1653076269720637144::	Server Work::637us
1653076269720640829::	Server Sleep::3us
1653076269720646940::Server Total::641us
1653076269784735884::	Server Work::637us
1653076269784739366::	Server Sleep::3us
1653076269784745366::Server Total::640us
1653076269848919514::	Server Work::638us
1653076269848923255::	Server Sleep::3us
1653076269848929681::Server Total::641us
1653076269913003384::	Server Work::637us
1653076269913006884::	Server Sleep::4us
1653076269913013254::Server Total::641us
1653076269977098032::	Server Work::637us
1653076269977101791::	Server Sleep::3us
1653076269977107995::Server Total::640us
1653076270041289556::	Server Work::638us
1653076270041293038::	Server Sleep::3us
1653076270041299668::Server Total::642us
1653076270105366490::	Server Work::637us
1653076270105370342::	Server Sleep::3us
1653076270105376342::Server Total::640us
1653076270169459461::	Server Work::637us
1653076270169462943::	Server Sleep::3us
1653076270169468832::Server Total::640us
1653076270233546895::	Server Work::637us
1653076270233550562::	Server Sleep::3us
1653076270233556470::Server Total::641us
1653076270297718682::	Server Work::638us
1653076270297722127::	Server Sleep::3us
1653076270297728331::Server Total::641us
1653076270361848802::	Server Work::637us
1653076270361852506::	Server Sleep::3us
1653076270361858765::Server Total::641us
1653076270425979089::	Server Work::638us
1653076270425982570::	Server Sleep::3us
1653076270425989644::Server Total::640us
1653076270490132838::	Server Work::637us
1653076270490136616::	Server Sleep::3us
1653076270490143116::Server Total::641us
1653076270554275570::	Server Work::638us
1653076270554279107::	Server Sleep::3us
1653076270554285477::Server Total::641us
1653076270618411356::	Server Work::637us
1653076270618415652::	Server Sleep::3us
1653076270618422227::Server Total::641us
1653076270682524216::	Server Work::638us
1653076270682527698::	Server Sleep::3us
1653076270682533976::Server Total::641us
1653076270746702800::	Server Work::638us
1653076270746706504::	Server Sleep::3us
1653076270746712596::Server Total::641us
1653076270810781808::	Server Work::637us
1653076270810785234::	Server Sleep::3us
1653076270810791308::Server Total::640us
1653076270874891649::	Server Work::637us
1653076270874895742::	Server Sleep::3us
1653076270874902168::Server Total::641us
1653076270938998917::	Server Work::637us
1653076270939002750::	Server Sleep::3us
1653076270939074751::Server Total::641us
1653076271003219112::	Server Work::638us
1653076271003223075::	Server Sleep::3us
1653076271003229575::Server Total::641us
1653076271067333864::	Server Work::638us
1653076271067337586::	Server Sleep::3us
1653076271067343994::Server Total::641us
1653076271131416816::	Server Work::637us
1653076271131420853::	Server Sleep::3us
1653076271131426742::Server Total::640us
1653076271195564232::	Server Work::637us
1653076271195567788::	Server Sleep::3us
1653076271195573769::Server Total::641us
1653076271259667962::	Server Work::638us
1653076271259671851::	Server Sleep::3us
1653076271259677759::Server Total::641us
1653076271323743007::	Server Work::636us
1653076271323746414::	Server Sleep::3us
1653076271323752174::Server Total::640us
1653076271387866830::	Server Work::638us
1653076271387870589::	Server Sleep::3us
1653076271387876515::Server Total::641us
1653076271452060358::	Server Work::638us
1653076271452063840::	Server Sleep::3us
1653076271452070803::Server Total::641us
1653076271516181070::	Server Work::637us
1653076271516184755::	Server Sleep::3us
1653076271516190829::Server Total::641us
1653076271580312486::	Server Work::638us
1653076271580315986::	Server Sleep::3us
1653076271580322431::Server Total::641us
1653076271644541255::	Server Work::638us
1653076271644545496::	Server Sleep::3us
1653076271644551663::Server Total::642us
1653076271708645338::	Server Work::637us
1653076271708648856::	Server Sleep::3us
1653076271708654764::Server Total::640us
1653076271772800902::	Server Work::638us
1653076271772805013::	Server Sleep::3us
1653076271772811643::Server Total::641us
1653076271836882632::	Server Work::637us
1653076271836886076::	Server Sleep::3us
1653076271836892113::Server Total::640us
1653076271901096883::	Server Work::638us
1653076271901100679::	Server Sleep::3us
1653076271901107198::Server Total::642us
1653076271965202076::	Server Work::637us
1653076271965205594::	Server Sleep::3us
1653076271965211613::Server Total::641us
1653076272029273973::	Server Work::637us
1653076272029277640::	Server Sleep::3us
1653076272029283566::Server Total::640us
1653076272093464715::	Server Work::638us
1653076272093468308::	Server Sleep::3us
1653076272093475475::Server Total::641us
1653076272157559603::	Server Work::638us
1653076272157563621::	Server Sleep::3us
1653076272157569603::Server Total::641us
1653076272225287221::	Server Work::666us
1653076272225292203::	Server Sleep::9us
1653076272225328556::Server Total::677us
1653076272290043439::	Server Work::644us
1653076272290049865::	Server Sleep::3us
1653076272290084403::Server Total::647us
1653076272425408452::	Server Work::879us
1653076272426057911::	Server Sleep::480us
1653076272426103597::Server Total::1359us
1653076272532019124::	Server Work::653us
1653076272532025754::	Server Sleep::405us
1653076272532066514::Server Total::1060us
1653076272596326924::	Server Work::639us
1653076272596331165::	Server Sleep::4us
1653076272596364536::Server Total::642us
1653076272660818320::	Server Work::641us
1653076272660834321::	Server Sleep::3us
1653076272660920415::Server Total::645us
1653076272727084628::	Server Work::658us
1653076272727089795::	Server Sleep::3us
1653076272727135444::Server Total::662us
1653076272791216757::	Server Work::638us
1653076272791224794::	Server Sleep::3us
1653076272791254388::Server Total::640us
1653076272855344053::	Server Work::637us
1653076272855348424::	Server Sleep::3us
1653076272855371517::Server Total::641us
1653076272921415356::	Server Work::656us
1653076272921422523::	Server Sleep::4us
1653076272921463931::Server Total::661us
1653076272985653988::	Server Work::639us
1653076272985658377::	Server Sleep::3us
1653076272985692896::Server Total::641us
1653076273049782310::	Server Work::637us
1653076273049788366::	Server Sleep::3us
1653076273049816718::Server Total::641us
1653076273115776064::	Server Work::656us
1653076273115783472::	Server Sleep::3us
1653076273115836547::Server Total::660us
1653076273180212962::	Server Work::640us
1653076273180219351::	Server Sleep::3us
1653076273180253463::Server Total::643us
1653076273244374353::	Server Work::638us
1653076273244378482::	Server Sleep::3us
1653076273244515912::Server Total::642us
1653076273308644617::	Server Work::639us
1653076273308650857::	Server Sleep::3us
1653076273308676877::Server Total::642us
1653076273373013327::	Server Work::639us
1653076273373017624::	Server Sleep::3us
1653076273373038569::Server Total::643us
1653076273437813365::	Server Work::644us
1653076273437818846::	Server Sleep::3us
1653076273437843995::Server Total::647us
1653076273501799195::	Server Work::636us
1653076273501802510::	Server Sleep::3us
1653076273501809751::Server Total::639us
1653076273565775043::	Server Work::637us
1653076273565778747::	Server Sleep::3us
1653076273565784636::Server Total::640us
1653076273629770707::	Server Work::636us
1653076273629774059::	Server Sleep::3us
1653076273629779782::Server Total::639us
1653076273693739481::	Server Work::636us
1653076273693743019::	Server Sleep::3us
1653076273693749111::Server Total::639us
1653076273757708737::	Server Work::636us
1653076273757712071::	Server Sleep::3us
1653076273757718441::Server Total::639us
1653076273821679771::	Server Work::636us
1653076273821683845::	Server Sleep::3us
1653076273821689604::Server Total::640us
1653076273885646675::	Server Work::636us
1653076273885650008::	Server Sleep::3us
1653076273885655175::Server Total::639us
1653076273949623560::	Server Work::636us
1653076273949627412::	Server Sleep::3us
1653076273949634023::Server Total::639us
1653076274013599954::	Server Work::636us
1653076274013603250::	Server Sleep::3us
1653076274013608676::Server Total::639us
1653076274077565646::	Server Work::636us
1653076274077569368::	Server Sleep::3us
1653076274077574813::Server Total::639us
1653076274141524635::	Server Work::635us
1653076274141527968::	Server Sleep::3us
1653076274141533209::Server Total::639us
1653076274205504865::	Server Work::636us
1653076274205508606::	Server Sleep::3us
1653076274205513661::Server Total::640us
1653076274269505132::	Server Work::637us
1653076274269508558::	Server Sleep::3us
1653076274269513670::Server Total::639us
1653076274333502344::	Server Work::636us
1653076274333506381::	Server Sleep::3us
1653076274333511530::Server Total::640us
1653076274397498686::	Server Work::636us
1653076274397502149::	Server Sleep::3us
1653076274397507890::Server Total::639us
1653076274461494435::	Server Work::636us
1653076274461498231::	Server Sleep::3us
1653076274461503231::Server Total::640us
1653076274525524259::	Server Work::636us
1653076274525527703::	Server Sleep::3us
1653076274525533537::Server Total::640us
1653076274589534823::	Server Work::637us
1653076274589538638::	Server Sleep::3us
1653076274589543731::Server Total::639us
1653076274653561888::	Server Work::636us
1653076274653565592::	Server Sleep::3us
1653076274653572092::Server Total::640us
1653076274717581656::	Server Work::636us
1653076274717585527::	Server Sleep::4us
1653076274717590730::Server Total::640us
1653076274782053364::	Server Work::640us
1653076274782056938::	Server Sleep::4us
1653076274782069087::Server Total::644us
1653076274846042872::	Server Work::636us
1653076274846046965::	Server Sleep::3us
1653076274846052391::Server Total::639us
1653076274910005768::	Server Work::636us
1653076274910009102::	Server Sleep::3us
1653076274910014287::Server Total::639us
1653076274973979165::	Server Work::636us
1653076274973982832::	Server Sleep::3us
1653076274973988072::Server Total::640us
1653076275037946902::	Server Work::636us
1653076275037950254::	Server Sleep::3us
1653076275037955439::Server Total::639us
1653076275101913523::	Server Work::636us
1653076275101917209::	Server Sleep::3us
1653076275101922264::Server Total::639us
1653076275165888682::	Server Work::636us
1653076275165892016::	Server Sleep::3us
1653076275165897294::Server Total::639us
1653076275229866137::	Server Work::636us
1653076275229869915::	Server Sleep::3us
1653076275229874915::Server Total::640us
1653076275293864797::	Server Work::636us
1653076275293868130::	Server Sleep::3us
1653076275293873760::Server Total::639us
1653076275357841456::	Server Work::636us
1653076275357