Starting server...Load arg=60000...Use n=60000 to load shuffling... Message queue '/A' removed from system. Message queue '/B' removed from system. OK
1653081650253062858::	Server Work::1273us
1653081650253069376::	Server Sleep::3us
1653081650253120737::Server Total::1277us
1653081650380846517::	Server Work::1274us
1653081650380849924::	Server Sleep::3us
1653081650380859404::Server Total::1277us
1653081650508607014::	Server Work::1274us
1653081650508610643::	Server Sleep::3us
1653081650508617715::Server Total::1277us
1653081650636334053::	Server Work::1274us
1653081650636337516::	Server Sleep::3us
1653081650636343107::Server Total::1277us
1653081650826473735::	Server Work::1896us
1653081650826477493::	Server Sleep::4us
1653081650826484233::Server Total::1901us
1653081650954105903::	Server Work::1272us
1653081650954109347::	Server Sleep::3us
1653081650954114661::Server Total::1276us
1653081651081713335::	Server Work::1272us
1653081651081721815::	Server Sleep::3us
1653081651081728554::Server Total::1275us
1653081651292585544::	Server Work::1274us
1653081651293875861::	Server Sleep::847us
1653081651293903023::Server Total::2122us
1653081651548517662::	Server Work::1274us
1653081651549802165::	Server Sleep::1284us
1653081651549811386::Server Total::2558us
1653081651804320841::	Server Work::1277us
1653081651805602530::	Server Sleep::1280us
1653081651805612880::Server Total::2558us
1653081652060127791::	Server Work::1273us
1653081652061417369::	Server Sleep::1284us
1653081652061423960::Server Total::2557us
1653081652417676301::	Server Work::1284us
1653081652420251401::	Server Sleep::2303us
1653081652420284544::Server Total::3588us
1653081652802304031::	Server Work::1301us
1653081652804878057::	Server Sleep::2544us
1653081652804899924::Server Total::3846us
1653081653186645427::	Server Work::1274us
1653081653189211790::	Server Sleep::2568us
1653081653189222362::Server Total::3843us
1653081653570788431::	Server Work::1275us
1653081653573354146::	Server Sleep::2566us
1653081653573371847::Server Total::3841us
1653081653955249395::	Server Work::1276us
1653081653957849863::	Server Sleep::2568us
1653081653957877932::Server Total::3844us
1653081654339587863::	Server Work::1276us
1653081654342151043::	Server Sleep::2566us
1653081654342181204::Server Total::3843us
1653081654724532571::	Server Work::1276us
1653081654727103639::	Server Sleep::2572us
1653081654727133300::Server Total::3849us
1653081655109172170::	Server Work::1275us
1653081655111750535::	Server Sleep::2570us
1653081655111779993::Server Total::3846us
1653081655494045798::	Server Work::1276us
1653081655496597094::	Server Sleep::2571us
1653081655496627421::Server Total::3848us
1653081655878951512::	Server Work::1277us
1653081655881628396::	Server Sleep::2573us
1653081655881655021::Server Total::3850us
1653081656263724112::	Server Work::1275us
1653081656266296572::	Server Sleep::2570us
1653081656266323734::Server Total::3846us
1653081656648531771::	Server Work::1276us
1653081656651123616::	Server Sleep::2572us
1653081656651152407::Server Total::3848us
1653081657033681591::	Server Work::1276us
1653081657036230205::	Server Sleep::2573us
1653081657036257515::Server Total::3850us
1653081657418482642::	Server Work::1276us
1653081657421049105::	Server Sleep::2571us
1653081657421076933::Server Total::3848us
1653081657803087821::	Server Work::1275us
1653081657805660987::	Server Sleep::2570us
1653081657805690574::Server Total::3846us
1653081658188229162::	Server Work::1277us
1653081658190793719::	Server Sleep::2574us
1653081658190822399::Server Total::3850us
1653081658573053261::	Server Work::1276us
1653081658575651653::	Server Sleep::2571us
1653081658575679131::Server Total::3848us
1653081658958097597::	Server Work::1276us
1653081658960664124::	Server Sleep::2572us
1653081658960690231::Server Total::3850us
1653081659343133661::	Server Work::1277us
1653081659345734863::	Server Sleep::2573us
1653081659345763184::Server Total::3850us
1653081659728321074::	Server Work::1277us
1653081659730875097::	Server Sleep::2574us
1653081659730902196::Server Total::3851us
1653081660113425016::	Server Work::1277us
1653081660116003775::	Server Sleep::2573us
1653081660116118023::Server Total::3852us
1653081660498594776::	Server Work::1277us
1653081660501181037::	Server Sleep::2573us
1653081660501210081::Server Total::3850us
1653081660883743865::	Server Work::1276us
1653081660886320957::	Server Sleep::2574us
1653081660886349982::Server Total::3851us
1653081661268692664::	Server Work::1277us
1653081661271261170::	Server Sleep::2572us
1653081661271288473::Server Total::3849us
1653081661654055197::	Server Work::1278us
1653081661656622258::	Server Sleep::2575us
1653081661656648745::Server Total::3853us
1653081662039129314::	Server Work::1276us
1653081662041697273::	Server Sleep::2573us
1653081662041725631::Server Total::3850us
1653081662424339324::	Server Work::1277us
1653081662426909803::	Server Sleep::2574us
1653081662426934401::Server Total::3852us
1653081662808624142::	Server Work::1275us
1653081662811211810::	Server Sleep::2567us
1653081662811226683::Server Total::3842us
1653081663193063032::	Server Work::1275us
1653081663195627760::	Server Sleep::2568us
1653081663195639059::Server Total::3844us
1653081663577511458::	Server Work::1275us
1653081663580076242::	Server Sleep::2568us
1653081663580091893::Server Total::3844us
1653081663961916227::	Server Work::1276us
1653081663964475529::	Server Sleep::2567us
1653081663964491958::Server Total::3844us
1653081664347639523::	Server Work::1279us
1653081664350227378::	Server Sleep::2578us
1653081664350252402::Server Total::3857us
1653081664741338160::	Server Work::1303us
1653081664743899529::	Server Sleep::2632us
1653081664743924274::Server Total::3936us
1653081665125852634::	Server Work::1275us
1653081665128420312::	Server Sleep::2569us
1653081665128443816::Server Total::3845us
1653081665510493503::	Server Work::1275us
1653081665513054735::	Server Sleep::2570us
1653081665513077054::Server Total::3845us
1653081665894714241::	Server Work::1274us
1653081665897278049::	Server Sleep::2567us
1653081665897294477::Server Total::3842us
1653081666278737428::	Server Work::1275us
1653081666281301377::	Server Sleep::2565us
1653081666281324270::Server Total::3840us
1653081666662806247::	Server Work::1274us
1653081666665382217::	Server Sleep::2565us
1653081666665397220::Server Total::3840us
1653081667046787668::	Server Work::1274us
1653081667049334924::	Server Sleep::2565us
1653081667049342611::Server Total::3839us
1653081667434266084::	Server Work::1284us
1653081667436833251::	Server Sleep::2590us
1653081667436857477::Server Total::3875us
1653081667819449653::	Server Work::1278us
1653081667822022377::	Server Sleep::2573us
1653081667822044455::Server Total::3851us
1653081668204426362::	Server Work::1277us
1653081668207012954::	Server Sleep::2571us
1653081668207035272::Server Total::3849us
1653081668589338860::	Server Work::1277us
1653081668591906894::	Server Sleep::2570us
1653081668591929731::Server Total::3849us
1653081668974215408::	Server Work::1278us
1653081668976774682::	Server Sleep::2570us
1653081668976795222::Server Total::3848us
1653081669358650902::	Server Work::1276us
1653081669361209005::	Server Sleep::2567us
1653081669361232305::Server Total::3844us
1653081669743195593::	Server Work::1277us
1653081669745788498::	Server Sleep::2568us
1653081669745810093::Server Total::3845us
1653081670127689363::	Server Work::1276us
1653081670130264670::	Server Sleep::2568us
1653081670130287580::Server Total::3844us
1653081670512414171::	Server Work::1277us
1653081670514983458::	Server Sleep::2569us
1653081670515007257::Server Total::3847us
1653081670897470004::	Server Work::1303us
1653081670900031957::	Server Sleep::2546us
1653081670900055664::Server Total::3850us
1653081671282482292::	Server Work::1278us
1653081671285034741::	Server Sleep::2571us
1653081671285056670::Server Total::3850us
1653081671667600340::	Server Work::1278us
1653081671670186442::	Server Sleep::2573us
1653081671670208463::Server Total::3851us
1653081672052558548::	Server Work::1277us
1653081672055134850::	Server Sleep::2571us
1653081672055157556::Server Total::3849us
1653081672437798858::	Server Work::1278us
1653081672440357584::	Server Sleep::2573us
1653081672440421462::Server Total::3852us
1653081672822871667::	Server Work::1302us
1653081672825471953::	Server Sleep::2548us
1653081672825496790::Server Total::3850us
1653081673207661570::	Server Work::1277us
1653081673210237426::	Server Sleep::2569us
1653081673210259836::Server Total::3847us
1653081673592565702::	Server Work::1277us
1653081673595128261::	Server Sleep::2571us
1653081673595150375::Server Total::3849us
1653081673980319666::	Server Work::1286us
1653081673982918933::	Server Sleep::2591us
1653081673982951325::Server Total::3877us
1653081674372017013::	Server Work::1298us
1653081674374626410::	Server Sleep::2618us
1653081674374658950::Server Total::3917us
1653081674760960531::	Server Work::1289us
1653081674763528757::	Server Sleep::2599us
1653081674763555204::Server Total::3888us
1653081675145692353::	Server Work::1277us
1653081675148275173::	Server Sleep::2569us
1653081675148296971::Server Total::3847us
1653081675530258225::	Server Work::1276us
1653081675532825711::	Server Sleep::2568us
1653081675532848435::Server Total::3845us
1653081675915303440::	Server Work::1277us
1653081675917888149::	Server Sleep::2572us
1653081675917912596::Server Total::3850us
1653081676300044458::	Server Work::1277us
1653081676302630409::	Server Sleep::2570us
1653081676302652022::Server Total::3847us
1653081676684859890::	Server Work::1276us
1653081676687442340::	Server Sleep::2571us
1653081676687464046::Server Total::3848us
1653081677069555625::	Server Work::1276us
1653081677072135724::	Server Sleep::2570us
1653081677072157578::Server Total::3846us
1653081677454275629::	Server Work::1276us
1653081677456870359::	Server Sleep::2570us
1653081677456892695::Server Total::3847us
1653081677838744631::	Server Work::1276us
1653081677841302655::	Server Sleep::2567us
1653081677841323601::Server Total::3844us
1653081678223791252::	Server Work::1277us
1653081678226378410::	Server Sleep::2573us
1653081678226401078::Server Total::3850us
1653081678608461081::	Server Work::1276us
1653081678611032997::	Server Sleep::2569us
1653081678611056628::Server Total::3846us
1653081678992965526::	Server Work::1277us
1653081678995522515::	Server Sleep::2567us
1653081678995543739::Server Total::3845us
1653081679377909082::	Server Work::1277us
1653081679380477037::	Server Sleep::2571us
1653081679380499761::Server Total::3849us
1653081679762501701::	Server Work::1277us
1653081679765073193::	Server Sleep::2568us
1653081679765094435::Server Total::3845us
1653081680147104759::	Server Work::1276us
1653081680149688737::	Server Sleep::2569us
1653081680149712794::Server Total::3846us
1653081680531647282::	Server Work::1277us
1653081680534236926::	Server Sleep::2568us
1653081680534258909::Server Total::3845us
1653081680916450395::	Server Work::1276us
1653081680919019501::	Server Sleep::2570us
1653081680919042336::Server Total::3847us
1653081681303473344::	Server Work::1283us
1653081681306058251::	Server Sleep::2586us
1653081681306081141::Server Total::3870us
1653081681687742740::	Server Work::1275us
1653081681690325276::	Server Sleep::2567us
1653081681690334036::Server Total::3842us
1653081682071751376::	Server Work::1274us
1653081682074329694::	Server Sleep::2565us
1653081682074337527::Server Total::3839us
1653081682455685733::	Server Work::1274us
1653081682458263106::	Server Sleep::2564us
1653081682458272848::Server Total::3839us
1653081682839642165::	Server Work::1274us
1653081682842217427::	Server Sleep::2564us
1653081682842229410::Server Total::3839us
1653081683223692866::	Server Work::1275us
1653081683226268558::	Server Sleep::2565us
1653081683226275040::Server Total::3840us
1653081683607685812::	Server Work::1274us
1653081683610253041::	Server Sleep::2564us
1653081683610261023::Server Total::3840us
1653081683991498306::	Server Work::1274us
1653081683994077072::	Server Sleep::2564us
1653081683994082980::Server Total::3837us
1653081684375315994::	Server Work::1274us
1653081684377890728::	Server Sleep::2563us
1653081684377898321::Server Total::3838us
1653081684759464321::	Server Work::1275us
1653081684762043055::	Server Sleep::2565us
1653081684762052426::Server Total::3841us
1653081685148037520::	Server Work::1289us
1653081685150889472::	Server Sleep::2598us
1653081685151010402::Server Total::3889us
1653081685543354216::	Server Work::1307us
1653081685545938714::	Server Sleep::2642us
1653081685545969567::Server Total::3949us
1653081685938968737::	Server Work::1311us
1653081685941642517::	Server Sleep::2644us
1653081685941672018::Server Total::3957us
1653081686331218511::	Server Work::1301us
1653081686333796497::	Server Sleep::2620us
1653081686333826683::Server Total::3921us
1653081686727855876::	Server Work::1324us
1653081686730463270::	Server Sleep::2641us
1653081686730505123::Server Total::3966us
1653081687120597255::	Server Work::1302us
1653081687123135356::	Server Sleep::2624us
1653081687123178968::Server Total::3926us
1653081687513290703::	Server Work::1302us
1653081687515910918::	Server Sleep::2624us
1653081687515966031::Server Total::3928us
1653081687912400686::	Server Work::1322us
1653081687915106681::	Server Sleep::2668us
1653081687915147830::Server Total::3991us
1653081688312178174::	Server Work::1324us
1653081688314883286::	Server Sleep::2673us
1653081688314934787::Server Total::3997us
1653081688712200909::	Server Work::1323us
1653081688714806315::	Server Sleep::2674us
1653081688714846871::Server Total::3999us
1653081689113435146::	Server Work::1328us
1653081689116179394::	Server Sleep::2684us
1653081689116237450::Server Total::4013us
1653081689517291248::	Server Work::1335us
1653081689519961495::	Server Sleep::2701us
1653081689520003051::Server Total::4038us
1653081689921482856::	Server Work::1336us
1653081689924195696::	Server Sleep::2704us
1653081689924253957::Server Total::4042us
1653081690322683929::	Server Work::1326us
1653081690325354535::	Server Sleep::2685us
1653081690325420035::Server Total::4011us
1653081690725175528::	Server Work::1330us
1653081690727841819::	Server Sleep::2693us
1653081690727896227::Server Total::4024us
1653081691126395973::	Server Work::1327us
1653081691129083826::	Server Sleep::2684us
1653081691129128363::Server Total::4012us
1653081691523542254::	Server Work::1314us
1653081691526265108::	Server Sleep::2656us
1653081691526313441::Server Total::3971us
1653081691920541090::	Server Work::1314us
1653081691923165702::	Server Sleep::2654us
1653081691923211313::Server Total::3969us
1653081692319956407::	Server Work::1322us
1653081692322546619::	Server Sleep::2670us
1653081692322574453::Server Total::3993us
1653081692715999279::	Server Work::1312us
1653081692718723825::	Server Sleep::2649us
1653081692718775177::Server Total::3961us
1653081693115490637::	Server Work::1321us
1653081693118090209::	Server Sleep::2671us
1653081693118120579::Server Total::3993us
1653081693511291252::	Server Work::1310us
1653081693513884713::	Server Sleep::2646us
1653081693513916454::Server Total::3958us
1653081693907580719::	Server Work::1314us
1653081693910225310::	Server Sleep::2648us
1653081693910254662::Server Total::3963us
1653081694303967311::	Server Work::1312us
1653081694306669984::	Server Sleep::2651us
1653081694306711410::Server Total::3964us
1653081694702174043::	Server Work::1319us
1653081694705013956::	Server Sleep::2664us
1653081694705058548::Server Total::3983us
1653081695098281720::	Server Work::1309us
1653081695100924384::	Server Sleep::2648us
1653081695100967661::Server Total::3958us
1653081695487533100::	Server Work::1289us
1653081695490104763::	Server Sleep::2601us
1653081695490128745::Server Total::3891us
1653081695871896242::	Server Work::1275us
1653081695874470869::	Server Sleep::2568us
1653081695874484868::Server Total::3843us
1653081696256086072::	Server Work::1275us
1653081696258676097::	Server Sleep::2566us
1653081696258690837::Server Total::3842us
1653081696640061279::	Server Work::1274us
1653081696642630044::	Server Sleep::2565us
1653081696642647359::Server Total::3839us
1653081697024621512::	Server Work::1276us
1653081697027189065::	Server Sleep::2568us
1653081697027214602::Server Total::3845us
1653081697414766358::	Server Work::1294us
1653081697417364781::	Server Sleep::2607us
1653081697417394780::Server Total::3902us
1653081697800433236::	Server Work::1280us
1653081697803009381::	Server Sleep::2575us
1653081697803119269::Server Total::3856us
1653081698184707476::	Server Work::1274us
1653081698187272835::	Server Sleep::2567us
1653081698187298927::Server Total::3842us
1653081698568721267::	Server Work::1275us
1653081698571299404::	Server Sleep::2565us
1653081698571322737::Server Total::3839us
1653081698952709096::	Server Work::1273us
1653081698955268678::	Server Sleep::2565us
1653081698955293066::Server Total::3839us
1653081699336828241::	Server Work::1275us
1653081699339393146::	Server Sleep::2565us
1653081699339400554::Server Total::3841us
1653081699720577430::	Server Work::1273us
1653081699723135003::	Server Sleep::2563us
1653081699723145632::Server Total::3837us
1653081700104554399::	Server Work::1274us
1653081700107120297::	Server Sleep::2565us
1653081700107128056::Server Total::3839us
1653081700491774118::	Server Work::1285us
1653081700494371182::	Server Sleep::2587us
1653081700494395459::Server Total::3872us
1653081700876532048::	Server Work::1280us
1653081700879089483::	Server Sleep::2566us
1653081700879114297::Server Total::3847us
1653081701261262155::	Server Work::1276us
1653081701263818101::	Server Sleep::2569us
1653081701263840674::Server Total::3847us
1653081701645849040::	Server Work::1276us
1653081701648411615::	Server Sleep::2569us
1653081701648433633::Server Total::3845us
1653081702030200960::	Server Work::1276us
1653081702032776379::	Server Sleep::2567us
1653081702032799045::Server Total::3843us
1653081702414729519::	Server Work::1276us
1653081702417306734::	Server Sleep::2568us
1653081702417329104::Server Total::3845us
1653081702799521237::	Server Work::1277us
1653081702802096007::	Server Sleep::2570us
1653081702802118062::Server Total::3848us
1653081703184106876::	Server Work::1276us
1653081703186694805::	Server Sleep::2569us
1653081703186717230::Server Total::3845us
1653081703569062574::	Server Work::1277us
1653081703571619245::	Server Sleep::2571us
1653081703571644448::Server Total::3849us
1653081703953653229::	Server Work::1276us
1653081703956243843::	Server Sleep::2569us
1653081703956265546::Server Total::3846us
1653081704338471667::	Server Work::1277us
1653081704341031738::	Server Sleep::2570us
1653081704341054144::Server Total::3847us
1653081704723027956::	Server Work::1277us
1653081704725614989::	Server Sleep::2568us
1653081704725635711::Server Total::3845us
1653081705111011136::	Server Work::1286us
1653081705113584811::	Server Sleep::2592us
1653081705113611717::Server Total::3879us
1653081705498803982::	Server Work::1286us
1653081705501360453::	Server Sleep::2591us
1653081705501386156::Server Total::3878us
1653081705890233848::	Server Work::1297us
1653081705892833966::	Server Sleep::2616us
1653081705892867909::Server Total::3914us
1653081706275010684::	Server Work::1277us
1653081706277590314::	Server Sleep::2570us
1653081706277612702::Server Total::3847us
1653081706659734760::	Server Work::1277us
1653081706662310853::	Server Sleep::2569us
1653081706662332149::Server Total::3847us
1653081707044149668::	Server Work::1275us
1653081707046723644::	Server Sleep::2567us
1653081707046745717::Server Total::3843us
1653081707428670281::	Server Work::1276us
1653081707431251460::	Server Sleep::2569us
1653081707431273756::Server Total::3845us
1653081707813083177::	Server Work::1276us
1653081707815661041::	Server Sleep::2567us
1653081707815682133::Server Total::3844us
1653081708197623729::	Server Work::1276us
1653081708200192828::	Server Sleep::2568us
1653081708200214420::Server Total::3844us
1653081708582480792::	Server Work::1277us
1653081708585053503::	Server Sleep::2571us
1653081708585074354::Server Total::3849us
1653081708967101479::	Server Work::1276us
1653081708969686336::	Server Sleep::2569us
1653081708969706891::Server Total::3845us
1653081709351728710::	Server Work::1276us
1653081709354309210::	Server Sleep::2569us
1653081709354331876::Server Total::3846us
1653081709736126941::	Server Work::1275us
1653081709738714293::	Server Sleep::2567us
1653081709738735940::Server Total::3844us
1653081710120831066::	Server Wo