Starting server...Load arg=60000...Use n=60000 to load shuffling... Message queue '/A' removed from system. Message queue '/B' removed from system. OK
1653081719863050151::	Server Work::1226us
1653081719863056910::	Server Sleep::3us
1653081719863108851::Server Total::1230us
1653081719986017636::	Server Work::1226us
1653081719986021228::	Server Sleep::3us
1653081719986027932::Server Total::1229us
1653081720108921618::	Server Work::1225us
1653081720108925618::	Server Sleep::3us
1653081720108931507::Server Total::1228us
1653081720231915410::	Server Work::1226us
1653081720231919077::	Server Sleep::3us
1653081720231925891::Server Total::1230us
1653081720354915961::	Server Work::1226us
1653081720354920165::	Server Sleep::3us
1653081720354926609::Server Total::1229us
1653081720477854665::	Server Work::1226us
1653081720477858146::	Server Sleep::3us
1653081720477863942::Server Total::1229us
1653081720600968818::	Server Work::1227us
1653081720600978762::	Server Sleep::3us
1653081720600986428::Server Total::1231us
1653081720724020329::	Server Work::1227us
1653081720724023902::	Server Sleep::3us
1653081720724029661::Server Total::1230us
1653081721004555544::	Server Work::1503us
1653081721005794584::	Server Sleep::1313us
1653081721005819953::Server Total::2817us
1653081721250807188::	Server Work::1225us
1653081721252037893::	Server Sleep::1236us
1653081721252044504::Server Total::2462us
1653081721497128953::	Server Work::1226us
1653081721498368435::	Server Sleep::1237us
1653081721498376731::Server Total::2463us
1653081721748332930::	Server Work::1227us
1653081721750964495::	Server Sleep::1297us
1653081721751005140::Server Total::2526us
1653081721926296065::	Server Work::1264us
1653081721926321489::	Server Sleep::488us
1653081721926349709::Server Total::1753us
1653081722051331876::	Server Work::1227us
1653081722051356004::	Server Sleep::23us
1653081722051377206::Server Total::1249us
1653081722176289972::	Server Work::1226us
1653081722176315044::	Server Sleep::22us
1653081722176335468::Server Total::1249us
1653081722301274917::	Server Work::1227us
1653081722301298490::	Server Sleep::22us
1653081722301316748::Server Total::1250us
1653081722426271862::	Server Work::1227us
1653081722426296064::	Server Sleep::22us
1653081722426309563::Server Total::1249us
1653081722551199831::	Server Work::1226us
1653081722551223273::	Server Sleep::22us
1653081722551232328::Server Total::1249us
1653081722676167963::	Server Work::1227us
1653081722676192387::	Server Sleep::22us
1653081722676203738::Server Total::1249us
1653081722850628503::	Server Work::1722us
1653081722850651390::	Server Sleep::22us
1653081722850662130::Server Total::1744us
1653081722975554916::	Server Work::1226us
1653081722975578674::	Server Sleep::22us
1653081722975586432::Server Total::1249us
1653081723100472740::	Server Work::1226us
1653081723100495016::	Server Sleep::22us
1653081723100501609::Server Total::1248us
1653081723225381461::	Server Work::1226us
1653081723225404774::	Server Sleep::22us
1653081723225411570::Server Total::1249us
1653081723350275665::	Server Work::1226us
1653081723350298052::	Server Sleep::22us
1653081723350305329::Server Total::1248us
1653081723475141722::	Server Work::1226us
1653081723475165794::	Server Sleep::22us
1653081723475176201::Server Total::1249us
1653081723600038573::	Server Work::1225us
1653081723600062331::	Server Sleep::22us
1653081723600070108::Server Total::1248us
1653081723725292212::	Server Work::1227us
1653081723725320302::	Server Sleep::25us
1653081723725343634::Server Total::1252us
1653081723900539496::	Server Work::1226us
1653081723900565568::	Server Sleep::526us
1653081723900575937::Server Total::1752us
1653081724025762942::	Server Work::1226us
1653081724025789365::	Server Sleep::25us
1653081724025796569::Server Total::1252us
1653081724150938547::	Server Work::1225us
1653081724150965211::	Server Sleep::25us
1653081724150972118::Server Total::1251us
1653081724276232846::	Server Work::1227us
1653081724276259418::	Server Sleep::26us
1653081724276266343::Server Total::1252us
1653081724401468316::	Server Work::1226us
1653081724401494722::	Server Sleep::25us
1653081724401592084::Server Total::1253us
1653081724526770337::	Server Work::1226us
1653081724526796594::	Server Sleep::26us
1653081724526805835::Server Total::1252us
1653081724652105467::	Server Work::1227us
1653081724652131409::	Server Sleep::25us
1653081724652139205::Server Total::1253us
1653081724827892927::	Server Work::1226us
1653081724827920517::	Server Sleep::531us
1653081724827929794::Server Total::1757us
1653081724953124342::	Server Work::1226us
1653081724953150599::	Server Sleep::25us
1653081724953157358::Server Total::1252us
1653081725078352468::	Server Work::1226us
1653081725078379170::	Server Sleep::26us
1653081725078385762::Server Total::1252us
1653081725203567944::	Server Work::1225us
1653081725203594534::	Server Sleep::25us
1653081725203600774::Server Total::1251us
1653081725328782104::	Server Work::1226us
1653081725328808898::	Server Sleep::26us
1653081725328817175::Server Total::1252us
1653081725453964267::	Server Work::1225us
1653081725453990895::	Server Sleep::25us
1653081725454000135::Server Total::1251us
1653081725579253903::	Server Work::1227us
1653081725579281494::	Server Sleep::25us
1653081725579288549::Server Total::1253us
1653081725704451713::	Server Work::1225us
1653081725704477619::	Server Sleep::26us
1653081725704484340::Server Total::1251us
1653081725879234479::	Server Work::1226us
1653081725879261737::	Server Sleep::521us
1653081725879269014::Server Total::1747us
1653081726004442603::	Server Work::1226us
1653081726004468361::	Server Sleep::25us
1653081726004474712::Server Total::1252us
1653081726129654499::	Server Work::1225us
1653081726129680645::	Server Sleep::26us
1653081726129686755::Server Total::1252us
1653081726254962068::	Server Work::1227us
1653081726254988547::	Server Sleep::25us
1653081726254994732::Server Total::1252us
1653081726380312633::	Server Work::1227us
1653081726380339131::	Server Sleep::25us
1653081726380345131::Server Total::1253us
1653081726505522137::	Server Work::1226us
1653081726505548042::	Server Sleep::26us
1653081726505560985::Server Total::1252us
1653081726630728695::	Server Work::1226us
1653081726630755489::	Server Sleep::25us
1653081726630763618::Server Total::1251us
1653081726755882703::	Server Work::1225us
1653081726755909145::	Server Sleep::26us
1653081726755918033::Server Total::1251us
1653081726931814481::	Server Work::1225us
1653081726931841923::	Server Sleep::532us
1653081726931850312::Server Total::1759us
1653081727057024416::	Server Work::1226us
1653081727057050303::	Server Sleep::26us
1653081727057057024::Server Total::1252us
1653081727182227249::	Server Work::1226us
1653081727182253580::	Server Sleep::25us
1653081727182261227::Server Total::1251us
1653081727307465338::	Server Work::1226us
1653081727307491854::	Server Sleep::26us
1653081727307498409::Server Total::1252us
1653081727432686799::	Server Work::1226us
1653081727432713389::	Server Sleep::25us
1653081727432721370::Server Total::1252us
1653081727557913407::	Server Work::1225us
1653081727557939275::	Server Sleep::25us
1653081727557946071::Server Total::1252us
1653081727683164754::	Server Work::1227us
1653081727683191456::	Server Sleep::26us
1653081727683197974::Server Total::1252us
1653081727857960127::	Server Work::1225us
1653081727857986273::	Server Sleep::521us
1653081727858000383::Server Total::1747us
1653081727983290339::	Server Work::1227us
1653081727983318281::	Server Sleep::25us
1653081727983332854::Server Total::1253us
1653081728108516905::	Server Work::1226us
1653081728108543125::	Server Sleep::26us
1653081728108551865::Server Total::1252us
1653081728233717665::	Server Work::1226us
1653081728233743867::	Server Sleep::25us
1653081728233751348::Server Total::1251us
1653081728359068116::	Server Work::1226us
1653081728359095207::	Server Sleep::26us
1653081728359115705::Server Total::1253us
1653081728484390588::	Server Work::1227us
1653081728484418401::	Server Sleep::25us
1653081728484426511::Server Total::1253us
1653081728609577609::	Server Work::1225us
1653081728609603903::	Server Sleep::26us
1653081728609612254::Server Total::1251us
1653081728734809496::	Server Work::1226us
1653081728734835716::	Server Sleep::25us
1653081728734934115::Server Total::1253us
1653081728910532356::	Server Work::1227us
1653081728910558150::	Server Sleep::530us
1653081728910573001::Server Total::1756us
1653081729035785575::	Server Work::1226us
1653081729035812924::	Server Sleep::25us
1653081729035819109::Server Total::1252us
1653081729160976249::	Server Work::1226us
1653081729161002025::	Server Sleep::25us
1653081729161008339::Server Total::1251us
1653081729286182071::	Server Work::1225us
1653081729286208050::	Server Sleep::26us
1653081729286214642::Server Total::1252us
1653081729411421963::	Server Work::1226us
1653081729411448943::	Server Sleep::25us
1653081729411456498::Server Total::1252us
1653081729536598695::	Server Work::1226us
1653081729536625322::	Server Sleep::26us
1653081729536632636::Server Total::1251us
1653081729661803942::	Server Work::1225us
1653081729661830070::	Server Sleep::25us
1653081729661836069::Server Total::1252us
1653081729836670428::	Server Work::1226us
1653081729836697278::	Server Sleep::522us
1653081729836705425::Server Total::1748us
1653081729961933560::	Server Work::1226us
1653081729961959113::	Server Sleep::25us
1653081729961965353::Server Total::1252us
1653081730087159812::	Server Work::1226us
1653081730087186699::	Server Sleep::26us
1653081730087192939::Server Total::1252us
1653081730212377125::	Server Work::1226us
1653081730212402956::	Server Sleep::25us
1653081730212408752::Server Total::1252us
1653081730337625473::	Server Work::1226us
1653081730337651619::	Server Sleep::25us
1653081730337657841::Server Total::1252us
1653081730462818344::	Server Work::1226us
1653081730462844231::	Server Sleep::26us
1653081730462850897::Server Total::1251us
1653081730588042323::	Server Work::1226us
1653081730588069617::	Server Sleep::25us
1653081730588076709::Server Total::1252us
1653081730713229324::	Server Work::1225us
1653081730713255081::	Server Sleep::26us
1653081730713261803::Server Total::1251us
1653081730887998621::	Server Work::1226us
1653081730888026377::	Server Sleep::520us
1653081730888035525::Server Total::1747us
1653081731013205922::	Server Work::1225us
1653081731013231642::	Server Sleep::26us
1653081731013238290::Server Total::1252us
1653081731138486820::	Server Work::1227us
1653081731138513392::	Server Sleep::25us
1653081731138519762::Server Total::1252us
1653081731263717389::	Server Work::1226us
1653081731263744035::	Server Sleep::26us
1653081731263749738::Server Total::1252us
1653081731388969179::	Server Work::1226us
1653081731388995362::	Server Sleep::25us
1653081731389001880::Server Total::1252us
1653081731514245633::	Server Work::1226us
1653081731514271501::	Server Sleep::25us
1653081731514278333::Server Total::1252us
1653081731639442538::	Server Work::1226us
1653081731639470110::	Server Sleep::26us
1653081731639478257::Server Total::1252us
1653081731764635814::	Server Work::1225us
1653081731764661867::	Server Sleep::25us
1653081731764667867::Server Total::1251us
1653081731940853717::	Server Work::1228us
1653081731940879567::	Server Sleep::533us
1653081731940903565::Server Total::1762us
1653081732065818903::	Server Work::1227us
1653081732065841790::	Server Sleep::23us
1653081732065862140::Server Total::1249us
1653081732190709838::	Server Work::1225us
1653081732190733169::	Server Sleep::22us
1653081732190743076::Server Total::1249us
1653081732315597218::	Server Work::1226us
1653081732315620771::	Server Sleep::22us
1653081732315627567::Server Total::1248us
1653081732440528334::	Server Work::1226us
1653081732440551314::	Server Sleep::22us
1653081732440562905::Server Total::1249us
1653081732565386328::	Server Work::1226us
1653081732565408789::	Server Sleep::22us
1653081732565417306::Server Total::1248us
1653081732690299557::	Server Work::1226us
1653081732690323147::	Server Sleep::22us
1653081732690333313::Server Total::1248us
1653081732865355840::	Server Work::1227us
1653081732865379079::	Server Sleep::523us
1653081732865392540::Server Total::1751us
1653081732990575227::	Server Work::1227us
1653081732990600558::	Server Sleep::23us
1653081732990622538::Server Total::1251us
1653081733115661888::	Server Work::1227us
1653081733115686145::	Server Sleep::23us
1653081733115784136::Server Total::1251us
1653081733240803011::	Server Work::1228us
1653081733240828639::	Server Sleep::22us
1653081733240854247::Server Total::1251us
1653081733365911971::	Server Work::1227us
1653081733365936580::	Server Sleep::23us
1653081733365960689::Server Total::1250us
1653081733490938012::	Server Work::1227us
1653081733490964343::	Server Sleep::22us
1653081733490984008::Server Total::1250us
1653081733615978774::	Server Work::1227us
1653081733616002698::	Server Sleep::23us
1653081733616015623::Server Total::1250us
1653081733741046256::	Server Work::1227us
1653081733741071920::	Server Sleep::22us
1653081733741092252::Server Total::1250us
1653081733916708528::	Server Work::1226us
1653081733916732544::	Server Sleep::529us
1653081733916759671::Server Total::1756us
1653081734041733545::	Server Work::1227us
1653081734041757895::	Server Sleep::22us
1653081734041766894::Server Total::1250us
1653081734166699103::	Server Work::1226us
1653081734166722175::	Server Sleep::22us
1653081734166729786::Server Total::1249us
1653081734291626332::	Server Work::1226us
1653081734291650848::	Server Sleep::23us
1653081734291657940::Server Total::1249us
1653081734416555282::	Server Work::1225us
1653081734416578613::	Server Sleep::22us
1653081734416588316::Server Total::1248us
1653081734541457457::	Server Work::1226us
1653081734541481140::	Server Sleep::22us
1653081734541488232::Server Total::1249us
1653081734666484676::	Server Work::1226us
1653081734666508230::	Server Sleep::23us
1653081734666517766::Server Total::1250us
1653081734840947829::	Server Work::1721us
1653081734840972067::	Server Sleep::22us
1653081734840982696::Server Total::1744us
1653081734965858818::	Server Work::1226us
1653081734965881853::	Server Sleep::22us
1653081734965889500::Server Total::1248us
1653081735091125940::	Server Work::1229us
1653081735091153975::	Server Sleep::23us
1653081735091175306::Server Total::1253us
1653081735216407800::	Server Work::1228us
1653081735216431446::	Server Sleep::23us
1653081735216454036::Server Total::1252us
1653081735341677642::	Server Work::1228us
1653081735341703269::	Server Sleep::23us
1653081735341725064::Server Total::1252us
1653081735466670158::	Server Work::1227us
1653081735466694415::	Server Sleep::23us
1653081735466711340::Server Total::1250us
1653081735591607494::	Server Work::1225us
1653081735591631955::	Server Sleep::22us
1653081735591637862::Server Total::1248us
1653081735716538405::	Server Work::1226us
1653081735716561755::	Server Sleep::23us
1653081735716569346::Server Total::1249us
1653081735891582763::	Server Work::1225us
1653081735891607761::	Server Sleep::523us
1653081735891615575::Server Total::1750us
1653081736016523399::	Server Work::1226us
1653081736016546416::	Server Sleep::23us
1653081736016552878::Server Total::1249us
1653081736141582985::	Server Work::1227us
1653081736141606409::	Server Sleep::22us
1653081736141612056::Server Total::1250us
1653081736266554745::	Server Work::1226us
1653081736266577780::	Server Sleep::22us
1653081736266583557::Server Total::1249us
1653081736391583833::	Server Work::1227us
1653081736391608201::	Server Sleep::23us
1653081736391614441::Server Total::1250us
1653081736516512060::	Server Work::1226us
1653081736516535114::	Server Sleep::22us
1653081736516540595::Server Total::1249us
1653081736641403032::	Server Work::1225us
1653081736641426548::	Server Sleep::23us
1653081736641432696::Server Total::1248us
1653081736766320149::	Server Work::1226us
1653081736766343295::	Server Sleep::22us
1653081736766349406::Server Total::1249us
1653081736942774992::	Server Work::1233us
1653081736942802638::	Server Sleep::530us
1653081736942827117::Server Total::1764us
1653081737068232624::	Server Work::1230us
1653081737068257214::	Server Sleep::24us
1653081737068285489::Server Total::1254us
1653081737193417980::	Server Work::1227us
1653081737193443700::	Server Sleep::22us
1653081737193464791::Server Total::1251us
1653081737321414035::	Server Work::1244us
1653081737321437699::	Server Sleep::35us
1653081737321475807::Server Total::1280us
1653081737446793577::	Server Work::1229us
1653081737446819500::	Server Sleep::23us
1653081737446980152::Server Total::1255us
1653081737575328173::	Server Work::1248us
1653081737575358337::	Server Sleep::36us
1653081737575393778::Server Total::1283us
1653081737703164057::	Server Work::1244us
1653081737703233773::	Server Sleep::35us
1653081737703283361::Server Total::1279us
1653081737878529106::	Server Work::1727us
1653081737878552919::	Server Sleep::24us
1653081737878578250::Server Total::1752us
1653081738006671643::	Server Work::1245us
1653081738006699214::	Server Sleep::35us
1653081738006728082::Server Total::1281us
1653081738131930928::	Server Work::1228us
1653081738131955740::	Server Sleep::23us
1653081738131977312::Server Total::1252us
1653081738256999471::	Server Work::1227us
1653081738257024691::	Server Sleep::23us
1653081738257044041::Server Total::1250us
1653081738384294562::	Server Work::1240us
1653081738384318375::	Server Sleep::32us
1653081738384344946::Server Total::1273us
1653081738509234599::	Server Work::1226us
1653081738509259078::	Server Sleep::22us
1653081738509266448::Server Total::1248us
1653081738634459258::	Server Work::1227us
1653081738634483515::	Server Sleep::23us
1653081738634507475::Server Total::1252us
1653081738759419441::	Server Work::1226us
1653081738759445809::	Server Sleep::23us
1653081738759465955::Server Total::1249us
1653081738934138179::	Server Work::1227us
1653081738934162232::	Server Sleep::519us
1653081738934187711::Server Total::1747us
1653081739059079645::	Server Work::1225us
1653081739059105087::	Server Sleep::23us
1653081739059114457::Server Total::1249us
1653081739184054063::	Server Work::1226us
1653081739184078283::	Server Sleep::22us
1653081739184087041::Server Total::1249us
1653081739309051534::	Server Work::1227us
1653081739309075198::	Server Sleep::22us
1653081739309083049::Server Total::1250us
1653081739434090630::	Server Work::1226us
1653081739434114257::	Server Sleep::23us
1653081739434123053::Server Total::1250us
1653081739559004035::	Server Work::1226us
1653081739559028588::	Server Sleep::22us
1653081739559036754::Server Total::1248us
1653081739683911774::	Server Work::1225us
1653081739683935734::	Server Sleep::23us
1653081739683942604::Server Total::1249us
1653081739859175741::	Server Work::1226us
1653081739859200590::	Server Sleep::525us
1653081739859209256::Server Total::1752us
1653081739984118791::	Server Work::1226us
1653081739984142103::	Server Sleep::22us
1653081739984149992::Server Total::1249us
1653081740109029156::	Server Work::1226us
1653081740109053061::	Server Sleep::23us
1653081740109060005::Server Total::1248us
1653081740233975648::	Server Work::1225us
1653081740233998905::	Server Sleep::22us
1653081740234005701::Server Total::1249us
1653081740358897106::	Server Work::1226us
1653081740358921456::	Server Sleep::22us
1653081740358928418::Server Total::1249us
1653081740483838470::	Server Work::1226us
1653081740483862838::	Server Sleep::23us
1653081740483871429::Server Total::1249us
1653081740608751428::	Server Work::1226us
1653081740608774982::	Server Sleep::22us
1653081740608781648::Server Total::1249us
1653081740733752712::	Server Work::1226us
1653081740733777302::	Server Sleep::23us
1653081740733800467::Server Total::1249us
1653081740909105901::	Server Work::1226us
1653081740909130584::	Server Sleep::526us
1653081740909144490::Server Total::1753us
1653081741034097639::	Server Work::1226us
1653081741034120693::	Server Sleep::22us
1653081741034126748::Server Total::1250us
1653081741159077130::	Server Work::1226us
1653081741159101480::	Server Sleep::23us
1653081741159107702::Server Total::1249us
1653081741284062732::	Server Work::1226us
1653081741284086637::	Server Sleep::22us
1653081741284092174::Server Total::1249us
1653081741408984877::	Server Work::1226us
1653081741409008486::	Server Sleep::22us
1653081741409015892::Server Total::1249us
1653081741533974775::	Server Work::1226us
1653081741533997809::	Server Sleep::23us
1653081741534003457::Server Total::1249us
1653081741658947377::	Server Work::1226us
1653081741658971301::	Server Sleep::22us
1653081741659063033::Server Total::1250us
1653081741834128189::	Server Work::1228us
1653081741834151501::	Server Sleep::523us
1653081741834160963::Server Total::1751us
1653081741959079998::	Server Work::1226us
1653081741959104199::	Server Sleep::23us
1653081741959110143::Server Total::1249us
1653081742083977724::	Server Work::1225us
1653081742084001463::	Server Sleep::22us
1653081742084006721::Server Total::1248us
1653081742208954313::	Server Work::1226us
1653081742208978126::	Server Sleep::22us
1653081742208983755::Server Total::1250us
1653081742335109008::	Server Work::1235us
1653081742335160800::	Server Sleep::26us
1653081742335189334::Server Total::1261us
1653081742463239712::	Server Work::1247us
1653081742463282856::	Server Sleep::33us
1653081742463327796::Server Total::1281us
1653081742591899140::	Server Work::1248us
1653081742591939025::	Server Sleep::37us
1653081742591974744::Server Total::1286us
1653081742719059514::	Server Work::1240us
1653081742719092640::	Server Sleep::30us
1653081742719116786::Server Total::1271us
1653081742896693305::	Server Work::1238us
1653081742896733134::	Server Sleep::537us
1653081742896772593::Server Total::1776us
1653081743024221328::	Server Work::1242us
1653081743024260546::	Server Sleep::32us
1653081743024295061::Server Total::1275us
1653081743150346144::	Server Work::1233us
1653081743150369735::	Server Sleep::26us
1653081743150392158::Server Total::1260us
1653081743278319425::	Server Work::1246us
1653081743278346126::	Server Sleep::33us
1653081743278369975::Server Total::1280us
1653081743406828744::	Server Work::1248us
1653081743406882980::	Server Sleep::36us
1653081743406915643::Server Total::1285us
1653081743533972126::	Server Work::1240us
1653081743534011789::	Server Sleep::30us
1653081743534047304::Server Total::1270us
1653081743661023517::	Server Work::1240us
1653081743661047663::	Server Sleep::29us
1653081743661072049::Server Total::1270us
1653081743837135128::	Server Work::1731us
1653081743837160867::	Server Sleep::28us
1653081743837186568::Server Total::1761us
1653081743963696457::	Server Work::1237us
1653081743963731176::	Server Sleep::28us
1653081743963763635::Server Total::1265us
1653081744090124748::	Server Work::1236us
1653081744090151023::	Server Sleep::27us
1653081744090174484::Server Total::1264us
1653081744217112266::	Server Work::1239us
1653081744217136320::	Server Sleep::29us
1653081744217158206::Server Total::1269us
1653081744344217643::	Server Work::1240us
1653081744344244900::	Server Sleep::30us
1653081744344269360::Server Total::1271us
1653081744470805146::	Server Work::1237us
1653081744470849846::	Server Sleep::28us
1653081744470906377::Server Total::1265us
1653081744597342414::	Server Work::1236us
1653081744597382188::	Server Sleep::27us
1653081744597416703::Server Total::1265us
1653081744724482547::	Server Work::1240us
1653081744724519895::	Server Sleep::30us
1653081744724554873::Server Total::1271us
1653081744901476263::	Server Work::1238us
1653081744901502482::	Server Sleep::531us
1653081744901526332::Server Total::1769us
1653081745027939518::	Server Work::1236us
1653081745027966682::	Server Sleep::28us
1653081745027991587::Server Total::1264us
1653081745154728589::	Server Work::1238us
1653081745154754438::	Server Sleep::28us
1653081745154777602::Server Total::1268us
1653081745280968011::	Server Work::1234us
1653081745281011303::	Server Sleep::26us
1653081745281051299::Server Total::1262us
1653081745407678552::	Server Work::1238us
1653081745407706882::	Server Sleep::29us
1653081745407730695::Server Total::1266us
1653081745534357856::	Server Work::1237us
1653081745534395685::	Server Sleep::28us
1653081745534431126::Server Total::1267us
1653081745660994756::	Server Work::1237us
1653081745661034363::	Server Sleep::28us
1653081745661068563::Server Total::1266us
1653081745838205555::	Server Work::1238us
1653081745838229811::	Server Sleep::532us
1653081745838252050::Server Total::1771us
1653081745965674241::	Server Work::1242us
1653081745965712126::	Server Sleep::32us
1653081745965744068::Server Total::1274us
1653081746093260849::	Server Work::1242us
1653081746093293512::	Server Sleep::32us
1653081746093505194::Server Total::1277us
1653081746221565522::	Server Work::1248us
1653081746221603277::	Server Sleep::34us
1653081746221645995::Server Total::1281us
1653081746348529998::	Server Work::1239us
1653081746348570605::	Server Sleep::29us
1653081746348603731::Server Total::1269us
1653081746475195967::	Server Work::1238us
1653081746475223039::	Server Sleep::28us
1653081746475246999::Server Total::1266us
1653081746602662356::	Server Work::1239us
1653081746602701796::	Server Sleep::34us
1653081746602738348::Server Total::1275us
1653081746729592243::	Server Work::1237us
1653081746729621295::	Server Sleep::31us
1653081746729644404::Server Total::1268us
1653081746907520188::	Server Work::1244us
1653081746907551610::	Server Sleep::534us
1653081746907578293::Server Total::1779us
1653081747035034196::	Server Work::1240us
1653081747035084598::	Server Sleep::34us
1653081747035140352::Server Total::1275us
1653081747163005792::	Server Work::1242us
1653081747163046510::	Server Sleep::36us
1653081747163078303::Server Total::1279us
1653081747290503436::	Server Work::1239us
1653081747290538710::	Server Sleep::34us
1653081747290573059::Server Total::1275us
1653081747417767105::	Server Work::1239us
1653081747417808360::	Server Sleep::33us
1653081747417843208::Server Total::1272us
1653081747545959530::	Server Work::1243us
1653081747546003562::	Server Sleep::37us
1653081747546037318::Server Total::1281us
1653081747673251955::	Server Work::1238us
1653081747673294506::	Server Sleep::34us
1653081747673332317::Server Total::1273us
1653081747851057320::	Server Work::1243us
1653081747851088928::	Server Sleep::534us
1653081747851116907::Server Total::1777us
1653081747978134601::	Server Work::1237us
1653081747978161765::	Server Sleep::32us
1653081747978184188::Server Total::1270us
1653081748105030050::	Server Work::1236us
1653081748105078156::	Server Sleep::32us
1653081748105109820::Server Total::1269us
1653081748232538919::	Server Work::1240us
1653081748232566083::	Server Sleep::34us
1653081748232591303::Server Total::1274us
1653081748359664272::	Server Work::1236us
1653081748359693788::	Server Sleep::33us
1653081748359716045::Server Total::1271us
1653081748487629131::	Server Work::1242us
1653081748487657295::	Server Sleep::36us
1653081748487679792::Server Total::1279us
1653081748614690176::	Server Work::1237us
1653081748614719543::	Server Sleep::34us
1653081748614742059::Server Total::1271us
1653081748741938590::	Server Work::1238us
1653081748741979549::	Server Sleep::33us
1653081748742006972::Server Total::1272us
1653081748919903037::	Server Work::1239us
1653081748919934108::	Server Sleep::539us
1653081748919959161::Server Total::1779us
1653081749047102019::	Server Work::1238us
1653081749047150329::	Server Sleep::33us
1653081749047191806::Server Total::1272us
1653081749174748657::	Server Work::1240us
1653081749174777580::	Server Sleep::34us
1653081749174799319::Server Total::1275us
1653081749302798846::	Server Work::1243us
1653081749302827121::	Server Sleep::37us
1653081749302851933::Server Total::1280us
1653081749429868859::	Server Work::1237us
1653081749429914132::	Server Sleep::32us
1653081749429945592::Server Total::1271us
1653081749557608562::	Server Work::1241us
1653081749557635467::	Server Sleep::35us
1653081749557660168::Server Total::1276us
1653081749684829745::	Server Work::1238us
1653081749684859908::	Server Sleep::33us
1653081749684882054::Server Total::1272us
1653081749862732133::	Server Work::1240us
1653081749862775425::	Server Sleep::538us
1653081749862814884::Server Total::1779us
1653081749990316482::	Server Work::1240us
1653081749990360162::	Server Sleep::35us
1653081749990390715::Server Total::1275us
1653081750117719848::	Server Work::1239us
1653081750117762843::	Server Sleep::34us
1653081750117796858::Server Total::1274us
1653081750245123076::	Server Work::1239us
1653081750245166867::	Server Sleep::33us
1653081750245197494::Server Total::1273us
1653081750372532340::	Server Work::1238us
1653081750372594871::	Server Sleep::35us
1653081750372635866::Server Total::1274us
1653081750500480696::	Server Work::1242us
1653081750500528136::	Server Sleep::36us
1653081750503174562::Server Total::1305us
1653081750631000672::	Server Work::1268us
1653081750631042853::	Server Sleep::36us
1653081750631086107::Server Total::1278us
1653081750758733606::	Server Work::1239us
1653081750758778305::	Server Sleep::36us
1653081750758800210::Server Total::1277us
1653081750936848503::	Server Work::1242us
1653081750936877408::	Server Sleep::538us
1653081750936905405::Server Total::1781us
1653081751064496037::	Server Work::1240us
1653081751064526700::	Server Sleep::35us
1653081751064548754::Server Total::1276us
1653081751192606535::	Server Work::1242us
1653081751192659900::	Server Sleep::38us
1653081751192700896::Server Total::1281us
1653081751320549810::	Server Work::1242us
1653081751320597194::	Server Sleep::36us
1653081751320628043::Server Total::1278us
1653081751448361877::	Server Work::1241us
1653081751448403613::	Server Sleep::36us
1653081751448440461::Server Total::1278us
1653081751575958467::	Server Work::1239us
1653081751576005795::	Server Sleep::35us
1653081751576040384::Server Total::1275us
1653081751703806733::	Server Work::1241us
1653081751703835564::	Server Sleep::36us
1653081751703860505::Server Total::1278us
1653081751881657730::	Server Work::1238us
1653081751881689208::	Server Sleep::539us
1653081751881716502::Server Total::1778us
1653081752009710082::	Server Work::1241us
1653081752009752948::	Server Sleep::38us
1653081752009788629::Server Total::1280us
1653081752137243655::	Server Work::1239us
1653081752137289502::	Server Sleep::35us
1653081752137326498::Server Total::1275us
1653081752265203035::	Server Work::1241us
1653081752265231106::	Server Sleep::37us
1653081752265254178::Server Total::1279us
1653081752393066091::	Server Work::1242us
1653081752393114679::	Server Sleep::35us
1653081752393155823::Server Total::1279us
1653081752521438224::	Server Work::1247us
1653081752521462591::	Server Sleep::36us
1653081752521483904::Server Total::1282us
1653081752646537888::	Server Work::1226us
1653081752646563552::	Server Sleep::23us
1653081752646580902::Server Total::1251us
1653081752821640233::	Server Work::1227us
1653081752821664379::	Server Sleep::523us
1653081752821677248::Server Total::1750us
1653081752946696254::	Server Work::1227us
1653081752946721511::	Server Sleep::23us
1653081752946730769::Server Total::1250us
1653081753071748456::	Server Work::1226us
1653081753071773287::	Server Sleep::23us
1653081753071780138::Server Total::1250us
1653081753196854878::	Server Work::1227us
1653081753196879654::	Server Sleep::24us
1653081753196887967::Server Total::1251us
1653081753321914676::	Server Work::1226us
1653081753321938636::	Server Sleep::23us
1653081753321946469::Server Total::1250us
1653081753446959438::	Server Work::1227us
1653081753446984565::	Server Sleep::23us
1653081753446994157::Server Total::1250us
1653081753571976629::	Server Work::1226us
1653081753572001200::	Server Sleep::23us
1653081753572008774::Server Total::1250us
1653081753697012614::	Server Work::1226us
1653081753697036797::	Server Sleep::23us
1653081753697044666::Server Total::1249us
1653081753871659274::	Server Work::1226us
1653081753871683697::	Server Sleep::519us
1653081753871692326::Server Total::1746us
1653081753996707443::	Server Work::1226us
1653081753996732144::	Server Sleep::24us
1653081753996741217::Server Total::1250us
1653081754121708215::	Server Work::1226us
1653081754121732046::	Server Sleep::23us
1653081754121739008::Server Total::1250us
1653081754246836895::	Server Work::1227us
1653081754246870114::	Server Sleep::23us
1653081754246889390::Server Total::1251us
1653081754372031865::	Server Work::1227us
1653081754372059251::	Server Sleep::24us
1653081754372080490::Server Total::1251us
1653081754497348841::	Server Work::1227us
1653081754497374579::	Server Sleep::25us
1653081754497400428::Server Total::1253us
1653081754622371199::	Server Work::1226us
1653081754622395567::	Server Sleep::23us
1653081754622416009::Server Total::1250us
1653081754747519100::	Server Work::1227us
1653081754747544264::	Server Sleep::23us
1653081754747550338::Server Total::1250us
1653081754922886248::	Server Work::1226us
1653081754922910930::	Server Sleep::527us
1653081754922993329::Server Total::1754us
1653081755047955095::	Server Work::1226us
1653081755047980629::	Server Sleep::23us
1653081755047990461::Server Total::1250us
1653081755173014454::	Server Work::1227us
1653081755173038284::	Server Sleep::23us
1653081755173043932::Server Total::1250us
1653081755297981174::	Server Work::1225us
1653081755298005005::	Server Sleep::24us
1653081755298011430::Server Total::1249us
1653081755422990779::	Server Work::1226us
1653081755423015165::	Server Sleep::23us
1653081755423022238::Server Total::1250us
1653081755548044546::	Server Work::1226us
1653081755548069358::	Server Sleep::23us
1653081755548075005::Server Total::1250us
1653081755672991564::	Server Work::1226us
1653081755673015377::	Server Sleep::23us
1653081755673020839::Server Total::1248us
1653081755847884183::	Server Work::1225us
1653081755847908847::	Server Sleep::523us
1653081755847915476::Server Total::1749us
1653081755972868050::	Server Work::1226us
1653081755972891640::	Server Sleep::23us
1653081755972897510::Server Total::1249us
1653081756097846792::	Server Work::1225us
1653081756097870789::	Server Sleep::23us
1653081756097877122::Server Total::1249us
1653081756222851422::	Server Work::1226us
1653081756222881234::	Server Sleep::24us
1653081756222886585::Server Total::1250us
1653081756347838480::	Server Work::1225us
1653081756347863273::	Server Sleep::23us
1653081756347868588::Server Total::1249us
1653081756472828982::	Server Work::1226us
1653081756472852720::	Server Sleep::23us
1653081756472858960::Server Total::1250us
1653081756597773192::	Server Work::1225us
1653081756597797245::	Server Sleep::24us
1653081756597803022::Server Total::1249us
1653081756722863072::	Server Work::1227us
1653081756722887422::	Server Sleep::23us
1653081756722892865::Server Total::1250us
1653081756897895600::	Server Work::1226us
1653081756897919819::	Server Sleep::523us
1653081756897926967::Server Total::1750us
1653081757022917217::	Server Work::1226us
1653081757022941492::	Server Sleep::24us
1653081757022947029::Server Total::1250us
1653081757147881027::	Server Work::1225us
1653081757147906505::	Server Sleep::23us
1653081757147912097::Server Total::1249us
1653081757272939585::	Server Work::1227us
1653081757272963175::	Server Sleep::23us
1653081757272969859::Server Total::1250us
1653081757397951574::	Server Work::1225us
1653081757397975572::	Server Sleep::23us
1653081757397982145::Server Total::1250us
1653081757523615215::	Server Work::1231us
1653081757523687948::	Server Sleep::26us
1653081757523729276::Server Total::1257us
1653081757649707975::	Server Work::1233us
1653081757649736065::	Server Sleep::26us
1653081757649762840::Server Total::1259us
1653081757825691566::	Server Work::1230us
1653081757825749208::	Server Sleep::529us
1653081757825795074::Server Total::1760us
1653081757951708576::	Server Work::1232us
1653081757951740165::	Server Sleep::27us
1653081757951768717::Server Total::1260us
1653081758079836502::	Server Work::1244us
1653081758079863758::	Server Sleep::35us
1653081758079889977::Server Total::1280us
1653081758205255401::	Server Work::1229us
1653081758205289305::	Server Sleep::24us
1653081758205317506::Server Total::1254us
1653081758333447275::	Server Work::1245us
1653081758333472476::	Server Sleep::36us
1653081758333501566::Server Total::1281us
1653081758460361919::	Server Work::1237us
1653081758460457057::	Server Sleep::31us
1653081758460503792::Server Total::1270us
1653081758586948728::	Server Work::1237us
1653081758586977743::	Server Sleep::28us
1653081758587009073::Server Total::1264us
1653081758712222884::	Server Work::1227us
1653081758712248122::	Server Sleep::24us
1653081758712268823::Server Total::1253us
1653081758888823651::	Server Work::1234us
1653081758888848204::	Server Sleep::531us
1653081758888872701::Server Total::1765us
1653081759013886790::	Server Work::1226us
1653081759013911657::	Server Sleep::24us
1653081759013918916::Server Total::1250us
1653081759138898598::	Server Work::1226us
165308175913