Starting server...Load arg=60000...Use n=60000 to load shuffling... OK
1653081602234289990::	Server Work::1236us
1653081602234296839::	Server Sleep::3us
1653081602234350737::Server Total::1240us
1653081602358244842::	Server Work::1236us
1653081602358248303::	Server Sleep::3us
1653081602358256428::Server Total::1239us
1653081602482208318::	Server Work::1236us
1653081602482212594::	Server Sleep::3us
1653081602482222145::Server Total::1239us
1653081602606124930::	Server Work::1235us
1653081602606128428::	Server Sleep::3us
1653081602606136017::Server Total::1239us
1653081602729949828::	Server Work::1235us
1653081602729953548::	Server Sleep::3us
1653081602729959545::Server Total::1238us
1653081602853782018::	Server Work::1234us
1653081602853785554::	Server Sleep::3us
1653081602853792199::Server Total::1237us
1653081602977536933::	Server Work::1234us
1653081602977545614::	Server Sleep::3us
1653081602977551981::Server Total::1237us
1653081603101397155::	Server Work::1235us
1653081603101400634::	Server Sleep::3us
1653081603101407816::Server Total::1238us
1653081603225529776::	Server Work::1237us
1653081603225535774::	Server Sleep::3us
1653081603225555764::Server Total::1241us
1653081603349556172::	Server Work::1236us
1653081603349559744::	Server Sleep::3us
1653081603349567351::Server Total::1240us
1653081603473568703::	Server Work::1237us
1653081603473573293::	Server Sleep::3us
1653081603473585732::Server Total::1240us
1653081603597630785::	Server Work::1236us
1653081603597634709::	Server Sleep::3us
1653081603597647110::Server Total::1240us
1653081603721659253::	Server Work::1237us
1653081603721663732::	Server Sleep::3us
1653081603721670507::Server Total::1240us
1653081603845619069::	Server Work::1235us
1653081603845622623::	Server Sleep::3us
1653081603845629342::Server Total::1239us
1653081603969614165::	Server Work::1236us
1653081603969618514::	Server Sleep::3us
1653081603969625067::Server Total::1239us
1653081604093602461::	Server Work::1236us
1653081604093606163::	Server Sleep::3us
1653081604093613882::Server Total::1240us
1653081604300502071::	Server Work::1423us
1653081604300508420::	Server Sleep::645us
1653081604300538258::Server Total::2068us
1653081604425765371::	Server Work::1248us
1653081604425769498::	Server Sleep::3us
1653081604425790840::Server Total::1252us
1653081604550754149::	Server Work::1247us
1653081604550759313::	Server Sleep::3us
1653081604550773288::Server Total::1250us
1653081604675826611::	Server Work::1246us
1653081604675830905::	Server Sleep::3us
1653081604675845787::Server Total::1250us
1653081604800796675::	Server Work::1246us
1653081604800800877::	Server Sleep::3us
1653081604800810502::Server Total::1249us
1653081604925749896::	Server Work::1246us
1653081604925754097::	Server Sleep::3us
1653081604925763241::Server Total::1249us
1653081605050744596::	Server Work::1246us
1653081605050750019::	Server Sleep::3us
1653081605050759404::Server Total::1250us
1653081605175658934::	Server Work::1246us
1653081605175662932::	Server Sleep::3us
1653081605175672484::Server Total::1248us
1653081605300604962::	Server Work::1245us
1653081605300609312::	Server Sleep::3us
1653081605300618031::Server Total::1249us
1653081605425514988::	Server Work::1246us
1653081605425518746::	Server Sleep::3us
1653081605425531203::Server Total::1249us
1653081605550526191::	Server Work::1246us
1653081605550530708::	Server Sleep::3us
1653081605550539741::Server Total::1249us
1653081605675618784::	Server Work::1247us
1653081605675622653::	Server Sleep::3us
1653081605675633426::Server Total::1251us
1653081605800537713::	Server Work::1245us
1653081605800542026::	Server Sleep::3us
1653081605800551892::Server Total::1249us
1653081605925362832::	Server Work::1245us
1653081605925366349::	Server Sleep::3us
1653081605925374808::Server Total::1247us
1653081606052981270::	Server Work::1272us
1653081606052988341::	Server Sleep::3us
1653081606053018310::Server Total::1276us
1653081606176990082::	Server Work::1237us
1653081606176993766::	Server Sleep::3us
1653081606177002762::Server Total::1239us
1653081606301022533::	Server Work::1236us
1653081606301026272::	Server Sleep::3us
1653081606301134967::Server Total::1241us
1653081606425202587::	Server Work::1238us
1653081606425206252::	Server Sleep::3us
1653081606425220950::Server Total::1241us
1653081606549339068::	Server Work::1238us
1653081606549343084::	Server Sleep::3us
1653081606549349952::Server Total::1240us
1653081606673435972::	Server Work::1237us
1653081606673439415::	Server Sleep::3us
1653081606673448800::Server Total::1241us
1653081606797412909::	Server Work::1236us
1653081606797416463::	Server Sleep::3us
1653081606797423460::Server Total::1239us
1653081606921467351::	Server Work::1237us
1653081606921470757::	Server Sleep::3us
1653081606921477550::Server Total::1240us
1653081607045402873::	Server Work::1235us
1653081607045406686::	Server Sleep::3us
1653081607045412832::Server Total::1239us
1653081607169488521::	Server Work::1237us
1653081607169492038::	Server Sleep::3us
1653081607169501589::Server Total::1240us
1653081607293547883::	Server Work::1237us
1653081607293551696::	Server Sleep::3us
1653081607293557897::Server Total::1241us
1653081607417599082::	Server Work::1237us
1653081607417602636::	Server Sleep::3us
1653081607417610170::Server Total::1240us
1653081607541594803::	Server Work::1236us
1653081607541598598::	Server Sleep::3us
1653081607541605299::Server Total::1239us
1653081607665646742::	Server Work::1236us
1653081607665650185::	Server Sleep::3us
1653081607665657645::Server Total::1240us
1653081607789628174::	Server Work::1236us
1653081607789631987::	Server Sleep::3us
1653081607789639373::Server Total::1239us
1653081607913614640::	Server Work::1236us
1653081607913618490::	Server Sleep::3us
1653081607913633280::Server Total::1240us
1653081608037742107::	Server Work::1238us
1653081608037746457::	Server Sleep::3us
1653081608037756934::Server Total::1241us
1653081608161765394::	Server Work::1236us
1653081608161769244::	Server Sleep::3us
1653081608161776907::Server Total::1239us
1653081608285739681::	Server Work::1236us
1653081608285743402::	Server Sleep::3us
1653081608285750196::Server Total::1240us
1653081608409739200::	Server Work::1236us
1653081608409742772::	Server Sleep::3us
1653081608409749696::Server Total::1239us
1653081608533818187::	Server Work::1237us
1653081608533821926::	Server Sleep::3us
1653081608533828423::Server Total::1240us
1653081608657893749::	Server Work::1237us
1653081608657897359::	Server Sleep::3us
1653081608657904319::Server Total::1241us
1653081608781969053::	Server Work::1237us
1653081608781972681::	Server Sleep::3us
1653081608781978975::Server Total::1240us
1653081608906067865::	Server Work::1237us
1653081608906071308::	Server Sleep::3us
1653081608906077769::Server Total::1240us
1653081609030116598::	Server Work::1237us
1653081609030120430::	Server Sleep::3us
1653081609030126705::Server Total::1240us
1653081609154135866::	Server Work::1236us
1653081609154139364::	Server Sleep::3us
1653081609154145399::Server Total::1240us
1653081609278123219::	Server Work::1236us
1653081609278126959::	Server Sleep::3us
1653081609278133715::Server Total::1239us
1653081609402264607::	Server Work::1238us
1653081609402268050::	Server Sleep::3us
1653081609402275473::Server Total::1241us
1653081609526252775::	Server Work::1236us
1653081609526256700::	Server Sleep::3us
1653081609526263290::Server Total::1240us
1653081609650239426::	Server Work::1236us
1653081609650242906::	Server Sleep::3us
1653081609650249255::Server Total::1239us
1653081609774304491::	Server Work::1237us
1653081609774308211::	Server Sleep::3us
1653081609774314968::Server Total::1240us
1653081609898283570::	Server Work::1236us
1653081609898286920::	Server Sleep::3us
1653081609898293048::Server Total::1240us
1653081610022289338::	Server Work::1236us
1653081610022293170::	Server Sleep::3us
1653081610022299760::Server Total::1239us
1653081610146234337::	Server Work::1236us
1653081610146237725::	Server Sleep::3us
1653081610146244000::Server Total::1239us
1653081610270353512::	Server Work::1237us
1653081610270357252::	Server Sleep::3us
1653081610270363342::Server Total::1241us
1653081610394404675::	Server Work::1237us
1653081610394408248::	Server Sleep::3us
1653081610394486349::Server Total::1241us
1653081610518504506::	Server Work::1237us
1653081610518508301::	Server Sleep::3us
1653081610518515502::Server Total::1239us
1653081610642603781::	Server Work::1237us
1653081610642607280::	Server Sleep::3us
1653081610642614240::Server Total::1241us
1653081610766647799::	Server Work::1237us
1653081610766651520::	Server Sleep::3us
1653081610766659220::Server Total::1240us
1653081610890703793::	Server Work::1236us
1653081610890707237::	Server Sleep::3us
1653081610890714382::Server Total::1240us
1653081611014795496::	Server Work::1237us
1653081611014799310::	Server Sleep::3us
1653081611014805789::Server Total::1240us
1653081611138817809::	Server Work::1237us
1653081611138821419::	Server Sleep::3us
1653081611138829268::Server Total::1240us
1653081611262862836::	Server Work::1236us
1653081611262866909::	Server Sleep::3us
1653081611262876183::Server Total::1240us
1653081611386909695::	Server Work::1237us
1653081611386913305::	Server Sleep::3us
1653081611386920451::Server Total::1240us
1653081611510999910::	Server Work::1237us
1653081611511003946::	Server Sleep::3us
1653081611511011147::Server Total::1240us
1653081611634965465::	Server Work::1236us
1653081611634969093::	Server Sleep::3us
1653081611634975536::Server Total::1239us
1653081611759058845::	Server Work::1237us
1653081611759062788::	Server Sleep::3us
1653081611759070230::Server Total::1241us
1653081611883001223::	Server Work::1236us
1653081611883004981::	Server Sleep::3us
1653081611883014589::Server Total::1239us
1653081612007004452::	Server Work::1236us
1653081612007008673::	Server Sleep::3us
1653081612007015096::Server Total::1239us
1653081612131028067::	Server Work::1236us
1653081612131031714::	Server Sleep::3us
1653081612131038341::Server Total::1240us
1653081612255072545::	Server Work::1237us
1653081612255076581::	Server Sleep::3us
1653081612255083911::Server Total::1240us
1653081612379033182::	Server Work::1236us
1653081612379036829::	Server Sleep::3us
1653081612379043548::Server Total::1239us
1653081612502982378::	Server Work::1235us
1653081612502986321::	Server Sleep::3us
1653081612502993170::Server Total::1239us
1653081612627028078::	Server Work::1237us
1653081612627031817::	Server Sleep::3us
1653081612627039111::Server Total::1240us
1653081612751044621::	Server Work::1236us
1653081612751048545::	Server Sleep::3us
1653081612751054747::Server Total::1240us
1653081612875156613::	Server Work::1238us
1653081612875160204::	Server Sleep::3us
1653081612875166609::Server Total::1240us
1653081612999146110::	Server Work::1236us
1653081612999150127::	Server Sleep::3us
1653081612999156162::Server Total::1240us
1653081613123220652::	Server Work::1237us
1653081613123224318::	Server Sleep::3us
1653081613123231112::Server Total::1240us
1653081613247203087::	Server Work::1236us
1653081613247207011::	Server Sleep::3us
1653081613247213046::Server Total::1239us
1653081613371286617::	Server Work::1237us
1653081613371290245::	Server Sleep::3us
1653081613371296058::Server Total::1241us
1653081613495327384::	Server Work::1236us
1653081613495331327::	Server Sleep::4us
1653081613495337751::Server Total::1239us
1653081613619401473::	Server Work::1237us
1653081613619405120::	Server Sleep::3us
1653081613619411821::Server Total::1241us
1653081613743391275::	Server Work::1236us
1653081613743395292::	Server Sleep::3us
1653081613743401346::Server Total::1239us
1653081613867556574::	Server Work::1238us
1653081613867560499::	Server Sleep::3us
1653081613867568885::Server Total::1241us
1653081613991878118::	Server Work::1239us
1653081613991882154::	Server Sleep::3us
1653081613991889003::Server Total::1243us
1653081614116111874::	Server Work::1239us
1653081614116115298::	Server Sleep::3us
1653081614116121852::Server Total::1242us
1653081614240376568::	Server Work::1238us
1653081614240380548::	Server Sleep::3us
1653081614240386953::Server Total::1242us
1653081614368649226::	Server Work::1279us
1653081614368653761::	Server Sleep::3us
1653081614368683900::Server Total::1283us
1653081614494076415::	Server Work::1251us
1653081614494081635::	Server Sleep::3us
1653081614494183158::Server Total::1254us
1653081614619512897::	Server Work::1250us
1653081614619516988::	Server Sleep::3us
1653081614619531002::Server Total::1253us
1653081614744651697::	Server Work::1248us
1653081614744655678::	Server Sleep::3us
1653081614744667451::Server Total::1251us
1653081614869815249::	Server Work::1248us
1653081614869818896::	Server Sleep::3us
1653081614869828911::Server Total::1251us
1653081614995032173::	Server Work::1248us
1653081614995037041::	Server Sleep::3us
1653081614995047723::Server Total::1252us
1653081615120083154::	Server Work::1247us
1653081615120087005::	Server Sleep::3us
1653081615120097834::Server Total::1250us
1653081615245258337::	Server Work::1247us
1653081615245262410::	Server Sleep::4us
1653081615245272314::Server Total::1251us
1653081615370370337::	Server Work::1247us
1653081615370373947::	Server Sleep::3us
1653081615370385332::Server Total::1251us
1653081615495608519::	Server Work::1249us
1653081615495613166::	Server Sleep::3us
1653081615495627624::Server Total::1252us
1653081615620687437::	Server Work::1247us
1653081615620690806::	Server Sleep::3us
1653081615620700970::Server Total::1250us
1653081615745916862::	Server Work::1248us
1653081615745921028::	Server Sleep::3us
1653081615745931302::Server Total::1252us
1653081615870902920::	Server Work::1246us
1653081615870906937::	Server Sleep::3us
1653081615870918230::Server Total::1249us
1653081616040487159::	Server Work::1433us
1653081616049317005::	Server Sleep::350us
1653081616049347144::Server Total::1784us
1653081616304575295::	Server Work::1260us
1653081616304579905::	Server Sleep::1291us
1653081616304610506::Server Total::2552us
1653081616434404269::	Server Work::1294us
1653081616434410971::	Server Sleep::3us
1653081616434437537::Server Total::1298us
1653081616560453470::	Server Work::1257us
1653081616560457117::	Server Sleep::3us
1653081616560470335::Server Total::1260us
1653081616684726008::	Server Work::1239us
1653081616684730618::	Server Sleep::3us
1653081616684741170::Server Total::1242us
1653081616808958854::	Server Work::1238us
1653081616808962446::	Server Sleep::3us
1653081616808971036::Server Total::1242us
1653081616933242741::	Server Work::1239us
1653081616933246684::	Server Sleep::3us
1653081616933253590::Server Total::1242us
1653081617057523049::	Server Work::1239us
1653081617057526751::	Server Sleep::3us
1653081617057536378::Server Total::1242us
1653081617181786129::	Server Work::1238us
1653081617181790646::	Server Sleep::3us
1653081617181799440::Server Total::1242us
1653081617306021051::	Server Work::1239us
1653081617306024716::	Server Sleep::3us
1653081617306031400::Server Total::1242us
1653081617430231350::	Server Work::1238us
1653081617430235386::	Server Sleep::4us
1653081617430243624::Server Total::1242us
1653081617554539343::	Server Work::1239us
1653081617554542879::	Server Sleep::3us
1653081617554550099::Server Total::1242us
1653081617678734925::	Server Work::1238us
1653081617678738794::	Server Sleep::3us
1653081617678745996::Server Total::1242us
1653081617803034235::	Server Work::1239us
1653081617803037919::	Server Sleep::3us
1653081617803044824::Server Total::1242us
1653081617928176092::	Server Work::1247us
1653081617928181053::	Server Sleep::3us
1653081617928199140::Server Total::1251us
1653081618052702577::	Server Work::1242us
1653081618052706187::	Server Sleep::3us
1653081618052716999::Server Total::1245us
1653081618177084357::	Server Work::1240us
1653081618177088485::	Server Sleep::3us
1653081618177096224::Server Total::1243us
1653081618301778435::	Server Work::1243us
1653081618301782045::	Server Sleep::3us
1653081618301791264::Server Total::1247us
1653081618426017996::	Server Work::1238us
1653081618426021902::	Server Sleep::3us
1653081618426030011::Server Total::1242us
1653081618550288992::	Server Work::1239us
1653081618550292584::	Server Sleep::3us
1653081618550301063::Server Total::1242us
1653081618674580316::	Server Work::1239us
1653081618674584112::	Server Sleep::3us
1653081618674591480::Server Total::1242us
1653081618798828986::	Server Work::1239us
1653081618798832485::	Server Sleep::3us
1653081618798923052::Server Total::1243us
1653081618923070824::	Server Work::1238us
1653081618923075230::	Server Sleep::3us
1653081618923082895::Server Total::1241us
1653081619047307121::	Server Work::1239us
1653081619047310842::	Server Sleep::3us
1653081619047317951::Server Total::1242us
1653081619171522528::	Server Work::1238us
1653081619171526841::	Server Sleep::3us
1653081619171533080::Server Total::1242us
1653081619328680579::	Server Work::1427us
1653081619329938763::	Server Sleep::155us
1653081619329980695::Server Total::1584us
1653081619581976099::	Server Work::1286us
1653081619583238856::	Server Sleep::1247us
1653081619583272957::Server Total::2532us
1653081619882957563::	Server Work::1334us
1653081619884218153::	Server Sleep::1674us
1653081619884254939::Server Total::3010us
1653081620140188905::	Server Work::1326us
1653081620141524372::	Server Sleep::1245us
1653081620141581986::Server Total::2572us
1653081620382282743::	Server Work::1267us
1653081620382287297::	Server Sleep::1140us
1653081620382318585::Server Total::2407us
1653081620507140200::	Server Work::1245us
1653081620507145532::	Server Sleep::3us
1653081620507160379::Server Total::1248us
1653081620631374976::	Server Work::1238us
1653081620631378623::	Server Sleep::3us
1653081620631387880::Server Total::1242us
1653081620755779835::	Server Work::1240us
1653081620755784834::	Server Sleep::3us
1653081620755796404::Server Total::1244us
1653081620879870762::	Server Work::1237us
1653081620879874409::	Server Sleep::3us
1653081620879881222::Server Total::1240us
1653081621004221329::	Server Work::1240us
1653081621004225143::	Server Sleep::3us
1653081621004232067::Server Total::1243us
1653081621128380410::	Server Work::1238us
1653081621128383853::	Server Sleep::3us
1653081621128390426::Server Total::1241us
1653081621252678564::	Server Work::1239us
1653081621252682304::	Server Sleep::3us
1653081621252688821::Server Total::1242us
1653081621376869932::	Server Work::1238us
1653081621376873320::	Server Sleep::3us
1653081621376879763::Server Total::1242us
1653081621501266578::	Server Work::1240us
1653081621501270466::	Server Sleep::3us
1653081621501278131::Server Total::1243us
1653081621627605741::	Server Work::1260us
1653081621627610129::	Server Sleep::3us
1653081621627627162::Server Total::1263us
1653081621751960158::	Server Work::1239us
1653081621751965361::	Server Sleep::3us
1653081621751973729::Server Total::1243us
1653081621876095152::	Server Work::1238us
1653081621876098911::	Server Sleep::3us
1653081621876106298::Server Total::1241us
1653081622000433703::	Server Work::1239us
1653081622000437702::	Server Sleep::3us
1653081622000445256::Server Total::1243us
1653081622124550810::	Server Work::1237us
1653081622124554383::	Server Sleep::3us
1653081622124561029::Server Total::1241us
1653081622248842292::	Server Work::1239us
1653081622248846162::	Server Sleep::3us
1653081622248852475::Server Total::1242us
1653081622372980982::	Server Work::1238us
1653081622372984573::	Server Sleep::3us
1653081622372991942::Server Total::1241us
1653081622497294588::	Server Work::1239us
1653081622497298569::	Server Sleep::3us
1653081622497306252::Server Total::1243us
1653081622621501482::	Server Work::1238us
1653081622621505111::	Server Sleep::3us
1653081622621512572::Server Total::1241us
1653081622745830418::	Server Work::1240us
1653081622745834509::	Server Sleep::3us
1653081622745841119::Server Total::1243us
1653081622870090927::	Server Work::1238us
1653081622870094611::	Server Sleep::3us
1653081622870101684::Server Total::1242us
1653081622994307781::	Server Work::1238us
1653081622994311484::	Server Sleep::3us
1653081622994317705::Server Total::1242us
1653081623118538992::	Server Work::1239us
1653081623118542510::	Server Sleep::3us
1653081623118549138::Server Total::1242us
1653081623242768178::	Server Work::1238us
1653081623242772047::	Server Sleep::3us
1653081623242778305::Server Total::1242us
1653081623366951209::	Server Work::1238us
1653081623366954874::	Server Sleep::3us
1653081623366961521::Server Total::1241us
1653081623491281887::	Server Work::1239us
1653081623491286108::	Server Sleep::3us
1653081623491365847::Server Total::1243us
1653081623615550655::	Server Work::1239us
1653081623615554414::	Server Sleep::3us
1653081623615562115::Server Total::1242us
1653081623739769770::	Server Work::1239us
1653081623739773954::	Server Sleep::3us
1653081623739780526::Server Total::1241us
1653081623864090802::	Server Work::1239us
1653081623864094505::	Server Sleep::3us
1653081623864101207::Server Total::1243us
1653081623988316045::	Server Work::1238us
1653081623988319840::	Server Sleep::3us
1653081623988326005::Server Total::1242us
1653081624112700571::	Server Work::1240us
1653081624112704163::	Server Sleep::3us
1653081624112710587::Server Total::1243us
1653081624236851234::	Server Work::1238us
1653081624236855085::	Server Sleep::3us
1653081624236861158::Server Total::1241us
1653081624361271256::	Server Work::1240us
1653081624361274810::	Server Sleep::3us
1653081624361282142::Server Total::1244us
1653081624534215275::	Server Work::1571us
1653081624534226958::	Server Sleep::157us
1653081624534279944::Server Total::1729us
1653081624780139753::	Server Work::1342us
1653081624780146010::	Server Sleep::1117us
1653081624780183575::Server Total::2459us
1653081625097382706::	Server Work::1363us
1653081625097390445::	Server Sleep::1808us
1653081625097423418::Server Total::3172us
1653081625390950831::	Server Work::1349us
1653081625394902248::	Server Sleep::1625us
1653081625394943331::Server Total::2975us
1653081625642938915::	Server Work::1253us
1653081625643057941::	Server Sleep::1228us
1653081625643088971::Server Total::2480us
1653081625862602870::	Server Work::1254us
1653081625862607814::	Server Sleep::939us
1653081625862638973::Server Total::2195us
1653081626034611983::	Server Work::1331us
1653081626038837612::	Server Sleep::431us
1653081626038879269::Server Total::1762us
1653081626330567497::	Server Work::1305us
1653081626334864554::	Server Sleep::1654us
1653081626334896213::Server Total::2960us
1653081626622579055::	Server Work::1358us
1653081626626883443::	Server Sleep::1561us
1653081626626929506::Server Total::2920us
1653081626956181826::	Server Work::1258us
1653081626956189528::	Server Sleep::2034us
1653081626956241701::Server Total::3292us
1653081627211434533::	Server Work::1247us
1653081627211443309::	Server Sleep::1303us
1653081627211475282::Server Total::2552us
1653081627405437387::	Server Work::1253us
1653081627405442515::	Server Sleep::687us
1653081627405474600::Server Total::1940us
1653081627604369925::	Server Work::1283us
1653081627604375998::	Server Sleep::705us
1653081627604406139::Server Total::1989us
1653081627892826753::	Server Work::1244us
1653081627892831863::	Server Sleep::1639us
1653081627892863448::Server Total::2884us
1653081628141453027::	Server Work::1246us
1653081628141460062::	Server Sleep::1240us
1653081628141493184::Server Total::2486us
1653081628399867492::	Server Work::1240us
1653081628402868608::	Server Sleep::1372us
1653081628402897342::Server Total::2613us
1653081628642610657::	Server Work::1244us
1653081628642616860::	Server Sleep::1152us
1653081628642648797::Server Total::2397us
1653081628881360197::	Server Work::1244us
1653081628881364696::	Server Sleep::1143us
1653081628881395263::Server Total::2387us
1653081629118585410::	Server Work::1246us
1653081629118592797::	Server Sleep::1125us
1653081629118621291::Server Total::2372us
1653081629351822057::	Server Work::1242us
1653081629354911239::	Server Sleep::1120us
1653081629354940436::Server Total::2363us
1653081629593424919::	Server Work::1244us
1653081629593434361::	Server Sleep::1140us
1653081629593463651::Server Total::2384us
1653081629819862102::	Server Work::1247us
1653081629819867286::	Server Sleep::1016us
1653081629819896650::Server Total::2264us
1653081630096105567::	Server Work::1242us
1653081630096111639::	Server Sleep::1520us
1653081630096139041::Server Total::2762us
1653081630373388861::	Server Work::1284us
1653081630373393768::	Server Sleep::1487us
1653081630373424427::Server Total::2772us
1653081630650582750::	Server Work::1243us
1653081630654874432::	Server Sleep::1570us
1653081630654918311::Server Total::2815us
1653081630925334189::	Server Work::1246us
1653081630930887680::	Server Sleep::1513us
1653081630931048255::Server Total::2761us
1653081631200099756::	Server Work::1245us
1653081631200107699::	Server Sleep::1447us
1653081631200139118::Server Total::2690us
1653081631480219528::	Server Work::1244us
1653081631480230137::	Server Sleep::1555us
1653081631480273923::Server Total::2801us
1653081631752091629::	Server Work::1243us
1653081631752098479::	Server Sleep::1474us
1653081631752128306::Server Total::2718us
1653081631988105385::	Server Work::1244us
1653081631988109939::	Server Sleep::1115us
1653081631988134804::Server Total::2359us
1653081632225081985::	Server Work::1244us
1653081632230866146::	Server Sleep::1183us
1653081632230897010::Server Total::2428us
1653081632466584865::	Server Work::1243us
1653081632466589234::	Server Sleep::1113us
1653081632466619653::Server Total::2356us
1653081632706623787::	Server Work::1244us
1653081632710865397::	Server Sleep::1198us
1653081632710895594::Server Total::2442us
1653081632949362989::	Server Work::1243us
1653081632949367395::	Server Sleep::1140us
1653081632949394741::Server Total::2385us
1653081633196125091::	Server Work::1245us
1653081633196131664::	Server Sleep::1222us
1653081633196155973::Server Total::2467us
1653081633437448266::	Server Work::1244us
1653081633437454653::	Server Sleep::1168us
1653081633437494941::Server Total::2413us
1653081633677098134::	Server Work::1246us
1653081633682865113::	Server Sleep::1207us
1653081633682894644::Server Total::2453us
1653081633918571184::	Server Work::1244us
1653081633918575979::	Server Sleep::1112us
1653081633918602899::Server Total::2357us
1653081634159863378::	Server Work::1283us
1653081634159869636::	Server Sleep::1128us
1653081634159896426::Server Total::2412us
1653081634402608905::	Server Work::1247us
1653081634402614737::	Server Sleep::1179us
1653081634402642064::Server Total::2427us
1653081634709430388::	Server Work::1252us
1653081634709441738::	Server Sleep::1816us
1653081634709493356::Server Total::3068us
1653081634879540632::	Server Work::1261us
1653081634879545038::	Server Sleep::439us
1653081634879575273::Server Total::1701us
1653081635003574164::	Server Work::1236us
1653081635003580145::	Server Sleep::3us
1653081635003592809::Server Total::1239us
1653081635127551105::	Server Work::1236us
1653081635127555049::	Server Sleep::3us
1653081635127566658::Server Total::1240us
1653081635251517178::	Server Work::1236us
1653081635251521455::	Server Sleep::3us
1653081635251530009::Server Total::1239us
1653081635375550960::	Server Work::1236us
1653081635375554848::	Server Sleep::3us
1653081635375567049::Server Total::1240us
1653081635499589758::	Server Work::1237us
1653081635499594683::	Server Sleep::3us
1653081635499605662::Server Total::1239us
1653081635623654921::	Server Work::1237us
1653081635623658735::	Server Sleep::3us
1653081635623667937::Server Total::1240us
1653081635747677501::	Server Work::1236us
1653081635747681630::	Server Sleep::3us
1653081635747690332::Server Total::1240us
1653081635871627022::	Server Work::1236us
1653081635871630725::	Server Sleep::3us
1653081635871637797::Server Total::1239us
1653081635995580394::	Server Work::1235us
1653081635995585152::	Server Sleep::3us
1653081635995594465::Server Total::1239us
1653081636119581320::	Server Work::1237us
1653081636119585060::	Server Sleep::3us
1653081636119593873::Server Total::1240us
1653081636243582431::	Server Work::1236us
1653081636243587226::	Server Sleep::3us
1653081636243593762::Server Total::1239us
1653081636367594335::	Server Work::1236us
1653081636367598464::	Server Sleep::3us
1653081636367607425::Server Total::1240us
1653081636491806421::	Server Work::1238us
1653081636491812179::	Server Sleep::3us
1653081636491834526::Server Total::1242us
1653081636616092046::	Server Work::1239us
1653081636616096601::	Server Sleep::3us
1653081636616128983::Server Total::1242us
1653081636740629712::	Server Work::1241us
1653081636740636877::	Server Sleep::3us
1653081636740660724::Server Total::1245us
1653081636864597589::	Server Work::1236us
1653081636864601829::	Server Sleep::3us
1653081636864699864::Server Total::1240us
1653081636988651651::	Server Work::1237us
1653081636988657132::	Server Sleep::3us
1653081636988669740::Server Total::1239us
1653081637112805261::	Server Work::1237us
1653081637112809315::	Server Sleep::3us
1653081637112819350::Server Total::1241us
1653081637236705436::	Server Work::1235us
1653081637236709787::	Server Sleep::3us
1653081637236715138::Server Total::1239us
1653081637360688984::	Server Work::1236us
1653081637360692502::	Server Sleep::3us
1653081637360699186::Server Total::1239us
1653081637484671180::	Server Work::1236us
1653081637484675346::	Server Sleep::3us
1653081637484681604::Server Total::1239us
1653081637608610163::	Server Work::1236us
1653081637608613884::	Server Sleep::3us
1653081637608620438::Server Total::1239us
1653081637732622945::	Server Work::1236us
1653081637732626777::	Server Sleep::3us
1653081637732633276::Server Total::1240us
1653081637856537395::	Server Work::1235us
1653081637856541228::	Server Sleep::3us
1653081637856550282::Server Total::1238us
1653081637980538291::	Server Work::1236us
1653081637980543290::	Server Sleep::3us
1653081637980556436::Server Total::1240us
1653081638104475771::	Server Work::1235us
1653081638104479326::	Server Sleep::3us
1653081638104485325::Server Total::1239us
1653081638228471731::	Server Work::1236us
1653081638228475527::	Server Sleep::3us
1653081638228481878::Server Total::1239us
1653081638352383191::	Server Work::1235us
1653081638352386745::	Server Sleep::3us
1653081638352392874::Server Total::1239us
1653081638476414866::	Server Work::1237us
1653081638476418791::	Server Sleep::3us
1653081638476426364::Server Total::1240us
1653081638600316734::	Server Work::1235us
1653081638600320382::	Server Sleep::3us
1653081638600326140::Server Total::1238us
1653081638724270481::	Server Work::1236us
1653081638724274369::	Server Sleep::3us
1653081638724281090::Server Total::1239us
1653081638848114287::	Server Work::1234us
1653081638848117842::	Server Sleep::3us
1653081638848123526::Server Total::1238us
1653081638972027691::	Server Work::1235us
1653081638972031949::	Server Sleep::3us
1653081638972038374::Server Total::1239us
1653081639095892051::	Server Work::1235us
1653081639095895828::	Server Sleep::3us
1653081639095900994::Server Total::1238us
1653081639219945232::	Server Work::1237us
1653081639219949361::	Server Sleep::3us
1653081639219955045::Server Total::1240us
1653081639343924243::	Server Work::1235us
1653081639343928038::	Server Sleep::3us
1653081639343933648::Server Total::1239us
1653081639467984959::	Server Work::1237us
1653081639467989107::	Server Sleep::3us
1653081639467996124::Server Total::1240us
1653081639591974116::	Server Work::1236us
1653081639591977967::	Server Sleep::3us
1653081639591983522::Server Total::1240us
1653081639715912580::	Server Work::1236us
1653081639715916653::	Server Sleep::3us
1653081639715922541::Server Total::1239us
1653081639926168782::	Server Work::1426us
1653081639927413587::	Server Sleep::688us
1653081639927461355::Server Total::2114us
1653081640180029488::	Server Work::1317us
1653081640181294606::	Server Sleep::1220us
1653081640181336802::Server Total::2539us
1653081640412550798::	Server Work::1289us
1653081640412557704::	Server Sleep::1023us
1653081640412602380::Server Total::2312us
1653081640540925834::	Server Work::1278us
1653081640540948829::	Server Sleep::4us
1653081640540989710::Server Total::1283us
1653081640774105735::	Server Work::1307us
1653081640774110493::	Server Sleep::1025us
1653081640774154151::Server Total::2331us
1653081640898666531::	Server Work::1241us
1653081640898671734::	Server Sleep::3us
1653081640898697043::Server Total::1245us
1653081641027456361::	Server Work::1284us
1653081641027460935::	Server Sleep::3us
1653081641027491891::Server Total::1288us
1653081641151400427::	Server Work::1235us
1653081641151404796::	Server Sleep::3us
1653081641151412295::Server Total::1239us
1653081641275366321::	Server Work::1236us
1653081641275370524::	Server Sleep::3us
1653081641275383984::Server Total::1239us
1653081641399369023::	Server Work::1236us
165308164139937